
main.elf:     file format elf32-or32

Sections:
Idx Name          Size      VMA       LMA       File off  Algn
  0 .vectors      00002000  00000000  00000000  00002000  2**0
                  CONTENTS, ALLOC, LOAD, READONLY, CODE
  1 .init         00000028  00002000  00002000  00004000  2**0
                  CONTENTS, ALLOC, LOAD, READONLY, CODE
  2 .text         00001f94  00002028  00002028  00004028  2**2
                  CONTENTS, ALLOC, LOAD, READONLY, CODE
  3 .fini         0000001c  00003fbc  00003fbc  00005fbc  2**0
                  CONTENTS, ALLOC, LOAD, READONLY, CODE
  4 .rodata       00000006  00003fd8  00003fd8  00005fd8  2**2
                  CONTENTS, ALLOC, LOAD, READONLY, DATA
  5 .eh_frame     00000004  00003fe0  00003fe0  00005fe0  2**2
                  CONTENTS, ALLOC, LOAD, READONLY, DATA
  6 .ctors        00000008  00005fe4  00005fe4  00005fe4  2**2
                  CONTENTS, ALLOC, LOAD, DATA
  7 .dtors        00000008  00005fec  00005fec  00005fec  2**2
                  CONTENTS, ALLOC, LOAD, DATA
  8 .jcr          00000004  00005ff4  00005ff4  00005ff4  2**2
                  CONTENTS, ALLOC, LOAD, DATA
  9 .data         000009b8  00005ff8  00005ff8  00005ff8  2**2
                  CONTENTS, ALLOC, LOAD, DATA
 10 .bss          00000058  000069b0  000069b0  000069b0  2**2
                  ALLOC
 11 .comment      00000051  00000000  00000000  000069b0  2**0
                  CONTENTS, READONLY
 12 .debug_aranges 000001a0  00000000  00000000  00006a01  2**0
                  CONTENTS, READONLY, DEBUGGING
 13 .debug_pubnames 00000309  00000000  00000000  00006ba1  2**0
                  CONTENTS, READONLY, DEBUGGING
 14 .debug_info   00006af2  00000000  00000000  00006eaa  2**0
                  CONTENTS, READONLY, DEBUGGING
 15 .debug_abbrev 0000133c  00000000  00000000  0000d99c  2**0
                  CONTENTS, READONLY, DEBUGGING
 16 .debug_line   0000228e  00000000  00000000  0000ecd8  2**0
                  CONTENTS, READONLY, DEBUGGING
 17 .debug_frame  00000418  00000000  00000000  00010f68  2**2
                  CONTENTS, READONLY, DEBUGGING
 18 .debug_str    00000aeb  00000000  00000000  00011380  2**0
                  CONTENTS, READONLY, DEBUGGING
 19 .debug_loc    00001657  00000000  00000000  00011e6b  2**0
                  CONTENTS, READONLY, DEBUGGING
 20 .debug_pubtypes 0000098b  00000000  00000000  000134c2  2**0
                  CONTENTS, READONLY, DEBUGGING
 21 .debug_ranges 00000088  00000000  00000000  00013e4d  2**0
                  CONTENTS, READONLY, DEBUGGING

Disassembly of section .vectors:

00000000 <__reset-0x100>:
	...

00000100 <__reset>:
     100:	18 00 00 00 	l.movhi r0,0x0
     104:	18 20 00 00 	l.movhi r1,0x0
     108:	18 40 00 00 	l.movhi r2,0x0
     10c:	18 60 00 00 	l.movhi r3,0x0
     110:	18 80 00 00 	l.movhi r4,0x0
     114:	18 a0 00 00 	l.movhi r5,0x0
     118:	18 c0 00 00 	l.movhi r6,0x0
     11c:	18 e0 00 00 	l.movhi r7,0x0
     120:	19 00 00 00 	l.movhi r8,0x0
     124:	19 20 00 00 	l.movhi r9,0x0
     128:	19 40 00 00 	l.movhi r10,0x0
     12c:	19 60 00 00 	l.movhi r11,0x0
     130:	19 80 00 00 	l.movhi r12,0x0
     134:	19 a0 00 00 	l.movhi r13,0x0
     138:	19 c0 00 00 	l.movhi r14,0x0
     13c:	19 e0 00 00 	l.movhi r15,0x0
     140:	1a 00 00 00 	l.movhi r16,0x0
     144:	1a 20 00 00 	l.movhi r17,0x0
     148:	1a 40 00 00 	l.movhi r18,0x0
     14c:	1a 60 00 00 	l.movhi r19,0x0
     150:	1a 80 00 00 	l.movhi r20,0x0
     154:	1a a0 00 00 	l.movhi r21,0x0
     158:	1a c0 00 00 	l.movhi r22,0x0
     15c:	1a e0 00 00 	l.movhi r23,0x0
     160:	1b 00 00 00 	l.movhi r24,0x0
     164:	1b 20 00 00 	l.movhi r25,0x0
     168:	1b 40 00 00 	l.movhi r26,0x0
     16c:	1b 60 00 00 	l.movhi r27,0x0
     170:	1b 80 00 00 	l.movhi r28,0x0
     174:	1b a0 00 00 	l.movhi r29,0x0
     178:	1b c0 00 00 	l.movhi r30,0x0
     17c:	1b e0 00 00 	l.movhi r31,0x0
     180:	a8 20 00 01 	l.ori r1,r0,0x1
     184:	c0 00 08 11 	l.mtspr r0,r1,0x11
     188:	c1 40 00 00 	l.mtspr r0,r0,0x5000
     18c:	18 80 00 00 	l.movhi r4,0x0
     190:	a8 84 20 28 	l.ori r4,r4,0x2028
     194:	44 00 20 00 	l.jr r4
     198:	15 00 00 00 	l.nop 0x0
	...
     200:	9c 21 ff 80 	l.addi r1,r1,0xffffff80
     204:	d4 01 18 04 	l.sw 0x4(r1),r3
     208:	d4 01 20 08 	l.sw 0x8(r1),r4
     20c:	b4 60 00 10 	l.mfspr r3,r0,0x10
     210:	00 00 0b 9c 	l.j 3080 <or1k_exception_handler>
     214:	b4 80 00 20 	l.mfspr r4,r0,0x20
	...
     300:	9c 21 ff 80 	l.addi r1,r1,0xffffff80
     304:	d4 01 18 04 	l.sw 0x4(r1),r3
     308:	d4 01 20 08 	l.sw 0x8(r1),r4
     30c:	b4 60 00 10 	l.mfspr r3,r0,0x10
     310:	00 00 0b 5c 	l.j 3080 <or1k_exception_handler>
     314:	b4 80 00 20 	l.mfspr r4,r0,0x20
	...
     400:	9c 21 ff 80 	l.addi r1,r1,0xffffff80
     404:	d4 01 18 04 	l.sw 0x4(r1),r3
     408:	d4 01 20 08 	l.sw 0x8(r1),r4
     40c:	b4 60 00 10 	l.mfspr r3,r0,0x10
     410:	00 00 0b 1c 	l.j 3080 <or1k_exception_handler>
     414:	b4 80 00 20 	l.mfspr r4,r0,0x20
	...
     500:	9c 21 ff 80 	l.addi r1,r1,0xffffff80
     504:	d4 01 18 04 	l.sw 0x4(r1),r3
     508:	d4 01 20 08 	l.sw 0x8(r1),r4
     50c:	b4 60 00 10 	l.mfspr r3,r0,0x10
     510:	00 00 0a dc 	l.j 3080 <or1k_exception_handler>
     514:	b4 80 00 20 	l.mfspr r4,r0,0x20
	...
     600:	9c 21 ff 80 	l.addi r1,r1,0xffffff80
     604:	d4 01 18 04 	l.sw 0x4(r1),r3
     608:	d4 01 20 08 	l.sw 0x8(r1),r4
     60c:	b4 60 00 10 	l.mfspr r3,r0,0x10
     610:	00 00 0a 9c 	l.j 3080 <or1k_exception_handler>
     614:	b4 80 00 20 	l.mfspr r4,r0,0x20
	...
     700:	9c 21 ff 80 	l.addi r1,r1,0xffffff80
     704:	d4 01 18 04 	l.sw 0x4(r1),r3
     708:	d4 01 20 08 	l.sw 0x8(r1),r4
     70c:	b4 60 00 10 	l.mfspr r3,r0,0x10
     710:	00 00 0a 5c 	l.j 3080 <or1k_exception_handler>
     714:	b4 80 00 20 	l.mfspr r4,r0,0x20
	...
     800:	9c 21 ff 80 	l.addi r1,r1,0xffffff80
     804:	d4 01 18 04 	l.sw 0x4(r1),r3
     808:	d4 01 20 08 	l.sw 0x8(r1),r4
     80c:	b4 60 00 10 	l.mfspr r3,r0,0x10
     810:	00 00 0a 1c 	l.j 3080 <or1k_exception_handler>
     814:	b4 80 00 20 	l.mfspr r4,r0,0x20
	...
     900:	9c 21 ff 80 	l.addi r1,r1,0xffffff80
     904:	d4 01 18 04 	l.sw 0x4(r1),r3
     908:	d4 01 20 08 	l.sw 0x8(r1),r4
     90c:	b4 60 00 10 	l.mfspr r3,r0,0x10
     910:	00 00 09 dc 	l.j 3080 <or1k_exception_handler>
     914:	b4 80 00 20 	l.mfspr r4,r0,0x20
	...
     a00:	9c 21 ff 80 	l.addi r1,r1,0xffffff80
     a04:	d4 01 18 04 	l.sw 0x4(r1),r3
     a08:	d4 01 20 08 	l.sw 0x8(r1),r4
     a0c:	b4 60 00 10 	l.mfspr r3,r0,0x10
     a10:	00 00 09 9c 	l.j 3080 <or1k_exception_handler>
     a14:	b4 80 00 20 	l.mfspr r4,r0,0x20
	...
     b00:	9c 21 ff 80 	l.addi r1,r1,0xffffff80
     b04:	d4 01 18 04 	l.sw 0x4(r1),r3
     b08:	d4 01 20 08 	l.sw 0x8(r1),r4
     b0c:	b4 60 00 10 	l.mfspr r3,r0,0x10
     b10:	00 00 09 5c 	l.j 3080 <or1k_exception_handler>
     b14:	b4 80 00 20 	l.mfspr r4,r0,0x20
	...
     c00:	9c 21 ff 80 	l.addi r1,r1,0xffffff80
     c04:	d4 01 18 04 	l.sw 0x4(r1),r3
     c08:	d4 01 20 08 	l.sw 0x8(r1),r4
     c0c:	b4 60 00 10 	l.mfspr r3,r0,0x10
     c10:	00 00 09 1c 	l.j 3080 <or1k_exception_handler>
     c14:	b4 80 00 20 	l.mfspr r4,r0,0x20
	...
     d00:	9c 21 ff 80 	l.addi r1,r1,0xffffff80
     d04:	d4 01 18 04 	l.sw 0x4(r1),r3
     d08:	d4 01 20 08 	l.sw 0x8(r1),r4
     d0c:	b4 60 00 10 	l.mfspr r3,r0,0x10
     d10:	00 00 08 dc 	l.j 3080 <or1k_exception_handler>
     d14:	b4 80 00 20 	l.mfspr r4,r0,0x20
	...
     e00:	9c 21 ff 80 	l.addi r1,r1,0xffffff80
     e04:	d4 01 18 04 	l.sw 0x4(r1),r3
     e08:	d4 01 20 08 	l.sw 0x8(r1),r4
     e0c:	b4 60 00 10 	l.mfspr r3,r0,0x10
     e10:	00 00 08 9c 	l.j 3080 <or1k_exception_handler>
     e14:	b4 80 00 20 	l.mfspr r4,r0,0x20
	...
     f00:	9c 21 ff 80 	l.addi r1,r1,0xffffff80
     f04:	d4 01 18 04 	l.sw 0x4(r1),r3
     f08:	d4 01 20 08 	l.sw 0x8(r1),r4
     f0c:	b4 60 00 10 	l.mfspr r3,r0,0x10
     f10:	00 00 08 5c 	l.j 3080 <or1k_exception_handler>
     f14:	b4 80 00 20 	l.mfspr r4,r0,0x20
	...
    1000:	9c 21 ff 80 	l.addi r1,r1,0xffffff80
    1004:	d4 01 18 04 	l.sw 0x4(r1),r3
    1008:	d4 01 20 08 	l.sw 0x8(r1),r4
    100c:	b4 60 00 10 	l.mfspr r3,r0,0x10
    1010:	00 00 08 1c 	l.j 3080 <or1k_exception_handler>
    1014:	b4 80 00 20 	l.mfspr r4,r0,0x20
	...
    1100:	9c 21 ff 80 	l.addi r1,r1,0xffffff80
    1104:	d4 01 18 04 	l.sw 0x4(r1),r3
    1108:	d4 01 20 08 	l.sw 0x8(r1),r4
    110c:	b4 60 00 10 	l.mfspr r3,r0,0x10
    1110:	00 00 07 dc 	l.j 3080 <or1k_exception_handler>
    1114:	b4 80 00 20 	l.mfspr r4,r0,0x20
	...
    1200:	9c 21 ff 80 	l.addi r1,r1,0xffffff80
    1204:	d4 01 18 04 	l.sw 0x4(r1),r3
    1208:	d4 01 20 08 	l.sw 0x8(r1),r4
    120c:	b4 60 00 10 	l.mfspr r3,r0,0x10
    1210:	00 00 07 9c 	l.j 3080 <or1k_exception_handler>
    1214:	b4 80 00 20 	l.mfspr r4,r0,0x20
	...
    1300:	9c 21 ff 80 	l.addi r1,r1,0xffffff80
    1304:	d4 01 18 04 	l.sw 0x4(r1),r3
    1308:	d4 01 20 08 	l.sw 0x8(r1),r4
    130c:	b4 60 00 10 	l.mfspr r3,r0,0x10
    1310:	00 00 07 5c 	l.j 3080 <or1k_exception_handler>
    1314:	b4 80 00 20 	l.mfspr r4,r0,0x20
	...
    1400:	9c 21 ff 80 	l.addi r1,r1,0xffffff80
    1404:	d4 01 18 04 	l.sw 0x4(r1),r3
    1408:	d4 01 20 08 	l.sw 0x8(r1),r4
    140c:	b4 60 00 10 	l.mfspr r3,r0,0x10
    1410:	00 00 07 1c 	l.j 3080 <or1k_exception_handler>
    1414:	b4 80 00 20 	l.mfspr r4,r0,0x20
	...
    1500:	9c 21 ff 80 	l.addi r1,r1,0xffffff80
    1504:	d4 01 18 04 	l.sw 0x4(r1),r3
    1508:	d4 01 20 08 	l.sw 0x8(r1),r4
    150c:	b4 60 00 10 	l.mfspr r3,r0,0x10
    1510:	00 00 06 dc 	l.j 3080 <or1k_exception_handler>
    1514:	b4 80 00 20 	l.mfspr r4,r0,0x20
	...
    1600:	9c 21 ff 80 	l.addi r1,r1,0xffffff80
    1604:	d4 01 18 04 	l.sw 0x4(r1),r3
    1608:	d4 01 20 08 	l.sw 0x8(r1),r4
    160c:	b4 60 00 10 	l.mfspr r3,r0,0x10
    1610:	00 00 06 9c 	l.j 3080 <or1k_exception_handler>
    1614:	b4 80 00 20 	l.mfspr r4,r0,0x20
	...
    1700:	9c 21 ff 80 	l.addi r1,r1,0xffffff80
    1704:	d4 01 18 04 	l.sw 0x4(r1),r3
    1708:	d4 01 20 08 	l.sw 0x8(r1),r4
    170c:	b4 60 00 10 	l.mfspr r3,r0,0x10
    1710:	00 00 06 5c 	l.j 3080 <or1k_exception_handler>
    1714:	b4 80 00 20 	l.mfspr r4,r0,0x20
	...
    1800:	9c 21 ff 80 	l.addi r1,r1,0xffffff80
    1804:	d4 01 18 04 	l.sw 0x4(r1),r3
    1808:	d4 01 20 08 	l.sw 0x8(r1),r4
    180c:	b4 60 00 10 	l.mfspr r3,r0,0x10
    1810:	00 00 06 1c 	l.j 3080 <or1k_exception_handler>
    1814:	b4 80 00 20 	l.mfspr r4,r0,0x20
	...
    1900:	9c 21 ff 80 	l.addi r1,r1,0xffffff80
    1904:	d4 01 18 04 	l.sw 0x4(r1),r3
    1908:	d4 01 20 08 	l.sw 0x8(r1),r4
    190c:	b4 60 00 10 	l.mfspr r3,r0,0x10
    1910:	00 00 05 dc 	l.j 3080 <or1k_exception_handler>
    1914:	b4 80 00 20 	l.mfspr r4,r0,0x20
	...
    1a00:	9c 21 ff 80 	l.addi r1,r1,0xffffff80
    1a04:	d4 01 18 04 	l.sw 0x4(r1),r3
    1a08:	d4 01 20 08 	l.sw 0x8(r1),r4
    1a0c:	b4 60 00 10 	l.mfspr r3,r0,0x10
    1a10:	00 00 05 9c 	l.j 3080 <or1k_exception_handler>
    1a14:	b4 80 00 20 	l.mfspr r4,r0,0x20
	...
    1b00:	9c 21 ff 80 	l.addi r1,r1,0xffffff80
    1b04:	d4 01 18 04 	l.sw 0x4(r1),r3
    1b08:	d4 01 20 08 	l.sw 0x8(r1),r4
    1b0c:	b4 60 00 10 	l.mfspr r3,r0,0x10
    1b10:	00 00 05 5c 	l.j 3080 <or1k_exception_handler>
    1b14:	b4 80 00 20 	l.mfspr r4,r0,0x20
	...
    1c00:	9c 21 ff 80 	l.addi r1,r1,0xffffff80
    1c04:	d4 01 18 04 	l.sw 0x4(r1),r3
    1c08:	d4 01 20 08 	l.sw 0x8(r1),r4
    1c0c:	b4 60 00 10 	l.mfspr r3,r0,0x10
    1c10:	00 00 05 1c 	l.j 3080 <or1k_exception_handler>
    1c14:	b4 80 00 20 	l.mfspr r4,r0,0x20
	...
    1d00:	9c 21 ff 80 	l.addi r1,r1,0xffffff80
    1d04:	d4 01 18 04 	l.sw 0x4(r1),r3
    1d08:	d4 01 20 08 	l.sw 0x8(r1),r4
    1d0c:	b4 60 00 10 	l.mfspr r3,r0,0x10
    1d10:	00 00 04 dc 	l.j 3080 <or1k_exception_handler>
    1d14:	b4 80 00 20 	l.mfspr r4,r0,0x20
	...
    1e00:	9c 21 ff 80 	l.addi r1,r1,0xffffff80
    1e04:	d4 01 18 04 	l.sw 0x4(r1),r3
    1e08:	d4 01 20 08 	l.sw 0x8(r1),r4
    1e0c:	b4 60 00 10 	l.mfspr r3,r0,0x10
    1e10:	00 00 04 9c 	l.j 3080 <or1k_exception_handler>
    1e14:	b4 80 00 20 	l.mfspr r4,r0,0x20
	...
    1f00:	9c 21 ff 80 	l.addi r1,r1,0xffffff80
    1f04:	d4 01 18 04 	l.sw 0x4(r1),r3
    1f08:	d4 01 20 08 	l.sw 0x8(r1),r4
    1f0c:	b4 60 00 10 	l.mfspr r3,r0,0x10
    1f10:	00 00 04 5c 	l.j 3080 <or1k_exception_handler>
    1f14:	b4 80 00 20 	l.mfspr r4,r0,0x20
	...
    1ffc:	15 00 00 00 	l.nop 0x0

Disassembly of section .init:

00002000 <__init-0x4>:
    2000:	15 00 00 00 	l.nop 0x0

00002004 <__init>:
    2004:	9c 21 ff fc 	l.addi r1,r1,0xfffffffc
    2008:	d4 01 48 00 	l.sw 0x0(r1),r9
    200c:	04 00 00 6c 	l.jal 21bc <frame_dummy>
    2010:	15 00 00 00 	l.nop 0x0
    2014:	04 00 07 d1 	l.jal 3f58 <__do_global_ctors_aux>
    2018:	15 00 00 00 	l.nop 0x0
    201c:	85 21 00 00 	l.lwz r9,0x0(r1)
    2020:	44 00 48 00 	l.jr r9
    2024:	9c 21 00 04 	l.addi r1,r1,0x4

Disassembly of section .text:

00002028 <_start>:
    2028:	18 20 00 00 	l.movhi r1,0x0
    202c:	a8 21 3e 44 	l.ori r1,r1,0x3e44
    2030:	84 21 00 00 	l.lwz r1,0x0(r1)
    2034:	18 40 00 00 	l.movhi r2,0x0
    2038:	a8 42 3e 48 	l.ori r2,r2,0x3e48
    203c:	84 42 00 00 	l.lwz r2,0x0(r2)
    2040:	e0 21 10 00 	l.add r1,r1,r2
    2044:	e0 41 08 04 	l.or r2,r1,r1
    2048:	18 60 00 00 	l.movhi r3,0x0
    204c:	a8 63 5f f8 	l.ori r3,r3,0x5ff8
    2050:	d4 03 08 00 	l.sw 0x0(r3),r1
    2054:	04 00 03 5c 	l.jal 2dc4 <or1k_cache_init>
    2058:	15 00 00 00 	l.nop 0x0
    205c:	18 60 00 00 	l.movhi r3,0x0
    2060:	a8 63 69 b0 	l.ori r3,r3,0x69b0
    2064:	18 80 00 00 	l.movhi r4,0x0
    2068:	a8 84 6a 08 	l.ori r4,r4,0x6a08
    206c:	d4 03 00 00 	l.sw 0x0(r3),r0
    2070:	e4 83 20 00 	l.sfltu r3,r4
    2074:	13 ff ff fe 	l.bf 206c <_start+0x44>
    2078:	9c 63 00 04 	l.addi r3,r3,0x4
    207c:	07 ff ff e2 	l.jal 2004 <__init>
    2080:	15 00 00 00 	l.nop 0x0
    2084:	18 60 00 00 	l.movhi r3,0x0
    2088:	04 00 00 b1 	l.jal 234c <atexit>
    208c:	a8 63 3f bc 	l.ori r3,r3,0x3fbc
    2090:	18 80 00 00 	l.movhi r4,0x0
    2094:	a8 84 3e 50 	l.ori r4,r4,0x3e50
    2098:	84 84 00 00 	l.lwz r4,0x0(r4)
    209c:	e4 24 00 00 	l.sfne r4,r0
    20a0:	0c 00 00 04 	l.bnf 20b0 <_start+0x88>
    20a4:	e0 60 00 04 	l.or r3,r0,r0
    20a8:	04 00 07 16 	l.jal 3d00 <__uart_init>
    20ac:	15 00 00 00 	l.nop 0x0
    20b0:	e0 60 00 04 	l.or r3,r0,r0
    20b4:	e0 80 00 04 	l.or r4,r0,r0
    20b8:	04 00 00 64 	l.jal 2248 <main>
    20bc:	e0 a0 00 04 	l.or r5,r0,r0
    20c0:	04 00 00 ac 	l.jal 2370 <exit>
    20c4:	9c 6b 00 00 	l.addi r3,r11,0x0
    20c8:	00 00 00 00 	l.j 20c8 <_start+0xa0>
    20cc:	15 00 00 00 	l.nop 0x0

000020d0 <__do_global_dtors_aux>:
    20d0:	d7 e1 87 f8 	l.sw 0xfffffff8(r1),r16
    20d4:	1a 00 00 00 	l.movhi r16,0x0
    20d8:	d7 e1 17 f0 	l.sw 0xfffffff0(r1),r2
    20dc:	aa 10 69 b0 	l.ori r16,r16,0x69b0
    20e0:	d7 e1 4f fc 	l.sw 0xfffffffc(r1),r9
    20e4:	8c 50 00 00 	l.lbz r2,0x0(r16)
    20e8:	d7 e1 77 f4 	l.sw 0xfffffff4(r1),r14
    20ec:	bc 22 00 00 	l.sfnei r2,0x0
    20f0:	10 00 00 27 	l.bf 218c <__do_global_dtors_aux+0xbc>
    20f4:	9c 21 ff f0 	l.addi r1,r1,0xfffffff0
    20f8:	19 c0 00 00 	l.movhi r14,0x0
    20fc:	18 80 00 00 	l.movhi r4,0x0
    2100:	a9 ce 5f f0 	l.ori r14,r14,0x5ff0
    2104:	a8 84 5f ec 	l.ori r4,r4,0x5fec
    2108:	18 40 00 00 	l.movhi r2,0x0
    210c:	e1 ce 20 02 	l.sub r14,r14,r4
    2110:	a8 42 69 b4 	l.ori r2,r2,0x69b4
    2114:	b9 ce 00 82 	l.srai r14,r14,0x2
    2118:	84 62 00 00 	l.lwz r3,0x0(r2)
    211c:	9d ce ff ff 	l.addi r14,r14,0xffffffff
    2120:	e4 63 70 00 	l.sfgeu r3,r14
    2124:	10 00 00 10 	l.bf 2164 <__do_global_dtors_aux+0x94>
    2128:	15 00 00 00 	l.nop 0x0
    212c:	9c 63 00 01 	l.addi r3,r3,0x1
    2130:	18 a0 00 00 	l.movhi r5,0x0
    2134:	b8 83 00 02 	l.slli r4,r3,0x2
    2138:	a8 a5 5f ec 	l.ori r5,r5,0x5fec
    213c:	d4 02 18 00 	l.sw 0x0(r2),r3
    2140:	e0 64 28 00 	l.add r3,r4,r5
    2144:	84 63 00 00 	l.lwz r3,0x0(r3)
    2148:	48 00 18 00 	l.jalr r3
    214c:	15 00 00 00 	l.nop 0x0
    2150:	84 62 00 00 	l.lwz r3,0x0(r2)
    2154:	e4 83 70 00 	l.sfltu r3,r14
    2158:	13 ff ff f6 	l.bf 2130 <__do_global_dtors_aux+0x60>
    215c:	9c 63 00 01 	l.addi r3,r3,0x1
    2160:	9c 63 ff ff 	l.addi r3,r3,0xffffffff
    2164:	18 40 00 00 	l.movhi r2,0x0
    2168:	a8 42 00 00 	l.ori r2,r2,0x0
    216c:	bc 02 00 00 	l.sfeqi r2,0x0
    2170:	10 00 00 06 	l.bf 2188 <__do_global_dtors_aux+0xb8>
    2174:	9c 40 00 01 	l.addi r2,r0,0x1
    2178:	18 60 00 00 	l.movhi r3,0x0
    217c:	07 ff f7 a1 	l.jal 0 <__reset-0x100>
    2180:	a8 63 3f e0 	l.ori r3,r3,0x3fe0
    2184:	9c 40 00 01 	l.addi r2,r0,0x1
    2188:	d8 10 10 00 	l.sb 0x0(r16),r2
    218c:	9c 21 00 10 	l.addi r1,r1,0x10
    2190:	85 21 ff fc 	l.lwz r9,0xfffffffc(r1)
    2194:	84 41 ff f0 	l.lwz r2,0xfffffff0(r1)
    2198:	85 c1 ff f4 	l.lwz r14,0xfffffff4(r1)
    219c:	44 00 48 00 	l.jr r9
    21a0:	86 01 ff f8 	l.lwz r16,0xfffffff8(r1)

000021a4 <call___do_global_dtors_aux>:
    21a4:	d7 e1 4f fc 	l.sw 0xfffffffc(r1),r9
    21a8:	9c 21 ff fc 	l.addi r1,r1,0xfffffffc
    21ac:	9c 21 00 04 	l.addi r1,r1,0x4
    21b0:	85 21 ff fc 	l.lwz r9,0xfffffffc(r1)
    21b4:	44 00 48 00 	l.jr r9
    21b8:	15 00 00 00 	l.nop 0x0

000021bc <frame_dummy>:
    21bc:	18 60 00 00 	l.movhi r3,0x0
    21c0:	d7 e1 4f fc 	l.sw 0xfffffffc(r1),r9
    21c4:	a8 63 00 00 	l.ori r3,r3,0x0
    21c8:	bc 03 00 00 	l.sfeqi r3,0x0
    21cc:	10 00 00 07 	l.bf 21e8 <frame_dummy+0x2c>
    21d0:	9c 21 ff fc 	l.addi r1,r1,0xfffffffc
    21d4:	18 60 00 00 	l.movhi r3,0x0
    21d8:	18 80 00 00 	l.movhi r4,0x0
    21dc:	a8 63 3f e0 	l.ori r3,r3,0x3fe0
    21e0:	07 ff f7 88 	l.jal 0 <__reset-0x100>
    21e4:	a8 84 69 b8 	l.ori r4,r4,0x69b8
    21e8:	18 60 00 00 	l.movhi r3,0x0
    21ec:	a8 63 5f f4 	l.ori r3,r3,0x5ff4
    21f0:	84 83 00 00 	l.lwz r4,0x0(r3)
    21f4:	bc 04 00 00 	l.sfeqi r4,0x0
    21f8:	10 00 00 0a 	l.bf 2220 <frame_dummy+0x64>
    21fc:	18 80 00 00 	l.movhi r4,0x0
    2200:	a8 84 00 00 	l.ori r4,r4,0x0
    2204:	bc 04 00 00 	l.sfeqi r4,0x0
    2208:	10 00 00 06 	l.bf 2220 <frame_dummy+0x64>
    220c:	15 00 00 00 	l.nop 0x0
    2210:	9c 21 00 04 	l.addi r1,r1,0x4
    2214:	85 21 ff fc 	l.lwz r9,0xfffffffc(r1)
    2218:	44 00 20 00 	l.jr r4
    221c:	15 00 00 00 	l.nop 0x0
    2220:	9c 21 00 04 	l.addi r1,r1,0x4
    2224:	85 21 ff fc 	l.lwz r9,0xfffffffc(r1)
    2228:	44 00 48 00 	l.jr r9
    222c:	15 00 00 00 	l.nop 0x0

00002230 <call_frame_dummy>:
    2230:	d7 e1 4f fc 	l.sw 0xfffffffc(r1),r9
    2234:	9c 21 ff fc 	l.addi r1,r1,0xfffffffc
    2238:	9c 21 00 04 	l.addi r1,r1,0x4
    223c:	85 21 ff fc 	l.lwz r9,0xfffffffc(r1)
    2240:	44 00 48 00 	l.jr r9
    2244:	15 00 00 00 	l.nop 0x0

00002248 <main>:
    2248:	d7 e1 17 f8 	l.sw 0xfffffff8(r1),r2
    224c:	9c 41 00 00 	l.addi r2,r1,0x0
    2250:	d7 e1 4f fc 	l.sw 0xfffffffc(r1),r9
    2254:	9c 21 ff ec 	l.addi r1,r1,0xffffffec
    2258:	d7 e2 1f f4 	l.sw 0xfffffff4(r2),r3
    225c:	d7 e2 27 f0 	l.sw 0xfffffff0(r2),r4
    2260:	9c 60 00 08 	l.addi r3,r0,0x8
    2264:	d4 01 18 00 	l.sw 0x0(r1),r3
    2268:	9c 60 00 05 	l.addi r3,r0,0x5
    226c:	9c 80 00 06 	l.addi r4,r0,0x6
    2270:	9c a0 00 0c 	l.addi r5,r0,0xc
    2274:	9c c0 00 09 	l.addi r6,r0,0x9
    2278:	9c e0 00 35 	l.addi r7,r0,0x35
    227c:	9d 00 00 02 	l.addi r8,r0,0x2
    2280:	04 00 00 09 	l.jal 22a4 <function>
    2284:	15 00 00 00 	l.nop 0x0
    2288:	9c 60 00 00 	l.addi r3,r0,0x0
    228c:	a9 63 00 00 	l.ori r11,r3,0x0
    2290:	a8 22 00 00 	l.ori r1,r2,0x0
    2294:	84 41 ff f8 	l.lwz r2,0xfffffff8(r1)
    2298:	85 21 ff fc 	l.lwz r9,0xfffffffc(r1)
    229c:	44 00 48 00 	l.jr r9
    22a0:	15 00 00 00 	l.nop 0x0

000022a4 <function>:
    22a4:	d7 e1 17 fc 	l.sw 0xfffffffc(r1),r2
    22a8:	9c 41 00 00 	l.addi r2,r1,0x0
    22ac:	9c 21 ff e4 	l.addi r1,r1,0xffffffe4
    22b0:	d7 e2 1f f8 	l.sw 0xfffffff8(r2),r3
    22b4:	d7 e2 27 f4 	l.sw 0xfffffff4(r2),r4
    22b8:	d7 e2 2f f0 	l.sw 0xfffffff0(r2),r5
    22bc:	d7 e2 37 ec 	l.sw 0xffffffec(r2),r6
    22c0:	d7 e2 3f e8 	l.sw 0xffffffe8(r2),r7
    22c4:	d7 e2 47 e4 	l.sw 0xffffffe4(r2),r8
    22c8:	84 62 00 00 	l.lwz r3,0x0(r2)
    22cc:	bd a3 00 04 	l.sflesi r3,0x4
    22d0:	10 00 00 0f 	l.bf 230c <function+0x68>
    22d4:	15 00 00 00 	l.nop 0x0
    22d8:	84 82 ff f8 	l.lwz r4,0xfffffff8(r2)
    22dc:	84 62 ff f4 	l.lwz r3,0xfffffff4(r2)
    22e0:	e0 84 18 00 	l.add r4,r4,r3
    22e4:	84 62 ff f0 	l.lwz r3,0xfffffff0(r2)
    22e8:	e0 84 18 00 	l.add r4,r4,r3
    22ec:	84 62 ff ec 	l.lwz r3,0xffffffec(r2)
    22f0:	e0 84 18 00 	l.add r4,r4,r3
    22f4:	84 a2 ff e8 	l.lwz r5,0xffffffe8(r2)
    22f8:	84 62 ff e4 	l.lwz r3,0xffffffe4(r2)
    22fc:	e0 65 18 00 	l.add r3,r5,r3
    2300:	e0 64 18 02 	l.sub r3,r4,r3
    2304:	00 00 00 0d 	l.j 2338 <function+0x94>
    2308:	15 00 00 00 	l.nop 0x0
    230c:	84 82 ff f8 	l.lwz r4,0xfffffff8(r2)
    2310:	84 62 ff f4 	l.lwz r3,0xfffffff4(r2)
    2314:	e0 84 18 00 	l.add r4,r4,r3
    2318:	84 62 ff f0 	l.lwz r3,0xfffffff0(r2)
    231c:	e0 84 18 00 	l.add r4,r4,r3
    2320:	84 62 ff ec 	l.lwz r3,0xffffffec(r2)
    2324:	e0 84 18 00 	l.add r4,r4,r3
    2328:	84 62 ff e8 	l.lwz r3,0xffffffe8(r2)
    232c:	e0 84 18 00 	l.add r4,r4,r3
    2330:	84 62 ff e4 	l.lwz r3,0xffffffe4(r2)
    2334:	e0 64 18 02 	l.sub r3,r4,r3
    2338:	a9 63 00 00 	l.ori r11,r3,0x0
    233c:	a8 22 00 00 	l.ori r1,r2,0x0
    2340:	84 41 ff fc 	l.lwz r2,0xfffffffc(r1)
    2344:	44 00 48 00 	l.jr r9
    2348:	15 00 00 00 	l.nop 0x0

0000234c <atexit>:
    234c:	d7 e1 4f fc 	l.sw 0xfffffffc(r1),r9
    2350:	9c 21 ff fc 	l.addi r1,r1,0xfffffffc
    2354:	a8 83 00 00 	l.ori r4,r3,0x0
    2358:	9c 21 00 04 	l.addi r1,r1,0x4
    235c:	9c 60 00 00 	l.addi r3,r0,0x0
    2360:	85 21 ff fc 	l.lwz r9,0xfffffffc(r1)
    2364:	a8 a3 00 00 	l.ori r5,r3,0x0
    2368:	00 00 03 bb 	l.j 3254 <__register_exitproc>
    236c:	a8 c3 00 00 	l.ori r6,r3,0x0

00002370 <exit>:
    2370:	d7 e1 17 f8 	l.sw 0xfffffff8(r1),r2
    2374:	d7 e1 4f fc 	l.sw 0xfffffffc(r1),r9
    2378:	9c 80 00 00 	l.addi r4,r0,0x0
    237c:	9c 21 ff f8 	l.addi r1,r1,0xfffffff8
    2380:	04 00 04 06 	l.jal 3398 <__call_exitprocs>
    2384:	a8 43 00 00 	l.ori r2,r3,0x0
    2388:	18 80 00 00 	l.movhi r4,0x0
    238c:	a8 84 3f d8 	l.ori r4,r4,0x3fd8
    2390:	84 84 00 00 	l.lwz r4,0x0(r4)
    2394:	84 a4 00 3c 	l.lwz r5,0x3c(r4)
    2398:	bc 05 00 00 	l.sfeqi r5,0x0
    239c:	10 00 00 04 	l.bf 23ac <exit+0x3c>
    23a0:	15 00 00 00 	l.nop 0x0
    23a4:	48 00 28 00 	l.jalr r5
    23a8:	a8 64 00 00 	l.ori r3,r4,0x0
    23ac:	04 00 06 39 	l.jal 3c90 <_exit>
    23b0:	a8 62 00 00 	l.ori r3,r2,0x0

000023b4 <malloc>:
    23b4:	a8 83 00 00 	l.ori r4,r3,0x0
    23b8:	18 60 00 00 	l.movhi r3,0x0
    23bc:	d7 e1 4f fc 	l.sw 0xfffffffc(r1),r9
    23c0:	a8 63 60 00 	l.ori r3,r3,0x6000
    23c4:	9c 21 ff fc 	l.addi r1,r1,0xfffffffc
    23c8:	84 63 00 00 	l.lwz r3,0x0(r3)
    23cc:	9c 21 00 04 	l.addi r1,r1,0x4
    23d0:	85 21 ff fc 	l.lwz r9,0xfffffffc(r1)
    23d4:	00 00 00 0c 	l.j 2404 <_malloc_r>
    23d8:	15 00 00 00 	l.nop 0x0

000023dc <free>:
    23dc:	a8 83 00 00 	l.ori r4,r3,0x0
    23e0:	18 60 00 00 	l.movhi r3,0x0
    23e4:	d7 e1 4f fc 	l.sw 0xfffffffc(r1),r9
    23e8:	a8 63 60 00 	l.ori r3,r3,0x6000
    23ec:	9c 21 ff fc 	l.addi r1,r1,0xfffffffc
    23f0:	84 63 00 00 	l.lwz r3,0x0(r3)
    23f4:	9c 21 00 04 	l.addi r1,r1,0x4
    23f8:	85 21 ff fc 	l.lwz r9,0xfffffffc(r1)
    23fc:	00 00 04 b9 	l.j 36e0 <_free_r>
    2400:	15 00 00 00 	l.nop 0x0

00002404 <_malloc_r>:
    2404:	d7 e1 77 dc 	l.sw 0xffffffdc(r1),r14
    2408:	d7 e1 87 e0 	l.sw 0xffffffe0(r1),r16
    240c:	d7 e1 4f fc 	l.sw 0xfffffffc(r1),r9
    2410:	d7 e1 17 d8 	l.sw 0xffffffd8(r1),r2
    2414:	d7 e1 97 e4 	l.sw 0xffffffe4(r1),r18
    2418:	d7 e1 a7 e8 	l.sw 0xffffffe8(r1),r20
    241c:	d7 e1 b7 ec 	l.sw 0xffffffec(r1),r22
    2420:	d7 e1 c7 f0 	l.sw 0xfffffff0(r1),r24
    2424:	d7 e1 d7 f4 	l.sw 0xfffffff4(r1),r26
    2428:	d7 e1 e7 f8 	l.sw 0xfffffff8(r1),r28
    242c:	9d c4 00 0b 	l.addi r14,r4,0xb
    2430:	9c 21 ff d8 	l.addi r1,r1,0xffffffd8
    2434:	bc ae 00 16 	l.sfleui r14,0x16
    2438:	10 00 00 36 	l.bf 2510 <_malloc_r+0x10c>
    243c:	aa 03 00 00 	l.ori r16,r3,0x0
    2440:	9c 40 ff f8 	l.addi r2,r0,0xfffffff8
    2444:	e1 ce 10 03 	l.and r14,r14,r2
    2448:	b8 6e 00 5f 	l.srli r3,r14,0x1f
    244c:	e4 8e 20 00 	l.sfltu r14,r4
    2450:	10 00 00 03 	l.bf 245c <_malloc_r+0x58>
    2454:	9c 40 00 01 	l.addi r2,r0,0x1
    2458:	9c 40 00 00 	l.addi r2,r0,0x0
    245c:	a4 42 00 ff 	l.andi r2,r2,0xff
    2460:	bc 22 00 00 	l.sfnei r2,0x0
    2464:	10 00 00 b3 	l.bf 2730 <_malloc_r+0x32c>
    2468:	bc 03 00 00 	l.sfeqi r3,0x0
    246c:	0c 00 00 b2 	l.bnf 2734 <_malloc_r+0x330>
    2470:	9c 40 00 0c 	l.addi r2,r0,0xc
    2474:	04 00 02 34 	l.jal 2d44 <__malloc_lock>
    2478:	a8 70 00 00 	l.ori r3,r16,0x0
    247c:	bc 4e 01 f7 	l.sfgtui r14,0x1f7
    2480:	10 00 00 27 	l.bf 251c <_malloc_r+0x118>
    2484:	b8 ee 00 49 	l.srli r7,r14,0x9
    2488:	18 80 00 00 	l.movhi r4,0x0
    248c:	b8 ee 00 43 	l.srli r7,r14,0x3
    2490:	a8 84 64 28 	l.ori r4,r4,0x6428
    2494:	e0 6e 20 00 	l.add r3,r14,r4
    2498:	84 43 00 0c 	l.lwz r2,0xc(r3)
    249c:	e4 22 18 00 	l.sfne r2,r3
    24a0:	0c 00 01 8e 	l.bnf 2ad8 <_malloc_r+0x6d4>
    24a4:	aa 44 00 00 	l.ori r18,r4,0x0
    24a8:	84 82 00 04 	l.lwz r4,0x4(r2)
    24ac:	9c a0 ff fc 	l.addi r5,r0,0xfffffffc
    24b0:	84 62 00 0c 	l.lwz r3,0xc(r2)
    24b4:	e0 84 28 03 	l.and r4,r4,r5
    24b8:	84 c2 00 08 	l.lwz r6,0x8(r2)
    24bc:	e0 82 20 00 	l.add r4,r2,r4
    24c0:	d4 06 18 0c 	l.sw 0xc(r6),r3
    24c4:	84 a4 00 04 	l.lwz r5,0x4(r4)
    24c8:	d4 03 30 08 	l.sw 0x8(r3),r6
    24cc:	a8 a5 00 01 	l.ori r5,r5,0x1
    24d0:	a8 70 00 00 	l.ori r3,r16,0x0
    24d4:	04 00 02 1e 	l.jal 2d4c <__malloc_unlock>
    24d8:	d4 04 28 04 	l.sw 0x4(r4),r5
    24dc:	9d 62 00 08 	l.addi r11,r2,0x8
    24e0:	9c 21 00 28 	l.addi r1,r1,0x28
    24e4:	85 21 ff fc 	l.lwz r9,0xfffffffc(r1)
    24e8:	84 41 ff d8 	l.lwz r2,0xffffffd8(r1)
    24ec:	85 c1 ff dc 	l.lwz r14,0xffffffdc(r1)
    24f0:	86 01 ff e0 	l.lwz r16,0xffffffe0(r1)
    24f4:	86 41 ff e4 	l.lwz r18,0xffffffe4(r1)
    24f8:	86 81 ff e8 	l.lwz r20,0xffffffe8(r1)
    24fc:	86 c1 ff ec 	l.lwz r22,0xffffffec(r1)
    2500:	87 01 ff f0 	l.lwz r24,0xfffffff0(r1)
    2504:	87 41 ff f4 	l.lwz r26,0xfffffff4(r1)
    2508:	44 00 48 00 	l.jr r9
    250c:	87 81 ff f8 	l.lwz r28,0xfffffff8(r1)
    2510:	9c 60 00 00 	l.addi r3,r0,0x0
    2514:	03 ff ff ce 	l.j 244c <_malloc_r+0x48>
    2518:	9d c0 00 10 	l.addi r14,r0,0x10
    251c:	bc 27 00 00 	l.sfnei r7,0x0
    2520:	0c 00 00 88 	l.bnf 2740 <_malloc_r+0x33c>
    2524:	bc 47 00 04 	l.sfgtui r7,0x4
    2528:	10 00 01 55 	l.bf 2a7c <_malloc_r+0x678>
    252c:	bc 47 00 14 	l.sfgtui r7,0x14
    2530:	b8 ee 00 46 	l.srli r7,r14,0x6
    2534:	9c e7 00 38 	l.addi r7,r7,0x38
    2538:	b8 67 00 03 	l.slli r3,r7,0x3
    253c:	19 60 00 00 	l.movhi r11,0x0
    2540:	a9 6b 64 28 	l.ori r11,r11,0x6428
    2544:	e0 63 58 00 	l.add r3,r3,r11
    2548:	84 43 00 0c 	l.lwz r2,0xc(r3)
    254c:	e4 03 10 00 	l.sfeq r3,r2
    2550:	10 00 00 19 	l.bf 25b4 <_malloc_r+0x1b0>
    2554:	aa 4b 00 00 	l.ori r18,r11,0x0
    2558:	9c a0 ff fc 	l.addi r5,r0,0xfffffffc
    255c:	84 82 00 04 	l.lwz r4,0x4(r2)
    2560:	e0 84 28 03 	l.and r4,r4,r5
    2564:	e0 a4 70 02 	l.sub r5,r4,r14
    2568:	bd 45 00 0f 	l.sfgtsi r5,0xf
    256c:	10 00 00 b9 	l.bf 2850 <_malloc_r+0x44c>
    2570:	bd 65 00 00 	l.sfgesi r5,0x0
    2574:	0c 00 00 0c 	l.bnf 25a4 <_malloc_r+0x1a0>
    2578:	15 00 00 00 	l.nop 0x0
    257c:	00 00 00 b8 	l.j 285c <_malloc_r+0x458>
    2580:	e0 82 20 00 	l.add r4,r2,r4
    2584:	84 82 00 04 	l.lwz r4,0x4(r2)
    2588:	e0 84 58 03 	l.and r4,r4,r11
    258c:	e0 a4 70 02 	l.sub r5,r4,r14
    2590:	bd a5 00 0f 	l.sflesi r5,0xf
    2594:	0c 00 00 af 	l.bnf 2850 <_malloc_r+0x44c>
    2598:	bd 85 00 00 	l.sfltsi r5,0x0
    259c:	0c 00 00 af 	l.bnf 2858 <_malloc_r+0x454>
    25a0:	15 00 00 00 	l.nop 0x0
    25a4:	84 42 00 0c 	l.lwz r2,0xc(r2)
    25a8:	e4 23 10 00 	l.sfne r3,r2
    25ac:	13 ff ff f6 	l.bf 2584 <_malloc_r+0x180>
    25b0:	9d 60 ff fc 	l.addi r11,r0,0xfffffffc
    25b4:	9c e7 00 01 	l.addi r7,r7,0x1
    25b8:	18 c0 00 00 	l.movhi r6,0x0
    25bc:	a8 c6 64 30 	l.ori r6,r6,0x6430
    25c0:	84 46 00 08 	l.lwz r2,0x8(r6)
    25c4:	e4 26 10 00 	l.sfne r6,r2
    25c8:	0c 00 00 7f 	l.bnf 27c4 <_malloc_r+0x3c0>
    25cc:	9c 60 ff fc 	l.addi r3,r0,0xfffffffc
    25d0:	84 82 00 04 	l.lwz r4,0x4(r2)
    25d4:	e0 84 18 03 	l.and r4,r4,r3
    25d8:	e0 64 70 02 	l.sub r3,r4,r14
    25dc:	bd a3 00 0f 	l.sflesi r3,0xf
    25e0:	0c 00 01 2f 	l.bnf 2a9c <_malloc_r+0x698>
    25e4:	bd 83 00 00 	l.sfltsi r3,0x0
    25e8:	d4 06 30 0c 	l.sw 0xc(r6),r6
    25ec:	0c 00 00 a7 	l.bnf 2888 <_malloc_r+0x484>
    25f0:	d4 06 30 08 	l.sw 0x8(r6),r6
    25f4:	bc 44 01 ff 	l.sfgtui r4,0x1ff
    25f8:	10 00 00 55 	l.bf 274c <_malloc_r+0x348>
    25fc:	b8 64 00 49 	l.srli r3,r4,0x9
    2600:	b8 64 00 43 	l.srli r3,r4,0x3
    2604:	9d 00 00 01 	l.addi r8,r0,0x1
    2608:	84 92 00 04 	l.lwz r4,0x4(r18)
    260c:	b8 a3 00 82 	l.srai r5,r3,0x2
    2610:	b8 63 00 03 	l.slli r3,r3,0x3
    2614:	e1 08 28 08 	l.sll r8,r8,r5
    2618:	18 a0 00 00 	l.movhi r5,0x0
    261c:	a8 a5 64 28 	l.ori r5,r5,0x6428
    2620:	e0 88 20 04 	l.or r4,r8,r4
    2624:	e0 63 28 00 	l.add r3,r3,r5
    2628:	d4 12 20 04 	l.sw 0x4(r18),r4
    262c:	84 a3 00 08 	l.lwz r5,0x8(r3)
    2630:	d4 02 18 0c 	l.sw 0xc(r2),r3
    2634:	d4 02 28 08 	l.sw 0x8(r2),r5
    2638:	d4 03 10 08 	l.sw 0x8(r3),r2
    263c:	d4 05 10 0c 	l.sw 0xc(r5),r2
    2640:	b8 47 00 82 	l.srai r2,r7,0x2
    2644:	9c 60 00 01 	l.addi r3,r0,0x1
    2648:	e0 63 10 08 	l.sll r3,r3,r2
    264c:	e4 43 20 00 	l.sfgtu r3,r4
    2650:	10 00 00 64 	l.bf 27e0 <_malloc_r+0x3dc>
    2654:	e0 44 18 03 	l.and r2,r4,r3
    2658:	bc 22 00 00 	l.sfnei r2,0x0
    265c:	10 00 00 0d 	l.bf 2690 <_malloc_r+0x28c>
    2660:	9c 40 ff fc 	l.addi r2,r0,0xfffffffc
    2664:	e0 63 18 00 	l.add r3,r3,r3
    2668:	e0 e7 10 03 	l.and r7,r7,r2
    266c:	e0 44 18 03 	l.and r2,r4,r3
    2670:	bc 22 00 00 	l.sfnei r2,0x0
    2674:	10 00 00 07 	l.bf 2690 <_malloc_r+0x28c>
    2678:	9c e7 00 04 	l.addi r7,r7,0x4
    267c:	e0 63 18 00 	l.add r3,r3,r3
    2680:	e0 43 20 03 	l.and r2,r3,r4
    2684:	bc 02 00 00 	l.sfeqi r2,0x0
    2688:	13 ff ff fd 	l.bf 267c <_malloc_r+0x278>
    268c:	9c e7 00 04 	l.addi r7,r7,0x4
    2690:	18 80 00 00 	l.movhi r4,0x0
    2694:	b9 87 00 03 	l.slli r12,r7,0x3
    2698:	a8 84 64 28 	l.ori r4,r4,0x6428
    269c:	a9 67 00 00 	l.ori r11,r7,0x0
    26a0:	e1 8c 20 00 	l.add r12,r12,r4
    26a4:	a9 0c 00 00 	l.ori r8,r12,0x0
    26a8:	84 48 00 0c 	l.lwz r2,0xc(r8)
    26ac:	e4 08 10 00 	l.sfeq r8,r2
    26b0:	10 00 00 19 	l.bf 2714 <_malloc_r+0x310>
    26b4:	9c 80 ff fc 	l.addi r4,r0,0xfffffffc
    26b8:	84 a2 00 04 	l.lwz r5,0x4(r2)
    26bc:	e0 a5 20 03 	l.and r5,r5,r4
    26c0:	e0 85 70 02 	l.sub r4,r5,r14
    26c4:	bd 44 00 0f 	l.sfgtsi r4,0xf
    26c8:	10 00 01 0b 	l.bf 2af4 <_malloc_r+0x6f0>
    26cc:	bd 64 00 00 	l.sfgesi r4,0x0
    26d0:	0c 00 00 0d 	l.bnf 2704 <_malloc_r+0x300>
    26d4:	15 00 00 00 	l.nop 0x0
    26d8:	00 00 01 1b 	l.j 2b44 <_malloc_r+0x740>
    26dc:	e0 a2 28 00 	l.add r5,r2,r5
    26e0:	9c 80 ff fc 	l.addi r4,r0,0xfffffffc
    26e4:	84 a2 00 04 	l.lwz r5,0x4(r2)
    26e8:	e0 a5 20 03 	l.and r5,r5,r4
    26ec:	e0 85 70 02 	l.sub r4,r5,r14
    26f0:	bd a4 00 0f 	l.sflesi r4,0xf
    26f4:	0c 00 01 00 	l.bnf 2af4 <_malloc_r+0x6f0>
    26f8:	bd 84 00 00 	l.sfltsi r4,0x0
    26fc:	0c 00 01 11 	l.bnf 2b40 <_malloc_r+0x73c>
    2700:	15 00 00 00 	l.nop 0x0
    2704:	84 42 00 0c 	l.lwz r2,0xc(r2)
    2708:	e4 28 10 00 	l.sfne r8,r2
    270c:	13 ff ff f5 	l.bf 26e0 <_malloc_r+0x2dc>
    2710:	15 00 00 00 	l.nop 0x0
    2714:	9d 6b 00 01 	l.addi r11,r11,0x1
    2718:	a4 4b 00 03 	l.andi r2,r11,0x3
    271c:	bc 22 00 00 	l.sfnei r2,0x0
    2720:	0c 00 01 42 	l.bnf 2c28 <_malloc_r+0x824>
    2724:	9d 08 00 08 	l.addi r8,r8,0x8
    2728:	03 ff ff e1 	l.j 26ac <_malloc_r+0x2a8>
    272c:	84 48 00 0c 	l.lwz r2,0xc(r8)
    2730:	9c 40 00 0c 	l.addi r2,r0,0xc
    2734:	9d 60 00 00 	l.addi r11,r0,0x0
    2738:	03 ff ff 6a 	l.j 24e0 <_malloc_r+0xdc>
    273c:	d4 10 10 00 	l.sw 0x0(r16),r2
    2740:	b8 ee 00 43 	l.srli r7,r14,0x3
    2744:	03 ff ff 7e 	l.j 253c <_malloc_r+0x138>
    2748:	b8 67 00 03 	l.slli r3,r7,0x3
    274c:	bc 43 00 04 	l.sfgtui r3,0x4
    2750:	10 00 01 0b 	l.bf 2b7c <_malloc_r+0x778>
    2754:	bc 43 00 14 	l.sfgtui r3,0x14
    2758:	b9 04 00 46 	l.srli r8,r4,0x6
    275c:	9d 08 00 38 	l.addi r8,r8,0x38
    2760:	19 60 00 00 	l.movhi r11,0x0
    2764:	b8 a8 00 03 	l.slli r5,r8,0x3
    2768:	a9 6b 64 28 	l.ori r11,r11,0x6428
    276c:	e0 a5 58 00 	l.add r5,r5,r11
    2770:	84 65 00 08 	l.lwz r3,0x8(r5)
    2774:	e4 03 28 00 	l.sfeq r3,r5
    2778:	0c 00 00 08 	l.bnf 2798 <_malloc_r+0x394>
    277c:	b9 08 00 82 	l.srai r8,r8,0x2
    2780:	00 00 01 14 	l.j 2bd0 <_malloc_r+0x7cc>
    2784:	9c 80 00 01 	l.addi r4,r0,0x1
    2788:	84 63 00 08 	l.lwz r3,0x8(r3)
    278c:	e4 05 18 00 	l.sfeq r5,r3
    2790:	10 00 00 08 	l.bf 27b0 <_malloc_r+0x3ac>
    2794:	15 00 00 00 	l.nop 0x0
    2798:	85 03 00 04 	l.lwz r8,0x4(r3)
    279c:	9d 60 ff fc 	l.addi r11,r0,0xfffffffc
    27a0:	e1 08 58 03 	l.and r8,r8,r11
    27a4:	e4 84 40 00 	l.sfltu r4,r8
    27a8:	13 ff ff f8 	l.bf 2788 <_malloc_r+0x384>
    27ac:	15 00 00 00 	l.nop 0x0
    27b0:	84 83 00 0c 	l.lwz r4,0xc(r3)
    27b4:	d4 02 20 0c 	l.sw 0xc(r2),r4
    27b8:	d4 02 18 08 	l.sw 0x8(r2),r3
    27bc:	d4 04 10 08 	l.sw 0x8(r4),r2
    27c0:	d4 03 10 0c 	l.sw 0xc(r3),r2
    27c4:	b8 47 00 82 	l.srai r2,r7,0x2
    27c8:	9c 60 00 01 	l.addi r3,r0,0x1
    27cc:	84 92 00 04 	l.lwz r4,0x4(r18)
    27d0:	e0 63 10 08 	l.sll r3,r3,r2
    27d4:	e4 43 20 00 	l.sfgtu r3,r4
    27d8:	0f ff ff a0 	l.bnf 2658 <_malloc_r+0x254>
    27dc:	e0 44 18 03 	l.and r2,r4,r3
    27e0:	84 52 00 08 	l.lwz r2,0x8(r18)
    27e4:	9c a0 ff fc 	l.addi r5,r0,0xfffffffc
    27e8:	86 82 00 04 	l.lwz r20,0x4(r2)
    27ec:	e2 94 28 03 	l.and r20,r20,r5
    27f0:	e0 74 70 02 	l.sub r3,r20,r14
    27f4:	bd a3 00 0f 	l.sflesi r3,0xf
    27f8:	10 00 00 03 	l.bf 2804 <_malloc_r+0x400>
    27fc:	9c 80 00 01 	l.addi r4,r0,0x1
    2800:	9c 80 00 00 	l.addi r4,r0,0x0
    2804:	a4 84 00 ff 	l.andi r4,r4,0xff
    2808:	bc 24 00 00 	l.sfnei r4,0x0
    280c:	10 00 00 27 	l.bf 28a8 <_malloc_r+0x4a4>
    2810:	e4 4e a0 00 	l.sfgtu r14,r20
    2814:	0c 00 00 de 	l.bnf 2b8c <_malloc_r+0x788>
    2818:	9c a0 00 01 	l.addi r5,r0,0x1
    281c:	a4 a5 00 ff 	l.andi r5,r5,0xff
    2820:	bc 05 00 00 	l.sfeqi r5,0x0
    2824:	0c 00 00 21 	l.bnf 28a8 <_malloc_r+0x4a4>
    2828:	a8 8e 00 01 	l.ori r4,r14,0x1
    282c:	a8 63 00 01 	l.ori r3,r3,0x1
    2830:	e1 c2 70 00 	l.add r14,r2,r14
    2834:	d4 02 20 04 	l.sw 0x4(r2),r4
    2838:	d4 0e 18 04 	l.sw 0x4(r14),r3
    283c:	d4 12 70 08 	l.sw 0x8(r18),r14
    2840:	04 00 01 43 	l.jal 2d4c <__malloc_unlock>
    2844:	a8 70 00 00 	l.ori r3,r16,0x0
    2848:	03 ff ff 26 	l.j 24e0 <_malloc_r+0xdc>
    284c:	9d 62 00 08 	l.addi r11,r2,0x8
    2850:	03 ff ff 59 	l.j 25b4 <_malloc_r+0x1b0>
    2854:	9c e7 ff ff 	l.addi r7,r7,0xffffffff
    2858:	e0 82 20 00 	l.add r4,r2,r4
    285c:	84 62 00 0c 	l.lwz r3,0xc(r2)
    2860:	84 a4 00 04 	l.lwz r5,0x4(r4)
    2864:	84 c2 00 08 	l.lwz r6,0x8(r2)
    2868:	a8 a5 00 01 	l.ori r5,r5,0x1
    286c:	d4 06 18 0c 	l.sw 0xc(r6),r3
    2870:	d4 03 30 08 	l.sw 0x8(r3),r6
    2874:	d4 04 28 04 	l.sw 0x4(r4),r5
    2878:	04 00 01 35 	l.jal 2d4c <__malloc_unlock>
    287c:	a8 70 00 00 	l.ori r3,r16,0x0
    2880:	03 ff ff 18 	l.j 24e0 <_malloc_r+0xdc>
    2884:	9d 62 00 08 	l.addi r11,r2,0x8
    2888:	e0 82 20 00 	l.add r4,r2,r4
    288c:	a8 70 00 00 	l.ori r3,r16,0x0
    2890:	84 a4 00 04 	l.lwz r5,0x4(r4)
    2894:	a8 a5 00 01 	l.ori r5,r5,0x1
    2898:	04 00 01 2d 	l.jal 2d4c <__malloc_unlock>
    289c:	d4 04 28 04 	l.sw 0x4(r4),r5
    28a0:	03 ff ff 10 	l.j 24e0 <_malloc_r+0xdc>
    28a4:	9d 62 00 08 	l.addi r11,r2,0x8
    28a8:	18 60 00 00 	l.movhi r3,0x0
    28ac:	1b 80 00 00 	l.movhi r28,0x0
    28b0:	a8 63 69 d0 	l.ori r3,r3,0x69d0
    28b4:	ab 9c 68 34 	l.ori r28,r28,0x6834
    28b8:	86 c3 00 00 	l.lwz r22,0x0(r3)
    28bc:	84 7c 00 00 	l.lwz r3,0x0(r28)
    28c0:	9e d6 00 10 	l.addi r22,r22,0x10
    28c4:	bc 03 ff ff 	l.sfeqi r3,0xffffffff
    28c8:	10 00 00 05 	l.bf 28dc <_malloc_r+0x4d8>
    28cc:	e2 d6 70 00 	l.add r22,r22,r14
    28d0:	9e d6 0f ff 	l.addi r22,r22,0xfff
    28d4:	9d 60 f0 00 	l.addi r11,r0,0xfffff000
    28d8:	e2 d6 58 03 	l.and r22,r22,r11
    28dc:	a8 70 00 00 	l.ori r3,r16,0x0
    28e0:	04 00 02 40 	l.jal 31e0 <_sbrk_r>
    28e4:	a8 96 00 00 	l.ori r4,r22,0x0
    28e8:	bc 2b ff ff 	l.sfnei r11,0xffffffff
    28ec:	0c 00 00 ec 	l.bnf 2c9c <_malloc_r+0x898>
    28f0:	ab 0b 00 00 	l.ori r24,r11,0x0
    28f4:	e0 82 a0 00 	l.add r4,r2,r20
    28f8:	e4 a4 58 00 	l.sfleu r4,r11
    28fc:	0c 00 00 a6 	l.bnf 2b94 <_malloc_r+0x790>
    2900:	18 a0 00 00 	l.movhi r5,0x0
    2904:	1b 40 00 00 	l.movhi r26,0x0
    2908:	e4 24 58 00 	l.sfne r4,r11
    290c:	ab 5a 69 dc 	l.ori r26,r26,0x69dc
    2910:	84 7a 00 00 	l.lwz r3,0x0(r26)
    2914:	e0 76 18 00 	l.add r3,r22,r3
    2918:	0c 00 00 eb 	l.bnf 2cc4 <_malloc_r+0x8c0>
    291c:	d4 1a 18 00 	l.sw 0x0(r26),r3
    2920:	84 bc 00 00 	l.lwz r5,0x0(r28)
    2924:	bc 25 ff ff 	l.sfnei r5,0xffffffff
    2928:	0c 00 00 f9 	l.bnf 2d0c <_malloc_r+0x908>
    292c:	e0 6b 18 00 	l.add r3,r11,r3
    2930:	e0 83 20 02 	l.sub r4,r3,r4
    2934:	d4 1a 20 00 	l.sw 0x0(r26),r4
    2938:	a4 6b 00 07 	l.andi r3,r11,0x7
    293c:	bc 03 00 00 	l.sfeqi r3,0x0
    2940:	10 00 00 06 	l.bf 2958 <_malloc_r+0x554>
    2944:	9c 80 10 00 	l.addi r4,r0,0x1000
    2948:	9c 80 00 08 	l.addi r4,r0,0x8
    294c:	e0 64 18 02 	l.sub r3,r4,r3
    2950:	e3 0b 18 00 	l.add r24,r11,r3
    2954:	9c 83 10 00 	l.addi r4,r3,0x1000
    2958:	e2 d8 b0 00 	l.add r22,r24,r22
    295c:	a8 70 00 00 	l.ori r3,r16,0x0
    2960:	a6 d6 0f ff 	l.andi r22,r22,0xfff
    2964:	e2 c4 b0 02 	l.sub r22,r4,r22
    2968:	04 00 02 1e 	l.jal 31e0 <_sbrk_r>
    296c:	a8 96 00 00 	l.ori r4,r22,0x0
    2970:	bc 0b ff ff 	l.sfeqi r11,0xffffffff
    2974:	10 00 00 e4 	l.bf 2d04 <_malloc_r+0x900>
    2978:	9c 80 00 01 	l.addi r4,r0,0x1
    297c:	e0 8b c0 02 	l.sub r4,r11,r24
    2980:	e0 84 b0 00 	l.add r4,r4,r22
    2984:	a8 84 00 01 	l.ori r4,r4,0x1
    2988:	84 7a 00 00 	l.lwz r3,0x0(r26)
    298c:	d4 18 20 04 	l.sw 0x4(r24),r4
    2990:	e0 76 18 00 	l.add r3,r22,r3
    2994:	18 80 00 00 	l.movhi r4,0x0
    2998:	d4 12 c0 08 	l.sw 0x8(r18),r24
    299c:	a8 84 64 28 	l.ori r4,r4,0x6428
    29a0:	e4 02 20 00 	l.sfeq r2,r4
    29a4:	10 00 00 11 	l.bf 29e8 <_malloc_r+0x5e4>
    29a8:	d4 1a 18 00 	l.sw 0x0(r26),r3
    29ac:	bc 54 00 0f 	l.sfgtui r20,0xf
    29b0:	0c 00 00 99 	l.bnf 2c14 <_malloc_r+0x810>
    29b4:	9c a0 ff f8 	l.addi r5,r0,0xfffffff8
    29b8:	9c 94 ff f4 	l.addi r4,r20,0xfffffff4
    29bc:	9c c0 00 05 	l.addi r6,r0,0x5
    29c0:	e0 84 28 03 	l.and r4,r4,r5
    29c4:	e0 a2 20 00 	l.add r5,r2,r4
    29c8:	bc a4 00 0f 	l.sfleui r4,0xf
    29cc:	d4 05 30 04 	l.sw 0x4(r5),r6
    29d0:	d4 05 30 08 	l.sw 0x8(r5),r6
    29d4:	84 a2 00 04 	l.lwz r5,0x4(r2)
    29d8:	a4 a5 00 01 	l.andi r5,r5,0x1
    29dc:	e0 84 28 04 	l.or r4,r4,r5
    29e0:	0c 00 00 c2 	l.bnf 2ce8 <_malloc_r+0x8e4>
    29e4:	d4 02 20 04 	l.sw 0x4(r2),r4
    29e8:	18 40 00 00 	l.movhi r2,0x0
    29ec:	a8 42 69 d4 	l.ori r2,r2,0x69d4
    29f0:	84 82 00 00 	l.lwz r4,0x0(r2)
    29f4:	e4 a3 20 00 	l.sfleu r3,r4
    29f8:	10 00 00 03 	l.bf 2a04 <_malloc_r+0x600>
    29fc:	18 80 00 00 	l.movhi r4,0x0
    2a00:	d4 02 18 00 	l.sw 0x0(r2),r3
    2a04:	a8 84 69 d8 	l.ori r4,r4,0x69d8
    2a08:	84 44 00 00 	l.lwz r2,0x0(r4)
    2a0c:	e4 43 10 00 	l.sfgtu r3,r2
    2a10:	0c 00 00 65 	l.bnf 2ba4 <_malloc_r+0x7a0>
    2a14:	15 00 00 00 	l.nop 0x0
    2a18:	d4 04 18 00 	l.sw 0x0(r4),r3
    2a1c:	84 52 00 08 	l.lwz r2,0x8(r18)
    2a20:	9c 60 ff fc 	l.addi r3,r0,0xfffffffc
    2a24:	84 82 00 04 	l.lwz r4,0x4(r2)
    2a28:	e0 84 18 03 	l.and r4,r4,r3
    2a2c:	e0 64 70 02 	l.sub r3,r4,r14
    2a30:	bd a3 00 0f 	l.sflesi r3,0xf
    2a34:	10 00 00 03 	l.bf 2a40 <_malloc_r+0x63c>
    2a38:	9c a0 00 01 	l.addi r5,r0,0x1
    2a3c:	9c a0 00 00 	l.addi r5,r0,0x0
    2a40:	a4 a5 00 ff 	l.andi r5,r5,0xff
    2a44:	bc 25 00 00 	l.sfnei r5,0x0
    2a48:	10 00 00 09 	l.bf 2a6c <_malloc_r+0x668>
    2a4c:	e4 4e 20 00 	l.sfgtu r14,r4
    2a50:	10 00 00 03 	l.bf 2a5c <_malloc_r+0x658>
    2a54:	9c c0 00 01 	l.addi r6,r0,0x1
    2a58:	a8 c5 00 00 	l.ori r6,r5,0x0
    2a5c:	a4 c6 00 ff 	l.andi r6,r6,0xff
    2a60:	bc 06 00 00 	l.sfeqi r6,0x0
    2a64:	13 ff ff 72 	l.bf 282c <_malloc_r+0x428>
    2a68:	a8 8e 00 01 	l.ori r4,r14,0x1
    2a6c:	04 00 00 b8 	l.jal 2d4c <__malloc_unlock>
    2a70:	a8 70 00 00 	l.ori r3,r16,0x0
    2a74:	03 ff fe 9b 	l.j 24e0 <_malloc_r+0xdc>
    2a78:	9d 60 00 00 	l.addi r11,r0,0x0
    2a7c:	0c 00 00 3d 	l.bnf 2b70 <_malloc_r+0x76c>
    2a80:	bc 47 00 54 	l.sfgtui r7,0x54
    2a84:	10 00 00 4d 	l.bf 2bb8 <_malloc_r+0x7b4>
    2a88:	bc 47 01 54 	l.sfgtui r7,0x154
    2a8c:	b8 ee 00 4c 	l.srli r7,r14,0xc
    2a90:	9c e7 00 6e 	l.addi r7,r7,0x6e
    2a94:	03 ff fe aa 	l.j 253c <_malloc_r+0x138>
    2a98:	b8 67 00 03 	l.slli r3,r7,0x3
    2a9c:	e0 82 70 00 	l.add r4,r2,r14
    2aa0:	a9 ce 00 01 	l.ori r14,r14,0x1
    2aa4:	a8 e3 00 01 	l.ori r7,r3,0x1
    2aa8:	e0 a4 18 00 	l.add r5,r4,r3
    2aac:	d4 02 70 04 	l.sw 0x4(r2),r14
    2ab0:	d4 06 20 0c 	l.sw 0xc(r6),r4
    2ab4:	d4 06 20 08 	l.sw 0x8(r6),r4
    2ab8:	d4 05 18 00 	l.sw 0x0(r5),r3
    2abc:	d4 04 30 0c 	l.sw 0xc(r4),r6
    2ac0:	d4 04 30 08 	l.sw 0x8(r4),r6
    2ac4:	d4 04 38 04 	l.sw 0x4(r4),r7
    2ac8:	04 00 00 a1 	l.jal 2d4c <__malloc_unlock>
    2acc:	a8 70 00 00 	l.ori r3,r16,0x0
    2ad0:	03 ff fe 84 	l.j 24e0 <_malloc_r+0xdc>
    2ad4:	9d 62 00 08 	l.addi r11,r2,0x8
    2ad8:	9c 62 00 08 	l.addi r3,r2,0x8
    2adc:	84 43 00 0c 	l.lwz r2,0xc(r3)
    2ae0:	e4 03 10 00 	l.sfeq r3,r2
    2ae4:	0f ff fe 71 	l.bnf 24a8 <_malloc_r+0xa4>
    2ae8:	9c e7 00 02 	l.addi r7,r7,0x2
    2aec:	03 ff fe b4 	l.j 25bc <_malloc_r+0x1b8>
    2af0:	18 c0 00 00 	l.movhi r6,0x0
    2af4:	e0 62 70 00 	l.add r3,r2,r14
    2af8:	84 a2 00 0c 	l.lwz r5,0xc(r2)
    2afc:	84 e2 00 08 	l.lwz r7,0x8(r2)
    2b00:	a9 ce 00 01 	l.ori r14,r14,0x1
    2b04:	d4 07 28 0c 	l.sw 0xc(r7),r5
    2b08:	d4 05 38 08 	l.sw 0x8(r5),r7
    2b0c:	e0 a3 20 00 	l.add r5,r3,r4
    2b10:	a8 e4 00 01 	l.ori r7,r4,0x1
    2b14:	d4 06 18 0c 	l.sw 0xc(r6),r3
    2b18:	d4 06 18 08 	l.sw 0x8(r6),r3
    2b1c:	d4 02 70 04 	l.sw 0x4(r2),r14
    2b20:	d4 03 30 0c 	l.sw 0xc(r3),r6
    2b24:	d4 03 30 08 	l.sw 0x8(r3),r6
    2b28:	d4 03 38 04 	l.sw 0x4(r3),r7
    2b2c:	d4 05 20 00 	l.sw 0x0(r5),r4
    2b30:	04 00 00 87 	l.jal 2d4c <__malloc_unlock>
    2b34:	a8 70 00 00 	l.ori r3,r16,0x0
    2b38:	03 ff fe 6a 	l.j 24e0 <_malloc_r+0xdc>
    2b3c:	9d 62 00 08 	l.addi r11,r2,0x8
    2b40:	e0 a2 28 00 	l.add r5,r2,r5
    2b44:	84 62 00 0c 	l.lwz r3,0xc(r2)
    2b48:	84 c5 00 04 	l.lwz r6,0x4(r5)
    2b4c:	84 82 00 08 	l.lwz r4,0x8(r2)
    2b50:	a8 c6 00 01 	l.ori r6,r6,0x1
    2b54:	d4 04 18 0c 	l.sw 0xc(r4),r3
    2b58:	d4 03 20 08 	l.sw 0x8(r3),r4
    2b5c:	d4 05 30 04 	l.sw 0x4(r5),r6
    2b60:	04 00 00 7b 	l.jal 2d4c <__malloc_unlock>
    2b64:	a8 70 00 00 	l.ori r3,r16,0x0
    2b68:	03 ff fe 5e 	l.j 24e0 <_malloc_r+0xdc>
    2b6c:	9d 62 00 08 	l.addi r11,r2,0x8
    2b70:	9c e7 00 5b 	l.addi r7,r7,0x5b
    2b74:	03 ff fe 72 	l.j 253c <_malloc_r+0x138>
    2b78:	b8 67 00 03 	l.slli r3,r7,0x3
    2b7c:	10 00 00 21 	l.bf 2c00 <_malloc_r+0x7fc>
    2b80:	bc 43 00 54 	l.sfgtui r3,0x54
    2b84:	03 ff fe f7 	l.j 2760 <_malloc_r+0x35c>
    2b88:	9d 03 00 5b 	l.addi r8,r3,0x5b
    2b8c:	03 ff ff 24 	l.j 281c <_malloc_r+0x418>
    2b90:	a8 a4 00 00 	l.ori r5,r4,0x0
    2b94:	a8 a5 64 28 	l.ori r5,r5,0x6428
    2b98:	e4 02 28 00 	l.sfeq r2,r5
    2b9c:	13 ff ff 5a 	l.bf 2904 <_malloc_r+0x500>
    2ba0:	15 00 00 00 	l.nop 0x0
    2ba4:	84 52 00 08 	l.lwz r2,0x8(r18)
    2ba8:	9d 60 ff fc 	l.addi r11,r0,0xfffffffc
    2bac:	84 82 00 04 	l.lwz r4,0x4(r2)
    2bb0:	03 ff ff 9f 	l.j 2a2c <_malloc_r+0x628>
    2bb4:	e0 84 58 03 	l.and r4,r4,r11
    2bb8:	10 00 00 0c 	l.bf 2be8 <_malloc_r+0x7e4>
    2bbc:	bc 47 05 54 	l.sfgtui r7,0x554
    2bc0:	b8 ee 00 4f 	l.srli r7,r14,0xf
    2bc4:	9c e7 00 77 	l.addi r7,r7,0x77
    2bc8:	03 ff fe 5d 	l.j 253c <_malloc_r+0x138>
    2bcc:	b8 67 00 03 	l.slli r3,r7,0x3
    2bd0:	85 72 00 04 	l.lwz r11,0x4(r18)
    2bd4:	e0 a4 40 08 	l.sll r5,r4,r8
    2bd8:	a8 83 00 00 	l.ori r4,r3,0x0
    2bdc:	e0 ab 28 04 	l.or r5,r11,r5
    2be0:	03 ff fe f5 	l.j 27b4 <_malloc_r+0x3b0>
    2be4:	d4 12 28 04 	l.sw 0x4(r18),r5
    2be8:	10 00 00 2a 	l.bf 2c90 <_malloc_r+0x88c>
    2bec:	15 00 00 00 	l.nop 0x0
    2bf0:	b8 ee 00 52 	l.srli r7,r14,0x12
    2bf4:	9c e7 00 7c 	l.addi r7,r7,0x7c
    2bf8:	03 ff fe 51 	l.j 253c <_malloc_r+0x138>
    2bfc:	b8 67 00 03 	l.slli r3,r7,0x3
    2c00:	10 00 00 2c 	l.bf 2cb0 <_malloc_r+0x8ac>
    2c04:	bc 43 01 54 	l.sfgtui r3,0x154
    2c08:	b9 04 00 4c 	l.srli r8,r4,0xc
    2c0c:	03 ff fe d5 	l.j 2760 <_malloc_r+0x35c>
    2c10:	9d 08 00 6e 	l.addi r8,r8,0x6e
    2c14:	9c 60 00 01 	l.addi r3,r0,0x1
    2c18:	a8 58 00 00 	l.ori r2,r24,0x0
    2c1c:	d4 18 18 04 	l.sw 0x4(r24),r3
    2c20:	03 ff ff 83 	l.j 2a2c <_malloc_r+0x628>
    2c24:	9c 80 00 00 	l.addi r4,r0,0x0
    2c28:	a8 4c 00 00 	l.ori r2,r12,0x0
    2c2c:	a4 a7 00 03 	l.andi r5,r7,0x3
    2c30:	bc 25 00 00 	l.sfnei r5,0x0
    2c34:	0c 00 00 3f 	l.bnf 2d30 <_malloc_r+0x92c>
    2c38:	9c 82 ff f8 	l.addi r4,r2,0xfffffff8
    2c3c:	84 42 00 00 	l.lwz r2,0x0(r2)
    2c40:	e4 22 20 00 	l.sfne r2,r4
    2c44:	0f ff ff fa 	l.bnf 2c2c <_malloc_r+0x828>
    2c48:	9c e7 ff ff 	l.addi r7,r7,0xffffffff
    2c4c:	e0 63 18 00 	l.add r3,r3,r3
    2c50:	84 52 00 04 	l.lwz r2,0x4(r18)
    2c54:	e4 43 10 00 	l.sfgtu r3,r2
    2c58:	13 ff fe e2 	l.bf 27e0 <_malloc_r+0x3dc>
    2c5c:	bc 03 00 00 	l.sfeqi r3,0x0
    2c60:	13 ff fe e0 	l.bf 27e0 <_malloc_r+0x3dc>
    2c64:	e0 83 10 03 	l.and r4,r3,r2
    2c68:	bc 24 00 00 	l.sfnei r4,0x0
    2c6c:	13 ff fe 89 	l.bf 2690 <_malloc_r+0x28c>
    2c70:	a8 eb 00 00 	l.ori r7,r11,0x0
    2c74:	e0 63 18 00 	l.add r3,r3,r3
    2c78:	e0 83 10 03 	l.and r4,r3,r2
    2c7c:	bc 04 00 00 	l.sfeqi r4,0x0
    2c80:	13 ff ff fd 	l.bf 2c74 <_malloc_r+0x870>
    2c84:	9d 6b 00 04 	l.addi r11,r11,0x4
    2c88:	03 ff fe 82 	l.j 2690 <_malloc_r+0x28c>
    2c8c:	a8 eb 00 00 	l.ori r7,r11,0x0
    2c90:	9c 60 03 f0 	l.addi r3,r0,0x3f0
    2c94:	03 ff fe 2a 	l.j 253c <_malloc_r+0x138>
    2c98:	9c e0 00 7e 	l.addi r7,r0,0x7e
    2c9c:	84 52 00 08 	l.lwz r2,0x8(r18)
    2ca0:	9c 60 ff fc 	l.addi r3,r0,0xfffffffc
    2ca4:	84 82 00 04 	l.lwz r4,0x4(r2)
    2ca8:	03 ff ff 61 	l.j 2a2c <_malloc_r+0x628>
    2cac:	e0 84 18 03 	l.and r4,r4,r3
    2cb0:	10 00 00 1b 	l.bf 2d1c <_malloc_r+0x918>
    2cb4:	bc 43 05 54 	l.sfgtui r3,0x554
    2cb8:	b9 04 00 4f 	l.srli r8,r4,0xf
    2cbc:	03 ff fe a9 	l.j 2760 <_malloc_r+0x35c>
    2cc0:	9d 08 00 77 	l.addi r8,r8,0x77
    2cc4:	a4 a4 0f ff 	l.andi r5,r4,0xfff
    2cc8:	bc 25 00 00 	l.sfnei r5,0x0
    2ccc:	13 ff ff 15 	l.bf 2920 <_malloc_r+0x51c>
    2cd0:	15 00 00 00 	l.nop 0x0
    2cd4:	e0 56 a0 00 	l.add r2,r22,r20
    2cd8:	84 92 00 08 	l.lwz r4,0x8(r18)
    2cdc:	a8 42 00 01 	l.ori r2,r2,0x1
    2ce0:	03 ff ff 42 	l.j 29e8 <_malloc_r+0x5e4>
    2ce4:	d4 04 10 04 	l.sw 0x4(r4),r2
    2ce8:	9c 82 00 08 	l.addi r4,r2,0x8
    2cec:	18 40 00 00 	l.movhi r2,0x0
    2cf0:	a8 70 00 00 	l.ori r3,r16,0x0
    2cf4:	04 00 02 7b 	l.jal 36e0 <_free_r>
    2cf8:	a8 42 69 dc 	l.ori r2,r2,0x69dc
    2cfc:	03 ff ff 3b 	l.j 29e8 <_malloc_r+0x5e4>
    2d00:	84 62 00 00 	l.lwz r3,0x0(r2)
    2d04:	03 ff ff 21 	l.j 2988 <_malloc_r+0x584>
    2d08:	9e c0 00 00 	l.addi r22,r0,0x0
    2d0c:	18 60 00 00 	l.movhi r3,0x0
    2d10:	a8 63 68 34 	l.ori r3,r3,0x6834
    2d14:	03 ff ff 09 	l.j 2938 <_malloc_r+0x534>
    2d18:	d4 03 58 00 	l.sw 0x0(r3),r11
    2d1c:	13 ff fe 91 	l.bf 2760 <_malloc_r+0x35c>
    2d20:	9d 00 00 7e 	l.addi r8,r0,0x7e
    2d24:	b9 04 00 52 	l.srli r8,r4,0x12
    2d28:	03 ff fe 8e 	l.j 2760 <_malloc_r+0x35c>
    2d2c:	9d 08 00 7c 	l.addi r8,r8,0x7c
    2d30:	84 92 00 04 	l.lwz r4,0x4(r18)
    2d34:	ac 43 ff ff 	l.xori r2,r3,0xffffffff
    2d38:	e0 44 10 03 	l.and r2,r4,r2
    2d3c:	03 ff ff c4 	l.j 2c4c <_malloc_r+0x848>
    2d40:	d4 12 10 04 	l.sw 0x4(r18),r2

00002d44 <__malloc_lock>:
    2d44:	44 00 48 00 	l.jr r9
    2d48:	15 00 00 00 	l.nop 0x0

00002d4c <__malloc_unlock>:
    2d4c:	44 00 48 00 	l.jr r9
    2d50:	15 00 00 00 	l.nop 0x0

00002d54 <or1k_dmmu_enable>:
    2d54:	b4 60 00 11 	l.mfspr r3,r0,0x11
    2d58:	a8 63 00 20 	l.ori r3,r3,0x20
    2d5c:	c0 00 18 40 	l.mtspr r0,r3,0x40
    2d60:	c0 00 48 20 	l.mtspr r0,r9,0x20
    2d64:	24 00 00 00 	l.rfe 
    2d68:	15 00 00 00 	l.nop 0x0

00002d6c <or1k_dmmu_disable>:
    2d6c:	a8 60 00 20 	l.ori r3,r0,0x20
    2d70:	ac 83 ff ff 	l.xori r4,r3,0xffffffff
    2d74:	b4 60 00 11 	l.mfspr r3,r0,0x11
    2d78:	e0 64 18 03 	l.and r3,r4,r3
    2d7c:	c0 00 18 40 	l.mtspr r0,r3,0x40
    2d80:	c0 00 48 20 	l.mtspr r0,r9,0x20
    2d84:	24 00 00 00 	l.rfe 
    2d88:	15 00 00 00 	l.nop 0x0

00002d8c <or1k_immu_enable>:
    2d8c:	b4 60 00 11 	l.mfspr r3,r0,0x11
    2d90:	a8 63 00 40 	l.ori r3,r3,0x40
    2d94:	c0 00 18 40 	l.mtspr r0,r3,0x40
    2d98:	c0 00 48 20 	l.mtspr r0,r9,0x20
    2d9c:	24 00 00 00 	l.rfe 
    2da0:	15 00 00 00 	l.nop 0x0

00002da4 <or1k_immu_disable>:
    2da4:	a8 60 00 40 	l.ori r3,r0,0x40
    2da8:	ac 83 ff ff 	l.xori r4,r3,0xffffffff
    2dac:	b4 60 00 11 	l.mfspr r3,r0,0x11
    2db0:	e0 64 18 03 	l.and r3,r4,r3
    2db4:	c0 00 18 40 	l.mtspr r0,r3,0x40
    2db8:	c0 00 48 20 	l.mtspr r0,r9,0x20
    2dbc:	24 00 00 00 	l.rfe 
    2dc0:	15 00 00 00 	l.nop 0x0

00002dc4 <or1k_cache_init>:
    2dc4:	b4 60 00 01 	l.mfspr r3,r0,0x1
    2dc8:	a4 83 00 04 	l.andi r4,r3,0x4
    2dcc:	e4 04 00 00 	l.sfeq r4,r0
    2dd0:	10 00 00 21 	l.bf 2e54 <or1k_cache_init+0x90>
    2dd4:	15 00 00 00 	l.nop 0x0
    2dd8:	b4 c0 00 11 	l.mfspr r6,r0,0x11
    2ddc:	9c a0 ff ff 	l.addi r5,r0,0xffffffff
    2de0:	ac a5 00 10 	l.xori r5,r5,0x10
    2de4:	e0 a6 28 03 	l.and r5,r6,r5
    2de8:	c0 00 28 11 	l.mtspr r0,r5,0x11
    2dec:	b4 60 00 06 	l.mfspr r3,r0,0x6
    2df0:	a4 83 00 80 	l.andi r4,r3,0x80
    2df4:	b8 e4 00 47 	l.srli r7,r4,0x7
    2df8:	a9 00 00 10 	l.ori r8,r0,0x10
    2dfc:	e1 c8 38 08 	l.sll r14,r8,r7
    2e00:	a4 83 00 78 	l.andi r4,r3,0x78
    2e04:	b8 e4 00 43 	l.srli r7,r4,0x3
    2e08:	a9 00 00 01 	l.ori r8,r0,0x1
    2e0c:	e1 a8 38 08 	l.sll r13,r8,r7
    2e10:	9c c0 00 00 	l.addi r6,r0,0x0
    2e14:	e0 ae 38 08 	l.sll r5,r14,r7
    2e18:	c0 80 30 02 	l.mtspr r0,r6,0x2002
    2e1c:	e4 26 28 00 	l.sfne r6,r5
    2e20:	13 ff ff fe 	l.bf 2e18 <or1k_cache_init+0x54>
    2e24:	e0 c6 70 00 	l.add r6,r6,r14
    2e28:	b4 c0 00 11 	l.mfspr r6,r0,0x11
    2e2c:	a8 c6 00 10 	l.ori r6,r6,0x10
    2e30:	c0 00 30 11 	l.mtspr r0,r6,0x11
    2e34:	15 00 00 00 	l.nop 0x0
    2e38:	15 00 00 00 	l.nop 0x0
    2e3c:	15 00 00 00 	l.nop 0x0
    2e40:	15 00 00 00 	l.nop 0x0
    2e44:	15 00 00 00 	l.nop 0x0
    2e48:	15 00 00 00 	l.nop 0x0
    2e4c:	15 00 00 00 	l.nop 0x0
    2e50:	15 00 00 00 	l.nop 0x0
    2e54:	b4 60 00 01 	l.mfspr r3,r0,0x1
    2e58:	a4 83 00 02 	l.andi r4,r3,0x2
    2e5c:	e4 04 00 00 	l.sfeq r4,r0
    2e60:	10 00 00 19 	l.bf 2ec4 <or1k_cache_init+0x100>
    2e64:	15 00 00 00 	l.nop 0x0
    2e68:	b4 c0 00 11 	l.mfspr r6,r0,0x11
    2e6c:	9c a0 ff ff 	l.addi r5,r0,0xffffffff
    2e70:	ac a5 00 08 	l.xori r5,r5,0x8
    2e74:	e0 a6 28 03 	l.and r5,r6,r5
    2e78:	c0 00 28 11 	l.mtspr r0,r5,0x11
    2e7c:	b4 60 00 05 	l.mfspr r3,r0,0x5
    2e80:	a4 83 00 80 	l.andi r4,r3,0x80
    2e84:	b8 e4 00 47 	l.srli r7,r4,0x7
    2e88:	a9 00 00 10 	l.ori r8,r0,0x10
    2e8c:	e1 c8 38 08 	l.sll r14,r8,r7
    2e90:	a4 83 00 78 	l.andi r4,r3,0x78
    2e94:	b8 e4 00 43 	l.srli r7,r4,0x3
    2e98:	a9 00 00 01 	l.ori r8,r0,0x1
    2e9c:	e1 a8 38 08 	l.sll r13,r8,r7
    2ea0:	9c c0 00 00 	l.addi r6,r0,0x0
    2ea4:	e0 ae 38 08 	l.sll r5,r14,r7
    2ea8:	c0 60 30 03 	l.mtspr r0,r6,0x1803
    2eac:	e4 26 28 00 	l.sfne r6,r5
    2eb0:	13 ff ff fe 	l.bf 2ea8 <or1k_cache_init+0xe4>
    2eb4:	e0 c6 70 00 	l.add r6,r6,r14
    2eb8:	b4 c0 00 11 	l.mfspr r6,r0,0x11
    2ebc:	a8 c6 00 08 	l.ori r6,r6,0x8
    2ec0:	c0 00 30 11 	l.mtspr r0,r6,0x11
    2ec4:	44 00 48 00 	l.jr r9
    2ec8:	15 00 00 00 	l.nop 0x0

00002ecc <or1k_icache_enable>:
    2ecc:	b5 a0 00 11 	l.mfspr r13,r0,0x11
    2ed0:	a9 ad 00 10 	l.ori r13,r13,0x10
    2ed4:	c0 00 68 11 	l.mtspr r0,r13,0x11
    2ed8:	15 00 00 00 	l.nop 0x0
    2edc:	15 00 00 00 	l.nop 0x0
    2ee0:	15 00 00 00 	l.nop 0x0
    2ee4:	15 00 00 00 	l.nop 0x0
    2ee8:	15 00 00 00 	l.nop 0x0
    2eec:	44 00 48 00 	l.jr r9
    2ef0:	15 00 00 00 	l.nop 0x0

00002ef4 <or1k_icache_disble>:
    2ef4:	b5 a0 00 11 	l.mfspr r13,r0,0x11
    2ef8:	9d 80 ff ff 	l.addi r12,r0,0xffffffff
    2efc:	ad 8c 00 10 	l.xori r12,r12,0x10
    2f00:	e1 8d 60 03 	l.and r12,r13,r12
    2f04:	c0 00 60 11 	l.mtspr r0,r12,0x11
    2f08:	44 00 48 00 	l.jr r9
    2f0c:	15 00 00 00 	l.nop 0x0

00002f10 <or1k_icache_flush>:
    2f10:	44 00 48 00 	l.jr r9
    2f14:	c0 80 18 02 	l.mtspr r0,r3,0x2002

00002f18 <or1k_dcache_enable>:
    2f18:	b5 a0 00 11 	l.mfspr r13,r0,0x11
    2f1c:	a9 ad 00 08 	l.ori r13,r13,0x8
    2f20:	c0 00 68 11 	l.mtspr r0,r13,0x11
    2f24:	15 00 00 00 	l.nop 0x0
    2f28:	15 00 00 00 	l.nop 0x0
    2f2c:	15 00 00 00 	l.nop 0x0
    2f30:	15 00 00 00 	l.nop 0x0
    2f34:	15 00 00 00 	l.nop 0x0
    2f38:	44 00 48 00 	l.jr r9
    2f3c:	15 00 00 00 	l.nop 0x0

00002f40 <or1k_dcache_disble>:
    2f40:	b5 a0 00 11 	l.mfspr r13,r0,0x11
    2f44:	9d 80 ff ff 	l.addi r12,r0,0xffffffff
    2f48:	ad 8c 00 08 	l.xori r12,r12,0x8
    2f4c:	e1 8d 60 03 	l.and r12,r13,r12
    2f50:	c0 00 60 11 	l.mtspr r0,r12,0x11
    2f54:	44 00 48 00 	l.jr r9
    2f58:	15 00 00 00 	l.nop 0x0

00002f5c <or1k_dcache_flush>:
    2f5c:	44 00 48 00 	l.jr r9
    2f60:	c0 60 18 03 	l.mtspr r0,r3,0x1803

00002f64 <or1k_interrupt_handler>:
    2f64:	9c 21 ff f4 	l.addi r1,r1,0xfffffff4
    2f68:	d4 01 48 00 	l.sw 0x0(r1),r9
    2f6c:	b4 60 48 02 	l.mfspr r3,r0,0x4802
    2f70:	18 e0 00 00 	l.movhi r7,0x0
    2f74:	a8 e7 68 38 	l.ori r7,r7,0x6838
    2f78:	19 00 ff ff 	l.movhi r8,0xffff
    2f7c:	a9 08 ff ff 	l.ori r8,r8,0xffff
    2f80:	19 80 00 00 	l.movhi r12,0x0
    2f84:	a9 8c 68 b8 	l.ori r12,r12,0x68b8
    2f88:	e0 83 00 0f 	l.ff1 r4,r3
    2f8c:	e4 24 00 00 	l.sfne r4,r0
    2f90:	0c 00 00 14 	l.bnf 2fe0 <or1k_interrupt_handler+0x7c>
    2f94:	15 00 00 00 	l.nop 0x0
    2f98:	9c a4 ff ff 	l.addi r5,r4,0xffffffff
    2f9c:	b8 c5 00 02 	l.slli r6,r5,0x2
    2fa0:	e0 c6 38 00 	l.add r6,r6,r7
    2fa4:	e1 a6 60 00 	l.add r13,r6,r12
    2fa8:	84 c6 00 00 	l.lwz r6,0x0(r6)
    2fac:	e4 26 40 00 	l.sfne r6,r8
    2fb0:	0c 00 00 08 	l.bnf 2fd0 <or1k_interrupt_handler+0x6c>
    2fb4:	15 00 00 00 	l.nop 0x0
    2fb8:	d4 01 18 04 	l.sw 0x4(r1),r3
    2fbc:	84 6d 00 00 	l.lwz r3,0x0(r13)
    2fc0:	48 00 28 00 	l.jalr r5
    2fc4:	d4 01 28 08 	l.sw 0x8(r1),r5
    2fc8:	84 61 00 04 	l.lwz r3,0x4(r1)
    2fcc:	84 a1 00 08 	l.lwz r5,0x8(r1)
    2fd0:	a8 c0 00 01 	l.ori r6,r0,0x1
    2fd4:	e0 c6 28 08 	l.sll r6,r6,r5
    2fd8:	03 ff ff ec 	l.j 2f88 <or1k_interrupt_handler+0x24>
    2fdc:	e0 63 30 05 	l.xor r3,r3,r6
    2fe0:	85 21 00 00 	l.lwz r9,0x0(r1)
    2fe4:	c1 20 18 02 	l.mtspr r0,r3,0x4802
    2fe8:	44 00 48 00 	l.jr r9
    2fec:	9c 21 00 0c 	l.addi r1,r1,0xc

00002ff0 <or1k_interrupt_handler_add>:
    2ff0:	9c 21 ff fc 	l.addi r1,r1,0xfffffffc
    2ff4:	d4 01 30 00 	l.sw 0x0(r1),r6
    2ff8:	b8 63 00 02 	l.slli r3,r3,0x2
    2ffc:	9c 63 ff fc 	l.addi r3,r3,0xfffffffc
    3000:	18 c0 00 00 	l.movhi r6,0x0
    3004:	a8 c6 68 38 	l.ori r6,r6,0x6838
    3008:	e0 c6 18 00 	l.add r6,r6,r3
    300c:	d4 06 20 00 	l.sw 0x0(r6),r4
    3010:	18 c0 00 00 	l.movhi r6,0x0
    3014:	a8 c6 68 b8 	l.ori r6,r6,0x68b8
    3018:	e0 c6 18 00 	l.add r6,r6,r3
    301c:	d4 06 28 00 	l.sw 0x0(r6),r5
    3020:	84 c1 00 00 	l.lwz r6,0x0(r1)
    3024:	44 00 48 00 	l.jr r9
    3028:	9c 21 00 04 	l.addi r1,r1,0x4

0000302c <or1k_interrupt_enable>:
    302c:	9c 21 ff fc 	l.addi r1,r1,0xfffffffc
    3030:	d4 01 20 00 	l.sw 0x0(r1),r4
    3034:	a8 80 00 01 	l.ori r4,r0,0x1
    3038:	e0 84 18 08 	l.sll r4,r4,r3
    303c:	b4 60 48 00 	l.mfspr r3,r0,0x4800
    3040:	e0 63 20 04 	l.or r3,r3,r4
    3044:	c1 20 18 00 	l.mtspr r0,r3,0x4800
    3048:	84 81 00 00 	l.lwz r4,0x0(r1)
    304c:	44 00 48 00 	l.jr r9
    3050:	9c 21 00 04 	l.addi r1,r1,0x4

00003054 <or1k_interrupt_disable>:
    3054:	9c 21 ff fc 	l.addi r1,r1,0xfffffffc
    3058:	d4 01 20 00 	l.sw 0x0(r1),r4
    305c:	a8 80 00 01 	l.ori r4,r0,0x1
    3060:	e0 84 18 08 	l.sll r4,r4,r3
    3064:	ac 84 ff ff 	l.xori r4,r4,0xffffffff
    3068:	b4 60 48 00 	l.mfspr r3,r0,0x4800
    306c:	e0 63 20 03 	l.and r3,r3,r4
    3070:	c1 20 18 00 	l.mtspr r0,r3,0x4800
    3074:	84 81 00 00 	l.lwz r4,0x0(r1)
    3078:	44 00 48 00 	l.jr r9
    307c:	9c 21 00 04 	l.addi r1,r1,0x4

00003080 <or1k_exception_handler>:
    3080:	d4 01 10 00 	l.sw 0x0(r1),r2
    3084:	d4 01 28 0c 	l.sw 0xc(r1),r5
    3088:	d4 01 30 10 	l.sw 0x10(r1),r6
    308c:	d4 01 38 14 	l.sw 0x14(r1),r7
    3090:	d4 01 40 18 	l.sw 0x18(r1),r8
    3094:	d4 01 48 1c 	l.sw 0x1c(r1),r9
    3098:	d4 01 50 20 	l.sw 0x20(r1),r10
    309c:	d4 01 58 24 	l.sw 0x24(r1),r11
    30a0:	d4 01 60 28 	l.sw 0x28(r1),r12
    30a4:	d4 01 68 2c 	l.sw 0x2c(r1),r13
    30a8:	d4 01 70 30 	l.sw 0x30(r1),r14
    30ac:	d4 01 78 34 	l.sw 0x34(r1),r15
    30b0:	d4 01 80 38 	l.sw 0x38(r1),r16
    30b4:	d4 01 88 3c 	l.sw 0x3c(r1),r17
    30b8:	d4 01 90 40 	l.sw 0x40(r1),r18
    30bc:	d4 01 98 44 	l.sw 0x44(r1),r19
    30c0:	d4 01 a0 48 	l.sw 0x48(r1),r20
    30c4:	d4 01 a8 4c 	l.sw 0x4c(r1),r21
    30c8:	d4 01 b0 50 	l.sw 0x50(r1),r22
    30cc:	d4 01 b8 54 	l.sw 0x54(r1),r23
    30d0:	d4 01 c0 58 	l.sw 0x58(r1),r24
    30d4:	d4 01 c8 5c 	l.sw 0x5c(r1),r25
    30d8:	d4 01 d0 60 	l.sw 0x60(r1),r26
    30dc:	d4 01 d8 64 	l.sw 0x64(r1),r27
    30e0:	d4 01 e0 68 	l.sw 0x68(r1),r28
    30e4:	d4 01 e8 6c 	l.sw 0x6c(r1),r29
    30e8:	d4 01 f0 70 	l.sw 0x70(r1),r30
    30ec:	d4 01 f8 74 	l.sw 0x74(r1),r31
    30f0:	a5 a3 ff ff 	l.andi r13,r3,0xffff
    30f4:	b9 ad 00 46 	l.srli r13,r13,0x6
    30f8:	9d ad ff f8 	l.addi r13,r13,0xfffffff8
    30fc:	19 c0 00 00 	l.movhi r14,0x0
    3100:	a9 ce 69 38 	l.ori r14,r14,0x6938
    3104:	e1 ce 68 00 	l.add r14,r14,r13
    3108:	85 ae 00 00 	l.lwz r13,0x0(r14)
    310c:	19 e0 ff ff 	l.movhi r15,0xffff
    3110:	a9 ef ff ff 	l.ori r15,r15,0xffff
    3114:	e4 2d 78 00 	l.sfne r13,r15
    3118:	0c 00 00 25 	l.bnf 31ac <exception_exit>
    311c:	15 00 00 00 	l.nop 0x0
    3120:	48 00 68 00 	l.jalr r13
    3124:	e0 64 20 04 	l.or r3,r4,r4
    3128:	84 41 00 00 	l.lwz r2,0x0(r1)
    312c:	84 61 00 04 	l.lwz r3,0x4(r1)
    3130:	84 81 00 08 	l.lwz r4,0x8(r1)
    3134:	84 a1 00 0c 	l.lwz r5,0xc(r1)
    3138:	84 c1 00 10 	l.lwz r6,0x10(r1)
    313c:	84 e1 00 14 	l.lwz r7,0x14(r1)
    3140:	85 01 00 18 	l.lwz r8,0x18(r1)
    3144:	85 21 00 1c 	l.lwz r9,0x1c(r1)
    3148:	85 41 00 20 	l.lwz r10,0x20(r1)
    314c:	85 61 00 24 	l.lwz r11,0x24(r1)
    3150:	85 81 00 28 	l.lwz r12,0x28(r1)
    3154:	85 a1 00 2c 	l.lwz r13,0x2c(r1)
    3158:	85 c1 00 30 	l.lwz r14,0x30(r1)
    315c:	85 e1 00 34 	l.lwz r15,0x34(r1)
    3160:	86 01 00 38 	l.lwz r16,0x38(r1)
    3164:	86 21 00 3c 	l.lwz r17,0x3c(r1)
    3168:	86 41 00 40 	l.lwz r18,0x40(r1)
    316c:	86 61 00 44 	l.lwz r19,0x44(r1)
    3170:	86 81 00 48 	l.lwz r20,0x48(r1)
    3174:	86 a1 00 4c 	l.lwz r21,0x4c(r1)
    3178:	86 c1 00 50 	l.lwz r22,0x50(r1)
    317c:	86 e1 00 54 	l.lwz r23,0x54(r1)
    3180:	87 01 00 58 	l.lwz r24,0x58(r1)
    3184:	87 21 00 5c 	l.lwz r25,0x5c(r1)
    3188:	87 41 00 60 	l.lwz r26,0x60(r1)
    318c:	87 61 00 64 	l.lwz r27,0x64(r1)
    3190:	87 81 00 68 	l.lwz r28,0x68(r1)
    3194:	87 a1 00 6c 	l.lwz r29,0x6c(r1)
    3198:	87 c1 00 70 	l.lwz r30,0x70(r1)
    319c:	87 e1 00 74 	l.lwz r31,0x74(r1)
    31a0:	9c 21 01 00 	l.addi r1,r1,0x100
    31a4:	24 00 00 00 	l.rfe 
    31a8:	15 00 00 00 	l.nop 0x0

000031ac <exception_exit>:
    31ac:	07 ff fc 71 	l.jal 2370 <exit>
    31b0:	e0 64 20 04 	l.or r3,r4,r4

000031b4 <or1k_exception_handler_add>:
    31b4:	9c 21 ff fc 	l.addi r1,r1,0xfffffffc
    31b8:	d4 01 28 00 	l.sw 0x0(r1),r5
    31bc:	b8 63 00 02 	l.slli r3,r3,0x2
    31c0:	9c 63 ff f8 	l.addi r3,r3,0xfffffff8
    31c4:	18 a0 00 00 	l.movhi r5,0x0
    31c8:	a8 a5 69 38 	l.ori r5,r5,0x6938
    31cc:	e0 a5 18 00 	l.add r5,r5,r3
    31d0:	d4 05 20 00 	l.sw 0x0(r5),r4
    31d4:	84 a1 00 00 	l.lwz r5,0x0(r1)
    31d8:	44 00 48 00 	l.jr r9
    31dc:	9c 21 00 04 	l.addi r1,r1,0x4

000031e0 <_sbrk_r>:
    31e0:	d7 e1 17 f4 	l.sw 0xfffffff4(r1),r2
    31e4:	18 40 00 00 	l.movhi r2,0x0
    31e8:	d7 e1 77 f8 	l.sw 0xfffffff8(r1),r14
    31ec:	a8 42 6a 04 	l.ori r2,r2,0x6a04
    31f0:	a9 c3 00 00 	l.ori r14,r3,0x0
    31f4:	a8 64 00 00 	l.ori r3,r4,0x0
    31f8:	9c 80 00 00 	l.addi r4,r0,0x0
    31fc:	d7 e1 4f fc 	l.sw 0xfffffffc(r1),r9
    3200:	d4 02 20 00 	l.sw 0x0(r2),r4
    3204:	04 00 02 a6 	l.jal 3c9c <_sbrk>
    3208:	9c 21 ff f4 	l.addi r1,r1,0xfffffff4
    320c:	bc 2b ff ff 	l.sfnei r11,0xffffffff
    3210:	0c 00 00 07 	l.bnf 322c <_sbrk_r+0x4c>
    3214:	15 00 00 00 	l.nop 0x0
    3218:	9c 21 00 0c 	l.addi r1,r1,0xc
    321c:	85 21 ff fc 	l.lwz r9,0xfffffffc(r1)
    3220:	84 41 ff f4 	l.lwz r2,0xfffffff4(r1)
    3224:	44 00 48 00 	l.jr r9
    3228:	85 c1 ff f8 	l.lwz r14,0xfffffff8(r1)
    322c:	84 42 00 00 	l.lwz r2,0x0(r2)
    3230:	bc 02 00 00 	l.sfeqi r2,0x0
    3234:	13 ff ff f9 	l.bf 3218 <_sbrk_r+0x38>
    3238:	15 00 00 00 	l.nop 0x0
    323c:	d4 0e 10 00 	l.sw 0x0(r14),r2
    3240:	9c 21 00 0c 	l.addi r1,r1,0xc
    3244:	85 21 ff fc 	l.lwz r9,0xfffffffc(r1)
    3248:	84 41 ff f4 	l.lwz r2,0xfffffff4(r1)
    324c:	44 00 48 00 	l.jr r9
    3250:	85 c1 ff f8 	l.lwz r14,0xfffffff8(r1)

00003254 <__register_exitproc>:
    3254:	d7 e1 17 e4 	l.sw 0xffffffe4(r1),r2
    3258:	a8 43 00 00 	l.ori r2,r3,0x0
    325c:	18 60 00 00 	l.movhi r3,0x0
    3260:	d7 e1 b7 f8 	l.sw 0xfffffff8(r1),r22
    3264:	a8 63 3f d8 	l.ori r3,r3,0x3fd8
    3268:	d7 e1 87 ec 	l.sw 0xffffffec(r1),r16
    326c:	86 c3 00 00 	l.lwz r22,0x0(r3)
    3270:	d7 e1 97 f0 	l.sw 0xfffffff0(r1),r18
    3274:	d7 e1 a7 f4 	l.sw 0xfffffff4(r1),r20
    3278:	d7 e1 4f fc 	l.sw 0xfffffffc(r1),r9
    327c:	d7 e1 77 e8 	l.sw 0xffffffe8(r1),r14
    3280:	84 f6 01 48 	l.lwz r7,0x148(r22)
    3284:	9c 21 ff e4 	l.addi r1,r1,0xffffffe4
    3288:	aa 04 00 00 	l.ori r16,r4,0x0
    328c:	aa 85 00 00 	l.ori r20,r5,0x0
    3290:	bc 27 00 00 	l.sfnei r7,0x0
    3294:	0c 00 00 2c 	l.bnf 3344 <__register_exitproc+0xf0>
    3298:	aa 46 00 00 	l.ori r18,r6,0x0
    329c:	85 07 00 04 	l.lwz r8,0x4(r7)
    32a0:	bd a8 00 1f 	l.sflesi r8,0x1f
    32a4:	0c 00 00 2b 	l.bnf 3350 <__register_exitproc+0xfc>
    32a8:	18 60 00 00 	l.movhi r3,0x0
    32ac:	bc 02 00 00 	l.sfeqi r2,0x0
    32b0:	0c 00 00 13 	l.bnf 32fc <__register_exitproc+0xa8>
    32b4:	9c 88 00 42 	l.addi r4,r8,0x42
    32b8:	9c 48 00 02 	l.addi r2,r8,0x2
    32bc:	9d 08 00 01 	l.addi r8,r8,0x1
    32c0:	b8 42 00 02 	l.slli r2,r2,0x2
    32c4:	d4 07 40 04 	l.sw 0x4(r7),r8
    32c8:	9d c0 00 00 	l.addi r14,r0,0x0
    32cc:	e0 e7 10 00 	l.add r7,r7,r2
    32d0:	d4 07 80 00 	l.sw 0x0(r7),r16
    32d4:	9c 21 00 1c 	l.addi r1,r1,0x1c
    32d8:	a9 6e 00 00 	l.ori r11,r14,0x0
    32dc:	85 21 ff fc 	l.lwz r9,0xfffffffc(r1)
    32e0:	84 41 ff e4 	l.lwz r2,0xffffffe4(r1)
    32e4:	85 c1 ff e8 	l.lwz r14,0xffffffe8(r1)
    32e8:	86 01 ff ec 	l.lwz r16,0xffffffec(r1)
    32ec:	86 41 ff f0 	l.lwz r18,0xfffffff0(r1)
    32f0:	86 81 ff f4 	l.lwz r20,0xfffffff4(r1)
    32f4:	44 00 48 00 	l.jr r9
    32f8:	86 c1 ff f8 	l.lwz r22,0xfffffff8(r1)
    32fc:	9c c8 00 22 	l.addi r6,r8,0x22
    3300:	9c 60 00 01 	l.addi r3,r0,0x1
    3304:	b8 c6 00 02 	l.slli r6,r6,0x2
    3308:	e0 63 40 08 	l.sll r3,r3,r8
    330c:	b8 84 00 02 	l.slli r4,r4,0x2
    3310:	84 a7 01 88 	l.lwz r5,0x188(r7)
    3314:	e0 c7 30 00 	l.add r6,r7,r6
    3318:	e0 a5 18 04 	l.or r5,r5,r3
    331c:	e0 87 20 00 	l.add r4,r7,r4
    3320:	d4 06 a0 00 	l.sw 0x0(r6),r20
    3324:	d4 07 29 88 	l.sw 0x188(r7),r5
    3328:	bc 22 00 02 	l.sfnei r2,0x2
    332c:	13 ff ff e3 	l.bf 32b8 <__register_exitproc+0x64>
    3330:	d4 04 90 00 	l.sw 0x0(r4),r18
    3334:	84 47 01 8c 	l.lwz r2,0x18c(r7)
    3338:	e0 62 18 04 	l.or r3,r2,r3
    333c:	03 ff ff df 	l.j 32b8 <__register_exitproc+0x64>
    3340:	d4 07 19 8c 	l.sw 0x18c(r7),r3
    3344:	9c f6 01 4c 	l.addi r7,r22,0x14c
    3348:	03 ff ff d5 	l.j 329c <__register_exitproc+0x48>
    334c:	d4 16 39 48 	l.sw 0x148(r22),r7
    3350:	a8 63 23 b4 	l.ori r3,r3,0x23b4
    3354:	bc 03 00 00 	l.sfeqi r3,0x0
    3358:	13 ff ff df 	l.bf 32d4 <__register_exitproc+0x80>
    335c:	9d c0 ff ff 	l.addi r14,r0,0xffffffff
    3360:	07 ff fc 15 	l.jal 23b4 <malloc>
    3364:	9c 60 01 90 	l.addi r3,r0,0x190
    3368:	bc 0b 00 00 	l.sfeqi r11,0x0
    336c:	13 ff ff da 	l.bf 32d4 <__register_exitproc+0x80>
    3370:	a8 eb 00 00 	l.ori r7,r11,0x0
    3374:	84 76 01 48 	l.lwz r3,0x148(r22)
    3378:	9c 80 00 00 	l.addi r4,r0,0x0
    337c:	d4 0b 18 00 	l.sw 0x0(r11),r3
    3380:	d4 0b 20 04 	l.sw 0x4(r11),r4
    3384:	d4 16 59 48 	l.sw 0x148(r22),r11
    3388:	d4 0b 21 88 	l.sw 0x188(r11),r4
    338c:	d4 0b 21 8c 	l.sw 0x18c(r11),r4
    3390:	03 ff ff c7 	l.j 32ac <__register_exitproc+0x58>
    3394:	a9 04 00 00 	l.ori r8,r4,0x0

00003398 <__call_exitprocs>:
    3398:	d7 e1 17 d4 	l.sw 0xffffffd4(r1),r2
    339c:	18 40 00 00 	l.movhi r2,0x0
    33a0:	d7 e1 f7 f8 	l.sw 0xfffffff8(r1),r30
    33a4:	a8 42 3f d8 	l.ori r2,r2,0x3fd8
    33a8:	d7 e1 a7 e4 	l.sw 0xffffffe4(r1),r20
    33ac:	87 c2 00 00 	l.lwz r30,0x0(r2)
    33b0:	d7 e1 d7 f0 	l.sw 0xfffffff0(r1),r26
    33b4:	d7 e1 e7 f4 	l.sw 0xfffffff4(r1),r28
    33b8:	d7 e1 4f fc 	l.sw 0xfffffffc(r1),r9
    33bc:	d7 e1 77 d8 	l.sw 0xffffffd8(r1),r14
    33c0:	d7 e1 87 dc 	l.sw 0xffffffdc(r1),r16
    33c4:	d7 e1 97 e0 	l.sw 0xffffffe0(r1),r18
    33c8:	d7 e1 b7 e8 	l.sw 0xffffffe8(r1),r22
    33cc:	d7 e1 c7 ec 	l.sw 0xffffffec(r1),r24
    33d0:	9c 5e 01 48 	l.addi r2,r30,0x148
    33d4:	9c 21 ff d0 	l.addi r1,r1,0xffffffd0
    33d8:	ab 83 00 00 	l.ori r28,r3,0x0
    33dc:	aa 84 00 00 	l.ori r20,r4,0x0
    33e0:	d4 01 10 00 	l.sw 0x0(r1),r2
    33e4:	9f 40 00 01 	l.addi r26,r0,0x1
    33e8:	85 de 01 48 	l.lwz r14,0x148(r30)
    33ec:	bc 0e 00 00 	l.sfeqi r14,0x0
    33f0:	10 00 00 41 	l.bf 34f4 <__call_exitprocs+0x15c>
    33f4:	86 c1 00 00 	l.lwz r22,0x0(r1)
    33f8:	84 8e 00 04 	l.lwz r4,0x4(r14)
    33fc:	9c 44 ff ff 	l.addi r2,r4,0xffffffff
    3400:	bd 82 00 00 	l.sfltsi r2,0x0
    3404:	10 00 00 37 	l.bf 34e0 <__call_exitprocs+0x148>
    3408:	15 00 00 00 	l.nop 0x0
    340c:	9e 04 00 21 	l.addi r16,r4,0x21
    3410:	9e 44 00 01 	l.addi r18,r4,0x1
    3414:	ba 10 00 02 	l.slli r16,r16,0x2
    3418:	ba 52 00 02 	l.slli r18,r18,0x2
    341c:	e2 0e 80 00 	l.add r16,r14,r16
    3420:	00 00 00 0b 	l.j 344c <__call_exitprocs+0xb4>
    3424:	e2 4e 90 00 	l.add r18,r14,r18
    3428:	84 90 00 80 	l.lwz r4,0x80(r16)
    342c:	e4 24 a0 00 	l.sfne r4,r20
    3430:	0c 00 00 0a 	l.bnf 3458 <__call_exitprocs+0xc0>
    3434:	15 00 00 00 	l.nop 0x0
    3438:	9c 42 ff ff 	l.addi r2,r2,0xffffffff
    343c:	9e 10 ff fc 	l.addi r16,r16,0xfffffffc
    3440:	bd 62 00 00 	l.sfgesi r2,0x0
    3444:	0c 00 00 27 	l.bnf 34e0 <__call_exitprocs+0x148>
    3448:	9e 52 ff fc 	l.addi r18,r18,0xfffffffc
    344c:	bc 14 00 00 	l.sfeqi r20,0x0
    3450:	0f ff ff f6 	l.bnf 3428 <__call_exitprocs+0x90>
    3454:	15 00 00 00 	l.nop 0x0
    3458:	84 8e 00 04 	l.lwz r4,0x4(r14)
    345c:	9c 84 ff ff 	l.addi r4,r4,0xffffffff
    3460:	e4 24 10 00 	l.sfne r4,r2
    3464:	0c 00 00 35 	l.bnf 3538 <__call_exitprocs+0x1a0>
    3468:	84 b2 00 00 	l.lwz r5,0x0(r18)
    346c:	9c 60 00 00 	l.addi r3,r0,0x0
    3470:	d4 12 18 00 	l.sw 0x0(r18),r3
    3474:	bc 05 00 00 	l.sfeqi r5,0x0
    3478:	13 ff ff f0 	l.bf 3438 <__call_exitprocs+0xa0>
    347c:	e0 9a 10 08 	l.sll r4,r26,r2
    3480:	84 ce 01 88 	l.lwz r6,0x188(r14)
    3484:	e0 c4 30 03 	l.and r6,r4,r6
    3488:	bc 26 00 00 	l.sfnei r6,0x0
    348c:	0c 00 00 27 	l.bnf 3528 <__call_exitprocs+0x190>
    3490:	87 0e 00 04 	l.lwz r24,0x4(r14)
    3494:	84 ce 01 8c 	l.lwz r6,0x18c(r14)
    3498:	e0 84 30 03 	l.and r4,r4,r6
    349c:	bc 24 00 00 	l.sfnei r4,0x0
    34a0:	10 00 00 28 	l.bf 3540 <__call_exitprocs+0x1a8>
    34a4:	a8 7c 00 00 	l.ori r3,r28,0x0
    34a8:	48 00 28 00 	l.jalr r5
    34ac:	84 90 00 00 	l.lwz r4,0x0(r16)
    34b0:	84 8e 00 04 	l.lwz r4,0x4(r14)
    34b4:	e4 24 c0 00 	l.sfne r4,r24
    34b8:	13 ff ff cc 	l.bf 33e8 <__call_exitprocs+0x50>
    34bc:	15 00 00 00 	l.nop 0x0
    34c0:	84 96 00 00 	l.lwz r4,0x0(r22)
    34c4:	e4 24 70 00 	l.sfne r4,r14
    34c8:	13 ff ff c8 	l.bf 33e8 <__call_exitprocs+0x50>
    34cc:	9c 42 ff ff 	l.addi r2,r2,0xffffffff
    34d0:	9e 10 ff fc 	l.addi r16,r16,0xfffffffc
    34d4:	bd 62 00 00 	l.sfgesi r2,0x0
    34d8:	13 ff ff dd 	l.bf 344c <__call_exitprocs+0xb4>
    34dc:	9e 52 ff fc 	l.addi r18,r18,0xfffffffc
    34e0:	18 40 00 00 	l.movhi r2,0x0
    34e4:	a8 42 23 dc 	l.ori r2,r2,0x23dc
    34e8:	bc 02 00 00 	l.sfeqi r2,0x0
    34ec:	0c 00 00 19 	l.bnf 3550 <__call_exitprocs+0x1b8>
    34f0:	15 00 00 00 	l.nop 0x0
    34f4:	9c 21 00 30 	l.addi r1,r1,0x30
    34f8:	85 21 ff fc 	l.lwz r9,0xfffffffc(r1)
    34fc:	84 41 ff d4 	l.lwz r2,0xffffffd4(r1)
    3500:	85 c1 ff d8 	l.lwz r14,0xffffffd8(r1)
    3504:	86 01 ff dc 	l.lwz r16,0xffffffdc(r1)
    3508:	86 41 ff e0 	l.lwz r18,0xffffffe0(r1)
    350c:	86 81 ff e4 	l.lwz r20,0xffffffe4(r1)
    3510:	86 c1 ff e8 	l.lwz r22,0xffffffe8(r1)
    3514:	87 01 ff ec 	l.lwz r24,0xffffffec(r1)
    3518:	87 41 ff f0 	l.lwz r26,0xfffffff0(r1)
    351c:	87 81 ff f4 	l.lwz r28,0xfffffff4(r1)
    3520:	44 00 48 00 	l.jr r9
    3524:	87 c1 ff f8 	l.lwz r30,0xfffffff8(r1)
    3528:	48 00 28 00 	l.jalr r5
    352c:	15 00 00 00 	l.nop 0x0
    3530:	03 ff ff e1 	l.j 34b4 <__call_exitprocs+0x11c>
    3534:	84 8e 00 04 	l.lwz r4,0x4(r14)
    3538:	03 ff ff cf 	l.j 3474 <__call_exitprocs+0xdc>
    353c:	d4 0e 10 04 	l.sw 0x4(r14),r2
    3540:	48 00 28 00 	l.jalr r5
    3544:	84 70 00 00 	l.lwz r3,0x0(r16)
    3548:	03 ff ff db 	l.j 34b4 <__call_exitprocs+0x11c>
    354c:	84 8e 00 04 	l.lwz r4,0x4(r14)
    3550:	84 4e 00 04 	l.lwz r2,0x4(r14)
    3554:	bc 22 00 00 	l.sfnei r2,0x0
    3558:	0c 00 00 0a 	l.bnf 3580 <__call_exitprocs+0x1e8>
    355c:	15 00 00 00 	l.nop 0x0
    3560:	84 4e 00 00 	l.lwz r2,0x0(r14)
    3564:	aa ce 00 00 	l.ori r22,r14,0x0
    3568:	a9 c2 00 00 	l.ori r14,r2,0x0
    356c:	bc 2e 00 00 	l.sfnei r14,0x0
    3570:	13 ff ff a2 	l.bf 33f8 <__call_exitprocs+0x60>
    3574:	15 00 00 00 	l.nop 0x0
    3578:	03 ff ff e0 	l.j 34f8 <__call_exitprocs+0x160>
    357c:	9c 21 00 30 	l.addi r1,r1,0x30
    3580:	84 4e 00 00 	l.lwz r2,0x0(r14)
    3584:	bc 02 00 00 	l.sfeqi r2,0x0
    3588:	13 ff ff f7 	l.bf 3564 <__call_exitprocs+0x1cc>
    358c:	a8 6e 00 00 	l.ori r3,r14,0x0
    3590:	07 ff fb 93 	l.jal 23dc <free>
    3594:	d4 16 10 00 	l.sw 0x0(r22),r2
    3598:	03 ff ff f5 	l.j 356c <__call_exitprocs+0x1d4>
    359c:	85 d6 00 00 	l.lwz r14,0x0(r22)

000035a0 <_malloc_trim_r>:
    35a0:	d7 e1 17 ec 	l.sw 0xffffffec(r1),r2
    35a4:	18 40 00 00 	l.movhi r2,0x0
    35a8:	d7 e1 77 f0 	l.sw 0xfffffff0(r1),r14
    35ac:	d7 e1 87 f4 	l.sw 0xfffffff4(r1),r16
    35b0:	d7 e1 97 f8 	l.sw 0xfffffff8(r1),r18
    35b4:	d7 e1 4f fc 	l.sw 0xfffffffc(r1),r9
    35b8:	9c 21 ff ec 	l.addi r1,r1,0xffffffec
    35bc:	a8 42 64 28 	l.ori r2,r2,0x6428
    35c0:	aa 44 00 00 	l.ori r18,r4,0x0
    35c4:	07 ff fd e0 	l.jal 2d44 <__malloc_lock>
    35c8:	a9 c3 00 00 	l.ori r14,r3,0x0
    35cc:	84 62 00 08 	l.lwz r3,0x8(r2)
    35d0:	86 03 00 04 	l.lwz r16,0x4(r3)
    35d4:	9c 60 ff fc 	l.addi r3,r0,0xfffffffc
    35d8:	e2 10 18 03 	l.and r16,r16,r3
    35dc:	9c 70 0f ef 	l.addi r3,r16,0xfef
    35e0:	e2 43 90 02 	l.sub r18,r3,r18
    35e4:	9c 60 f0 00 	l.addi r3,r0,0xfffff000
    35e8:	e2 52 18 03 	l.and r18,r18,r3
    35ec:	e2 52 18 00 	l.add r18,r18,r3
    35f0:	bd 52 0f ff 	l.sfgtsi r18,0xfff
    35f4:	0c 00 00 09 	l.bnf 3618 <_malloc_trim_r+0x78>
    35f8:	a8 6e 00 00 	l.ori r3,r14,0x0
    35fc:	07 ff fe f9 	l.jal 31e0 <_sbrk_r>
    3600:	9c 80 00 00 	l.addi r4,r0,0x0
    3604:	84 62 00 08 	l.lwz r3,0x8(r2)
    3608:	e0 63 80 00 	l.add r3,r3,r16
    360c:	e4 0b 18 00 	l.sfeq r11,r3
    3610:	10 00 00 0c 	l.bf 3640 <_malloc_trim_r+0xa0>
    3614:	a8 6e 00 00 	l.ori r3,r14,0x0
    3618:	07 ff fd cd 	l.jal 2d4c <__malloc_unlock>
    361c:	a8 6e 00 00 	l.ori r3,r14,0x0
    3620:	9c 21 00 14 	l.addi r1,r1,0x14
    3624:	9d 60 00 00 	l.addi r11,r0,0x0
    3628:	85 21 ff fc 	l.lwz r9,0xfffffffc(r1)
    362c:	84 41 ff ec 	l.lwz r2,0xffffffec(r1)
    3630:	85 c1 ff f0 	l.lwz r14,0xfffffff0(r1)
    3634:	86 01 ff f4 	l.lwz r16,0xfffffff4(r1)
    3638:	44 00 48 00 	l.jr r9
    363c:	86 41 ff f8 	l.lwz r18,0xfffffff8(r1)
    3640:	07 ff fe e8 	l.jal 31e0 <_sbrk_r>
    3644:	e0 80 90 02 	l.sub r4,r0,r18
    3648:	bc 2b ff ff 	l.sfnei r11,0xffffffff
    364c:	0c 00 00 14 	l.bnf 369c <_malloc_trim_r+0xfc>
    3650:	18 80 00 00 	l.movhi r4,0x0
    3654:	e2 10 90 02 	l.sub r16,r16,r18
    3658:	a8 84 69 dc 	l.ori r4,r4,0x69dc
    365c:	84 42 00 08 	l.lwz r2,0x8(r2)
    3660:	84 64 00 00 	l.lwz r3,0x0(r4)
    3664:	aa 10 00 01 	l.ori r16,r16,0x1
    3668:	e2 43 90 02 	l.sub r18,r3,r18
    366c:	d4 02 80 04 	l.sw 0x4(r2),r16
    3670:	a8 6e 00 00 	l.ori r3,r14,0x0
    3674:	07 ff fd b6 	l.jal 2d4c <__malloc_unlock>
    3678:	d4 04 90 00 	l.sw 0x0(r4),r18
    367c:	9c 21 00 14 	l.addi r1,r1,0x14
    3680:	9d 60 00 01 	l.addi r11,r0,0x1
    3684:	85 21 ff fc 	l.lwz r9,0xfffffffc(r1)
    3688:	84 41 ff ec 	l.lwz r2,0xffffffec(r1)
    368c:	85 c1 ff f0 	l.lwz r14,0xfffffff0(r1)
    3690:	86 01 ff f4 	l.lwz r16,0xfffffff4(r1)
    3694:	44 00 48 00 	l.jr r9
    3698:	86 41 ff f8 	l.lwz r18,0xfffffff8(r1)
    369c:	a8 6e 00 00 	l.ori r3,r14,0x0
    36a0:	07 ff fe d0 	l.jal 31e0 <_sbrk_r>
    36a4:	9c 80 00 00 	l.addi r4,r0,0x0
    36a8:	84 42 00 08 	l.lwz r2,0x8(r2)
    36ac:	e0 6b 10 02 	l.sub r3,r11,r2
    36b0:	bd a3 00 0f 	l.sflesi r3,0xf
    36b4:	13 ff ff d9 	l.bf 3618 <_malloc_trim_r+0x78>
    36b8:	18 80 00 00 	l.movhi r4,0x0
    36bc:	a8 63 00 01 	l.ori r3,r3,0x1
    36c0:	a8 84 68 34 	l.ori r4,r4,0x6834
    36c4:	d4 02 18 04 	l.sw 0x4(r2),r3
    36c8:	84 84 00 00 	l.lwz r4,0x0(r4)
    36cc:	18 40 00 00 	l.movhi r2,0x0
    36d0:	e1 6b 20 02 	l.sub r11,r11,r4
    36d4:	a8 42 69 dc 	l.ori r2,r2,0x69dc
    36d8:	03 ff ff d0 	l.j 3618 <_malloc_trim_r+0x78>
    36dc:	d4 02 58 00 	l.sw 0x0(r2),r11

000036e0 <_free_r>:
    36e0:	d7 e1 17 f4 	l.sw 0xfffffff4(r1),r2
    36e4:	d7 e1 77 f8 	l.sw 0xfffffff8(r1),r14
    36e8:	d7 e1 4f fc 	l.sw 0xfffffffc(r1),r9
    36ec:	a9 c4 00 00 	l.ori r14,r4,0x0
    36f0:	9c 21 ff f4 	l.addi r1,r1,0xfffffff4
    36f4:	bc 04 00 00 	l.sfeqi r4,0x0
    36f8:	10 00 00 62 	l.bf 3880 <_free_r+0x1a0>
    36fc:	a8 43 00 00 	l.ori r2,r3,0x0
    3700:	07 ff fd 91 	l.jal 2d44 <__malloc_lock>
    3704:	15 00 00 00 	l.nop 0x0
    3708:	9c 8e ff f8 	l.addi r4,r14,0xfffffff8
    370c:	9c 60 ff fe 	l.addi r3,r0,0xfffffffe
    3710:	18 e0 00 00 	l.movhi r7,0x0
    3714:	85 04 00 04 	l.lwz r8,0x4(r4)
    3718:	a8 e7 64 28 	l.ori r7,r7,0x6428
    371c:	e0 a8 18 03 	l.and r5,r8,r3
    3720:	85 67 00 08 	l.lwz r11,0x8(r7)
    3724:	e0 c4 28 00 	l.add r6,r4,r5
    3728:	84 66 00 04 	l.lwz r3,0x4(r6)
    372c:	e4 2b 30 00 	l.sfne r11,r6
    3730:	9d 60 ff fc 	l.addi r11,r0,0xfffffffc
    3734:	0c 00 00 7c 	l.bnf 3924 <_free_r+0x244>
    3738:	e0 63 58 03 	l.and r3,r3,r11
    373c:	a5 08 00 01 	l.andi r8,r8,0x1
    3740:	9d 60 00 00 	l.addi r11,r0,0x0
    3744:	e4 28 58 00 	l.sfne r8,r11
    3748:	10 00 00 0f 	l.bf 3784 <_free_r+0xa4>
    374c:	d4 06 18 04 	l.sw 0x4(r6),r3
    3750:	85 84 00 00 	l.lwz r12,0x0(r4)
    3754:	19 a0 00 00 	l.movhi r13,0x0
    3758:	e0 84 60 02 	l.sub r4,r4,r12
    375c:	e0 a5 60 00 	l.add r5,r5,r12
    3760:	a9 ad 64 30 	l.ori r13,r13,0x6430
    3764:	85 84 00 08 	l.lwz r12,0x8(r4)
    3768:	e4 0c 68 00 	l.sfeq r12,r13
    376c:	10 00 00 06 	l.bf 3784 <_free_r+0xa4>
    3770:	9d 60 00 01 	l.addi r11,r0,0x1
    3774:	85 a4 00 0c 	l.lwz r13,0xc(r4)
    3778:	a9 68 00 00 	l.ori r11,r8,0x0
    377c:	d4 0c 68 0c 	l.sw 0xc(r12),r13
    3780:	d4 0d 60 08 	l.sw 0x8(r13),r12
    3784:	e1 06 18 00 	l.add r8,r6,r3
    3788:	85 08 00 04 	l.lwz r8,0x4(r8)
    378c:	a5 08 00 01 	l.andi r8,r8,0x1
    3790:	bc 28 00 00 	l.sfnei r8,0x0
    3794:	10 00 00 08 	l.bf 37b4 <_free_r+0xd4>
    3798:	bc 2b 00 00 	l.sfnei r11,0x0
    379c:	0c 00 00 3e 	l.bnf 3894 <_free_r+0x1b4>
    37a0:	e0 a5 18 00 	l.add r5,r5,r3
    37a4:	84 66 00 08 	l.lwz r3,0x8(r6)
    37a8:	84 c6 00 0c 	l.lwz r6,0xc(r6)
    37ac:	d4 03 30 0c 	l.sw 0xc(r3),r6
    37b0:	d4 06 18 08 	l.sw 0x8(r6),r3
    37b4:	a8 c5 00 01 	l.ori r6,r5,0x1
    37b8:	e0 64 28 00 	l.add r3,r4,r5
    37bc:	d4 04 30 04 	l.sw 0x4(r4),r6
    37c0:	bc 2b 00 00 	l.sfnei r11,0x0
    37c4:	10 00 00 29 	l.bf 3868 <_free_r+0x188>
    37c8:	d4 03 28 00 	l.sw 0x0(r3),r5
    37cc:	bc 45 01 ff 	l.sfgtui r5,0x1ff
    37d0:	0c 00 00 40 	l.bnf 38d0 <_free_r+0x1f0>
    37d4:	9c c0 00 01 	l.addi r6,r0,0x1
    37d8:	b8 65 00 49 	l.srli r3,r5,0x9
    37dc:	bc 43 00 04 	l.sfgtui r3,0x4
    37e0:	10 00 00 6b 	l.bf 398c <_free_r+0x2ac>
    37e4:	bc 43 00 14 	l.sfgtui r3,0x14
    37e8:	b9 05 00 46 	l.srli r8,r5,0x6
    37ec:	9d 08 00 38 	l.addi r8,r8,0x38
    37f0:	b8 68 00 03 	l.slli r3,r8,0x3
    37f4:	19 a0 00 00 	l.movhi r13,0x0
    37f8:	a9 ad 64 28 	l.ori r13,r13,0x6428
    37fc:	e0 63 68 00 	l.add r3,r3,r13
    3800:	84 c3 00 08 	l.lwz r6,0x8(r3)
    3804:	e4 06 18 00 	l.sfeq r6,r3
    3808:	10 00 00 66 	l.bf 39a0 <_free_r+0x2c0>
    380c:	b9 08 00 82 	l.srai r8,r8,0x2
    3810:	84 e6 00 04 	l.lwz r7,0x4(r6)
    3814:	9d 00 ff fc 	l.addi r8,r0,0xfffffffc
    3818:	e0 e7 40 03 	l.and r7,r7,r8
    381c:	e4 85 38 00 	l.sfltu r5,r7
    3820:	10 00 00 09 	l.bf 3844 <_free_r+0x164>
    3824:	15 00 00 00 	l.nop 0x0
    3828:	00 00 00 0c 	l.j 3858 <_free_r+0x178>
    382c:	84 66 00 0c 	l.lwz r3,0xc(r6)
    3830:	84 e6 00 04 	l.lwz r7,0x4(r6)
    3834:	e0 e7 58 03 	l.and r7,r7,r11
    3838:	e4 85 38 00 	l.sfltu r5,r7
    383c:	0c 00 00 06 	l.bnf 3854 <_free_r+0x174>
    3840:	15 00 00 00 	l.nop 0x0
    3844:	84 c6 00 08 	l.lwz r6,0x8(r6)
    3848:	e4 03 30 00 	l.sfeq r3,r6
    384c:	0f ff ff f9 	l.bnf 3830 <_free_r+0x150>
    3850:	9d 60 ff fc 	l.addi r11,r0,0xfffffffc
    3854:	84 66 00 0c 	l.lwz r3,0xc(r6)
    3858:	d4 04 18 0c 	l.sw 0xc(r4),r3
    385c:	d4 04 30 08 	l.sw 0x8(r4),r6
    3860:	d4 03 20 08 	l.sw 0x8(r3),r4
    3864:	d4 06 20 0c 	l.sw 0xc(r6),r4
    3868:	9c 21 00 0c 	l.addi r1,r1,0xc
    386c:	a8 62 00 00 	l.ori r3,r2,0x0
    3870:	85 21 ff fc 	l.lwz r9,0xfffffffc(r1)
    3874:	84 41 ff f4 	l.lwz r2,0xfffffff4(r1)
    3878:	03 ff fd 35 	l.j 2d4c <__malloc_unlock>
    387c:	85 c1 ff f8 	l.lwz r14,0xfffffff8(r1)
    3880:	9c 21 00 0c 	l.addi r1,r1,0xc
    3884:	85 21 ff fc 	l.lwz r9,0xfffffffc(r1)
    3888:	84 41 ff f4 	l.lwz r2,0xfffffff4(r1)
    388c:	44 00 48 00 	l.jr r9
    3890:	85 c1 ff f8 	l.lwz r14,0xfffffff8(r1)
    3894:	19 00 00 00 	l.movhi r8,0x0
    3898:	84 66 00 08 	l.lwz r3,0x8(r6)
    389c:	a9 08 64 30 	l.ori r8,r8,0x6430
    38a0:	e4 23 40 00 	l.sfne r3,r8
    38a4:	13 ff ff c1 	l.bf 37a8 <_free_r+0xc8>
    38a8:	15 00 00 00 	l.nop 0x0
    38ac:	a8 e5 00 01 	l.ori r7,r5,0x1
    38b0:	e0 c4 28 00 	l.add r6,r4,r5
    38b4:	d4 03 20 0c 	l.sw 0xc(r3),r4
    38b8:	d4 03 20 08 	l.sw 0x8(r3),r4
    38bc:	d4 04 18 0c 	l.sw 0xc(r4),r3
    38c0:	d4 04 18 08 	l.sw 0x8(r4),r3
    38c4:	d4 04 38 04 	l.sw 0x4(r4),r7
    38c8:	03 ff ff e8 	l.j 3868 <_free_r+0x188>
    38cc:	d4 06 28 00 	l.sw 0x0(r6),r5
    38d0:	b8 a5 00 43 	l.srli r5,r5,0x3
    38d4:	19 60 00 00 	l.movhi r11,0x0
    38d8:	b8 65 00 82 	l.srai r3,r5,0x2
    38dc:	b8 a5 00 03 	l.slli r5,r5,0x3
    38e0:	a9 6b 64 28 	l.ori r11,r11,0x6428
    38e4:	e0 c6 18 08 	l.sll r6,r6,r3
    38e8:	e0 a5 58 00 	l.add r5,r5,r11
    38ec:	85 07 00 04 	l.lwz r8,0x4(r7)
    38f0:	84 65 00 08 	l.lwz r3,0x8(r5)
    38f4:	e0 c8 30 04 	l.or r6,r8,r6
    38f8:	d4 04 18 08 	l.sw 0x8(r4),r3
    38fc:	d4 04 28 0c 	l.sw 0xc(r4),r5
    3900:	d4 03 20 0c 	l.sw 0xc(r3),r4
    3904:	d4 07 30 04 	l.sw 0x4(r7),r6
    3908:	d4 05 20 08 	l.sw 0x8(r5),r4
    390c:	9c 21 00 0c 	l.addi r1,r1,0xc
    3910:	a8 62 00 00 	l.ori r3,r2,0x0
    3914:	85 21 ff fc 	l.lwz r9,0xfffffffc(r1)
    3918:	84 41 ff f4 	l.lwz r2,0xfffffff4(r1)
    391c:	03 ff fd 0c 	l.j 2d4c <__malloc_unlock>
    3920:	85 c1 ff f8 	l.lwz r14,0xfffffff8(r1)
    3924:	a5 08 00 01 	l.andi r8,r8,0x1
    3928:	bc 28 00 00 	l.sfnei r8,0x0
    392c:	10 00 00 09 	l.bf 3950 <_free_r+0x270>
    3930:	e0 a3 28 00 	l.add r5,r3,r5
    3934:	84 64 00 00 	l.lwz r3,0x0(r4)
    3938:	e0 84 18 02 	l.sub r4,r4,r3
    393c:	e0 a5 18 00 	l.add r5,r5,r3
    3940:	84 c4 00 08 	l.lwz r6,0x8(r4)
    3944:	84 64 00 0c 	l.lwz r3,0xc(r4)
    3948:	d4 06 18 0c 	l.sw 0xc(r6),r3
    394c:	d4 03 30 08 	l.sw 0x8(r3),r6
    3950:	a8 65 00 01 	l.ori r3,r5,0x1
    3954:	d4 07 20 08 	l.sw 0x8(r7),r4
    3958:	d4 04 18 04 	l.sw 0x4(r4),r3
    395c:	18 60 00 00 	l.movhi r3,0x0
    3960:	a8 63 68 30 	l.ori r3,r3,0x6830
    3964:	84 63 00 00 	l.lwz r3,0x0(r3)
    3968:	e4 85 18 00 	l.sfltu r5,r3
    396c:	13 ff ff bf 	l.bf 3868 <_free_r+0x188>
    3970:	18 80 00 00 	l.movhi r4,0x0
    3974:	a8 62 00 00 	l.ori r3,r2,0x0
    3978:	a8 84 69 d0 	l.ori r4,r4,0x69d0
    397c:	07 ff ff 09 	l.jal 35a0 <_malloc_trim_r>
    3980:	84 84 00 00 	l.lwz r4,0x0(r4)
    3984:	03 ff ff ba 	l.j 386c <_free_r+0x18c>
    3988:	9c 21 00 0c 	l.addi r1,r1,0xc
    398c:	10 00 00 0c 	l.bf 39bc <_free_r+0x2dc>
    3990:	bc 43 00 54 	l.sfgtui r3,0x54
    3994:	9d 03 00 5b 	l.addi r8,r3,0x5b
    3998:	03 ff ff 97 	l.j 37f4 <_free_r+0x114>
    399c:	b8 68 00 03 	l.slli r3,r8,0x3
    39a0:	9c 60 00 01 	l.addi r3,r0,0x1
    39a4:	85 67 00 04 	l.lwz r11,0x4(r7)
    39a8:	e0 a3 40 08 	l.sll r5,r3,r8
    39ac:	a8 66 00 00 	l.ori r3,r6,0x0
    39b0:	e0 ab 28 04 	l.or r5,r11,r5
    39b4:	03 ff ff a9 	l.j 3858 <_free_r+0x178>
    39b8:	d4 07 28 04 	l.sw 0x4(r7),r5
    39bc:	10 00 00 06 	l.bf 39d4 <_free_r+0x2f4>
    39c0:	bc 43 01 54 	l.sfgtui r3,0x154
    39c4:	b9 05 00 4c 	l.srli r8,r5,0xc
    39c8:	9d 08 00 6e 	l.addi r8,r8,0x6e
    39cc:	03 ff ff 8a 	l.j 37f4 <_free_r+0x114>
    39d0:	b8 68 00 03 	l.slli r3,r8,0x3
    39d4:	10 00 00 06 	l.bf 39ec <_free_r+0x30c>
    39d8:	bc 43 05 54 	l.sfgtui r3,0x554
    39dc:	b9 05 00 4f 	l.srli r8,r5,0xf
    39e0:	9d 08 00 77 	l.addi r8,r8,0x77
    39e4:	03 ff ff 84 	l.j 37f4 <_free_r+0x114>
    39e8:	b8 68 00 03 	l.slli r3,r8,0x3
    39ec:	10 00 00 06 	l.bf 3a04 <_free_r+0x324>
    39f0:	15 00 00 00 	l.nop 0x0
    39f4:	b9 05 00 52 	l.srli r8,r5,0x12
    39f8:	9d 08 00 7c 	l.addi r8,r8,0x7c
    39fc:	03 ff ff 7e 	l.j 37f4 <_free_r+0x114>
    3a00:	b8 68 00 03 	l.slli r3,r8,0x3
    3a04:	9c 60 03 f0 	l.addi r3,r0,0x3f0
    3a08:	03 ff ff 7b 	l.j 37f4 <_free_r+0x114>
    3a0c:	9d 00 00 7e 	l.addi r8,r0,0x7e

00003a10 <cleanup_glue>:
    3a10:	d7 e1 17 f4 	l.sw 0xfffffff4(r1),r2
    3a14:	d7 e1 77 f8 	l.sw 0xfffffff8(r1),r14
    3a18:	d7 e1 4f fc 	l.sw 0xfffffffc(r1),r9
    3a1c:	a8 44 00 00 	l.ori r2,r4,0x0
    3a20:	84 84 00 00 	l.lwz r4,0x0(r4)
    3a24:	9c 21 ff f4 	l.addi r1,r1,0xfffffff4
    3a28:	bc 04 00 00 	l.sfeqi r4,0x0
    3a2c:	10 00 00 04 	l.bf 3a3c <cleanup_glue+0x2c>
    3a30:	a9 c3 00 00 	l.ori r14,r3,0x0
    3a34:	07 ff ff f7 	l.jal 3a10 <cleanup_glue>
    3a38:	15 00 00 00 	l.nop 0x0
    3a3c:	9c 21 00 0c 	l.addi r1,r1,0xc
    3a40:	a8 6e 00 00 	l.ori r3,r14,0x0
    3a44:	a8 82 00 00 	l.ori r4,r2,0x0
    3a48:	85 21 ff fc 	l.lwz r9,0xfffffffc(r1)
    3a4c:	84 41 ff f4 	l.lwz r2,0xfffffff4(r1)
    3a50:	03 ff ff 24 	l.j 36e0 <_free_r>
    3a54:	85 c1 ff f8 	l.lwz r14,0xfffffff8(r1)

00003a58 <_reclaim_reent>:
    3a58:	d7 e1 17 ec 	l.sw 0xffffffec(r1),r2
    3a5c:	18 40 00 00 	l.movhi r2,0x0
    3a60:	d7 e1 77 f0 	l.sw 0xfffffff0(r1),r14
    3a64:	a8 42 60 00 	l.ori r2,r2,0x6000
    3a68:	d7 e1 4f fc 	l.sw 0xfffffffc(r1),r9
    3a6c:	d7 e1 87 f4 	l.sw 0xfffffff4(r1),r16
    3a70:	d7 e1 97 f8 	l.sw 0xfffffff8(r1),r18
    3a74:	84 42 00 00 	l.lwz r2,0x0(r2)
    3a78:	9c 21 ff ec 	l.addi r1,r1,0xffffffec
    3a7c:	e4 03 10 00 	l.sfeq r3,r2
    3a80:	10 00 00 3a 	l.bf 3b68 <_reclaim_reent+0x110>
    3a84:	a9 c3 00 00 	l.ori r14,r3,0x0
    3a88:	84 83 00 4c 	l.lwz r4,0x4c(r3)
    3a8c:	bc 04 00 00 	l.sfeqi r4,0x0
    3a90:	10 00 00 17 	l.bf 3aec <_reclaim_reent+0x94>
    3a94:	9c 40 00 00 	l.addi r2,r0,0x0
    3a98:	aa 02 00 00 	l.ori r16,r2,0x0
    3a9c:	b8 42 00 02 	l.slli r2,r2,0x2
    3aa0:	e0 44 10 00 	l.add r2,r4,r2
    3aa4:	84 a2 00 00 	l.lwz r5,0x0(r2)
    3aa8:	bc 05 00 00 	l.sfeqi r5,0x0
    3aac:	10 00 00 0a 	l.bf 3ad4 <_reclaim_reent+0x7c>
    3ab0:	15 00 00 00 	l.nop 0x0
    3ab4:	a8 85 00 00 	l.ori r4,r5,0x0
    3ab8:	a8 6e 00 00 	l.ori r3,r14,0x0
    3abc:	07 ff ff 09 	l.jal 36e0 <_free_r>
    3ac0:	84 45 00 00 	l.lwz r2,0x0(r5)
    3ac4:	bc 22 00 00 	l.sfnei r2,0x0
    3ac8:	13 ff ff fb 	l.bf 3ab4 <_reclaim_reent+0x5c>
    3acc:	a8 a2 00 00 	l.ori r5,r2,0x0
    3ad0:	84 8e 00 4c 	l.lwz r4,0x4c(r14)
    3ad4:	9e 10 00 01 	l.addi r16,r16,0x1
    3ad8:	bc 10 00 20 	l.sfeqi r16,0x20
    3adc:	0f ff ff f0 	l.bnf 3a9c <_reclaim_reent+0x44>
    3ae0:	a8 50 00 00 	l.ori r2,r16,0x0
    3ae4:	07 ff fe ff 	l.jal 36e0 <_free_r>
    3ae8:	a8 6e 00 00 	l.ori r3,r14,0x0
    3aec:	84 8e 00 40 	l.lwz r4,0x40(r14)
    3af0:	bc 04 00 00 	l.sfeqi r4,0x0
    3af4:	10 00 00 04 	l.bf 3b04 <_reclaim_reent+0xac>
    3af8:	15 00 00 00 	l.nop 0x0
    3afc:	07 ff fe f9 	l.jal 36e0 <_free_r>
    3b00:	a8 6e 00 00 	l.ori r3,r14,0x0
    3b04:	84 4e 01 48 	l.lwz r2,0x148(r14)
    3b08:	bc 02 00 00 	l.sfeqi r2,0x0
    3b0c:	10 00 00 0d 	l.bf 3b40 <_reclaim_reent+0xe8>
    3b10:	15 00 00 00 	l.nop 0x0
    3b14:	9e 4e 01 4c 	l.addi r18,r14,0x14c
    3b18:	e4 02 90 00 	l.sfeq r2,r18
    3b1c:	10 00 00 09 	l.bf 3b40 <_reclaim_reent+0xe8>
    3b20:	15 00 00 00 	l.nop 0x0
    3b24:	a8 82 00 00 	l.ori r4,r2,0x0
    3b28:	a8 6e 00 00 	l.ori r3,r14,0x0
    3b2c:	07 ff fe ed 	l.jal 36e0 <_free_r>
    3b30:	86 02 00 00 	l.lwz r16,0x0(r2)
    3b34:	e4 32 80 00 	l.sfne r18,r16
    3b38:	13 ff ff fb 	l.bf 3b24 <_reclaim_reent+0xcc>
    3b3c:	a8 50 00 00 	l.ori r2,r16,0x0
    3b40:	84 8e 00 54 	l.lwz r4,0x54(r14)
    3b44:	bc 04 00 00 	l.sfeqi r4,0x0
    3b48:	10 00 00 04 	l.bf 3b58 <_reclaim_reent+0x100>
    3b4c:	15 00 00 00 	l.nop 0x0
    3b50:	07 ff fe e4 	l.jal 36e0 <_free_r>
    3b54:	a8 6e 00 00 	l.ori r3,r14,0x0
    3b58:	84 4e 00 38 	l.lwz r2,0x38(r14)
    3b5c:	bc 02 00 00 	l.sfeqi r2,0x0
    3b60:	0c 00 00 09 	l.bnf 3b84 <_reclaim_reent+0x12c>
    3b64:	15 00 00 00 	l.nop 0x0
    3b68:	9c 21 00 14 	l.addi r1,r1,0x14
    3b6c:	85 21 ff fc 	l.lwz r9,0xfffffffc(r1)
    3b70:	84 41 ff ec 	l.lwz r2,0xffffffec(r1)
    3b74:	85 c1 ff f0 	l.lwz r14,0xfffffff0(r1)
    3b78:	86 01 ff f4 	l.lwz r16,0xfffffff4(r1)
    3b7c:	44 00 48 00 	l.jr r9
    3b80:	86 41 ff f8 	l.lwz r18,0xfffffff8(r1)
    3b84:	84 4e 00 3c 	l.lwz r2,0x3c(r14)
    3b88:	48 00 10 00 	l.jalr r2
    3b8c:	a8 6e 00 00 	l.ori r3,r14,0x0
    3b90:	84 8e 02 e0 	l.lwz r4,0x2e0(r14)
    3b94:	bc 04 00 00 	l.sfeqi r4,0x0
    3b98:	13 ff ff f4 	l.bf 3b68 <_reclaim_reent+0x110>
    3b9c:	15 00 00 00 	l.nop 0x0
    3ba0:	9c 21 00 14 	l.addi r1,r1,0x14
    3ba4:	a8 6e 00 00 	l.ori r3,r14,0x0
    3ba8:	85 21 ff fc 	l.lwz r9,0xfffffffc(r1)
    3bac:	84 41 ff ec 	l.lwz r2,0xffffffec(r1)
    3bb0:	85 c1 ff f0 	l.lwz r14,0xfffffff0(r1)
    3bb4:	86 01 ff f4 	l.lwz r16,0xfffffff4(r1)
    3bb8:	03 ff ff 96 	l.j 3a10 <cleanup_glue>
    3bbc:	86 41 ff f8 	l.lwz r18,0xfffffff8(r1)

00003bc0 <_wrapup_reent>:
    3bc0:	d7 e1 97 f8 	l.sw 0xfffffff8(r1),r18
    3bc4:	d7 e1 4f fc 	l.sw 0xfffffffc(r1),r9
    3bc8:	d7 e1 17 ec 	l.sw 0xffffffec(r1),r2
    3bcc:	d7 e1 77 f0 	l.sw 0xfffffff0(r1),r14
    3bd0:	d7 e1 87 f4 	l.sw 0xfffffff4(r1),r16
    3bd4:	aa 43 00 00 	l.ori r18,r3,0x0
    3bd8:	bc 23 00 00 	l.sfnei r3,0x0
    3bdc:	0c 00 00 29 	l.bnf 3c80 <_wrapup_reent+0xc0>
    3be0:	9c 21 ff ec 	l.addi r1,r1,0xffffffec
    3be4:	86 12 01 48 	l.lwz r16,0x148(r18)
    3be8:	bc 10 00 00 	l.sfeqi r16,0x0
    3bec:	10 00 00 13 	l.bf 3c38 <_wrapup_reent+0x78>
    3bf0:	15 00 00 00 	l.nop 0x0
    3bf4:	84 50 00 04 	l.lwz r2,0x4(r16)
    3bf8:	9d c2 ff ff 	l.addi r14,r2,0xffffffff
    3bfc:	bd 8e 00 00 	l.sfltsi r14,0x0
    3c00:	10 00 00 0a 	l.bf 3c28 <_wrapup_reent+0x68>
    3c04:	9c 42 00 01 	l.addi r2,r2,0x1
    3c08:	b8 42 00 02 	l.slli r2,r2,0x2
    3c0c:	e0 50 10 00 	l.add r2,r16,r2
    3c10:	84 82 00 00 	l.lwz r4,0x0(r2)
    3c14:	48 00 20 00 	l.jalr r4
    3c18:	9d ce ff ff 	l.addi r14,r14,0xffffffff
    3c1c:	bd 6e 00 00 	l.sfgesi r14,0x0
    3c20:	13 ff ff fc 	l.bf 3c10 <_wrapup_reent+0x50>
    3c24:	9c 42 ff fc 	l.addi r2,r2,0xfffffffc
    3c28:	86 10 00 00 	l.lwz r16,0x0(r16)
    3c2c:	bc 30 00 00 	l.sfnei r16,0x0
    3c30:	13 ff ff f1 	l.bf 3bf4 <_wrapup_reent+0x34>
    3c34:	15 00 00 00 	l.nop 0x0
    3c38:	84 52 00 3c 	l.lwz r2,0x3c(r18)
    3c3c:	bc 02 00 00 	l.sfeqi r2,0x0
    3c40:	10 00 00 09 	l.bf 3c64 <_wrapup_reent+0xa4>
    3c44:	a8 72 00 00 	l.ori r3,r18,0x0
    3c48:	9c 21 00 14 	l.addi r1,r1,0x14
    3c4c:	85 21 ff fc 	l.lwz r9,0xfffffffc(r1)
    3c50:	85 c1 ff f0 	l.lwz r14,0xfffffff0(r1)
    3c54:	86 01 ff f4 	l.lwz r16,0xfffffff4(r1)
    3c58:	86 41 ff f8 	l.lwz r18,0xfffffff8(r1)
    3c5c:	44 00 10 00 	l.jr r2
    3c60:	84 41 ff ec 	l.lwz r2,0xffffffec(r1)
    3c64:	9c 21 00 14 	l.addi r1,r1,0x14
    3c68:	85 21 ff fc 	l.lwz r9,0xfffffffc(r1)
    3c6c:	84 41 ff ec 	l.lwz r2,0xffffffec(r1)
    3c70:	85 c1 ff f0 	l.lwz r14,0xfffffff0(r1)
    3c74:	86 01 ff f4 	l.lwz r16,0xfffffff4(r1)
    3c78:	44 00 48 00 	l.jr r9
    3c7c:	86 41 ff f8 	l.lwz r18,0xfffffff8(r1)
    3c80:	18 40 00 00 	l.movhi r2,0x0
    3c84:	a8 42 60 00 	l.ori r2,r2,0x6000
    3c88:	03 ff ff d7 	l.j 3be4 <_wrapup_reent+0x24>
    3c8c:	86 42 00 00 	l.lwz r18,0x0(r2)

00003c90 <_exit>:
    3c90:	15 00 00 01 	l.nop 0x1
    3c94:	00 00 00 00 	l.j 3c94 <_exit+0x4>
    3c98:	15 00 00 00 	l.nop 0x0

00003c9c <_sbrk>:
    3c9c:	18 80 00 00 	l.movhi r4,0x0
    3ca0:	18 a0 00 00 	l.movhi r5,0x0
    3ca4:	a8 84 69 ac 	l.ori r4,r4,0x69ac
    3ca8:	a8 a5 5f f8 	l.ori r5,r5,0x5ff8
    3cac:	85 64 00 00 	l.lwz r11,0x0(r4)
    3cb0:	84 a5 00 00 	l.lwz r5,0x0(r5)
    3cb4:	e0 6b 18 00 	l.add r3,r11,r3
    3cb8:	d7 e1 17 fc 	l.sw 0xfffffffc(r1),r2
    3cbc:	e0 a5 18 02 	l.sub r5,r5,r3
    3cc0:	18 40 00 01 	l.movhi r2,0x1
    3cc4:	e5 a5 10 00 	l.sfles r5,r2
    3cc8:	0c 00 00 0a 	l.bnf 3cf0 <_sbrk+0x54>
    3ccc:	9c 21 ff fc 	l.addi r1,r1,0xfffffffc
    3cd0:	18 60 00 00 	l.movhi r3,0x0
    3cd4:	9c 80 00 0c 	l.addi r4,r0,0xc
    3cd8:	a8 63 6a 04 	l.ori r3,r3,0x6a04
    3cdc:	9d 60 ff ff 	l.addi r11,r0,0xffffffff
    3ce0:	d4 03 20 00 	l.sw 0x0(r3),r4
    3ce4:	9c 21 00 04 	l.addi r1,r1,0x4
    3ce8:	44 00 48 00 	l.jr r9
    3cec:	84 41 ff fc 	l.lwz r2,0xfffffffc(r1)
    3cf0:	d4 04 18 00 	l.sw 0x0(r4),r3
    3cf4:	9c 21 00 04 	l.addi r1,r1,0x4
    3cf8:	44 00 48 00 	l.jr r9
    3cfc:	84 41 ff fc 	l.lwz r2,0xfffffffc(r1)

00003d00 <__uart_init>:
    3d00:	d7 e1 17 f8 	l.sw 0xfffffff8(r1),r2
    3d04:	18 40 00 00 	l.movhi r2,0x0
    3d08:	9c 80 ff c7 	l.addi r4,r0,0xffffffc7
    3d0c:	a8 42 3e 50 	l.ori r2,r2,0x3e50
    3d10:	d7 e1 4f fc 	l.sw 0xfffffffc(r1),r9
    3d14:	84 62 00 00 	l.lwz r3,0x0(r2)
    3d18:	9c 21 ff f8 	l.addi r1,r1,0xfffffff8
    3d1c:	9c 63 00 02 	l.addi r3,r3,0x2
    3d20:	d8 03 20 00 	l.sb 0x0(r3),r4
    3d24:	9c 80 00 00 	l.addi r4,r0,0x0
    3d28:	84 62 00 00 	l.lwz r3,0x0(r2)
    3d2c:	9c 63 00 01 	l.addi r3,r3,0x1
    3d30:	d8 03 20 00 	l.sb 0x0(r3),r4
    3d34:	9c 80 00 03 	l.addi r4,r0,0x3
    3d38:	84 62 00 00 	l.lwz r3,0x0(r2)
    3d3c:	9c 63 00 03 	l.addi r3,r3,0x3
    3d40:	d8 03 20 00 	l.sb 0x0(r3),r4
    3d44:	18 60 00 00 	l.movhi r3,0x0
    3d48:	a8 63 3e 54 	l.ori r3,r3,0x3e54
    3d4c:	84 83 00 00 	l.lwz r4,0x0(r3)
    3d50:	18 60 00 00 	l.movhi r3,0x0
    3d54:	b8 84 00 04 	l.slli r4,r4,0x4
    3d58:	a8 63 3e 4c 	l.ori r3,r3,0x3e4c
    3d5c:	04 00 00 40 	l.jal 3e5c <__udivsi3>
    3d60:	84 63 00 00 	l.lwz r3,0x0(r3)
    3d64:	84 62 00 00 	l.lwz r3,0x0(r2)
    3d68:	a4 8b 00 ff 	l.andi r4,r11,0xff
    3d6c:	9c 63 00 03 	l.addi r3,r3,0x3
    3d70:	b9 6b 00 88 	l.srai r11,r11,0x8
    3d74:	8c a3 00 00 	l.lbz r5,0x0(r3)
    3d78:	a8 a5 00 80 	l.ori r5,r5,0x80
    3d7c:	a5 6b 00 ff 	l.andi r11,r11,0xff
    3d80:	d8 03 28 00 	l.sb 0x0(r3),r5
    3d84:	84 62 00 00 	l.lwz r3,0x0(r2)
    3d88:	d8 03 20 00 	l.sb 0x0(r3),r4
    3d8c:	84 62 00 00 	l.lwz r3,0x0(r2)
    3d90:	9c 63 00 01 	l.addi r3,r3,0x1
    3d94:	d8 03 58 00 	l.sb 0x0(r3),r11
    3d98:	84 42 00 00 	l.lwz r2,0x0(r2)
    3d9c:	9c 42 00 03 	l.addi r2,r2,0x3
    3da0:	8c 62 00 00 	l.lbz r3,0x0(r2)
    3da4:	a4 63 00 7f 	l.andi r3,r3,0x7f
    3da8:	d8 02 18 00 	l.sb 0x0(r2),r3
    3dac:	9c 21 00 08 	l.addi r1,r1,0x8
    3db0:	85 21 ff fc 	l.lwz r9,0xfffffffc(r1)
    3db4:	44 00 48 00 	l.jr r9
    3db8:	84 41 ff f8 	l.lwz r2,0xfffffff8(r1)

00003dbc <__uart_putc>:
    3dbc:	18 a0 00 00 	l.movhi r5,0x0
    3dc0:	b8 63 00 18 	l.slli r3,r3,0x18
    3dc4:	a8 a5 3e 50 	l.ori r5,r5,0x3e50
    3dc8:	84 c5 00 00 	l.lwz r6,0x0(r5)
    3dcc:	b8 e3 00 98 	l.srai r7,r3,0x18
    3dd0:	9c 86 00 05 	l.addi r4,r6,0x5
    3dd4:	8c 64 00 00 	l.lbz r3,0x0(r4)
    3dd8:	a4 63 00 20 	l.andi r3,r3,0x20
    3ddc:	bc 03 00 00 	l.sfeqi r3,0x0
    3de0:	13 ff ff fd 	l.bf 3dd4 <__uart_putc+0x18>
    3de4:	a4 67 00 ff 	l.andi r3,r7,0xff
    3de8:	d8 06 18 00 	l.sb 0x0(r6),r3
    3dec:	84 85 00 00 	l.lwz r4,0x0(r5)
    3df0:	9c 84 00 05 	l.addi r4,r4,0x5
    3df4:	8c 64 00 00 	l.lbz r3,0x0(r4)
    3df8:	a4 63 00 60 	l.andi r3,r3,0x60
    3dfc:	bc 23 00 60 	l.sfnei r3,0x60
    3e00:	13 ff ff fd 	l.bf 3df4 <__uart_putc+0x38>
    3e04:	15 00 00 00 	l.nop 0x0
    3e08:	44 00 48 00 	l.jr r9
    3e0c:	15 00 00 00 	l.nop 0x0

00003e10 <__uart_getc>:
    3e10:	18 60 00 00 	l.movhi r3,0x0
    3e14:	a8 63 3e 50 	l.ori r3,r3,0x3e50
    3e18:	84 a3 00 00 	l.lwz r5,0x0(r3)
    3e1c:	9c 85 00 05 	l.addi r4,r5,0x5
    3e20:	8c 64 00 00 	l.lbz r3,0x0(r4)
    3e24:	a4 63 00 01 	l.andi r3,r3,0x1
    3e28:	bc 03 00 00 	l.sfeqi r3,0x0
    3e2c:	13 ff ff fd 	l.bf 3e20 <__uart_getc+0x10>
    3e30:	15 00 00 00 	l.nop 0x0
    3e34:	8d 65 00 00 	l.lbz r11,0x0(r5)
    3e38:	b9 6b 00 18 	l.slli r11,r11,0x18
    3e3c:	44 00 48 00 	l.jr r9
    3e40:	b9 6b 00 98 	l.srai r11,r11,0x18

00003e44 <_board_mem_base>:
    3e44:	00 00 00 00 	l.j 3e44 <_board_mem_base>

00003e48 <_board_mem_size>:
    3e48:	00 80 00 00 	l.j 2003e48 <_end+0x1ffd440>

00003e4c <_board_clk_freq>:
    3e4c:	02 fa f0 80 	l.j fbec004c <_end+0xfbeb9644>

00003e50 <_board_uart_base>:
    3e50:	00 00 00 00 	l.j 3e50 <_board_uart_base>

00003e54 <_board_uart_baud>:
    3e54:	00 01 c2 00 	l.j 74654 <_end+0x6dc4c>

00003e58 <_board_uart_IRQ>:
    3e58:	00 00 00 02 	l.j 3e60 <__udivsi3+0x4>

00003e5c <__udivsi3>:
    3e5c:	9c 21 ff fc 	l.addi r1,r1,0xfffffffc
    3e60:	d4 01 48 00 	l.sw 0x0(r1),r9
    3e64:	9d 60 00 00 	l.addi r11,r0,0x0
    3e68:	9d 04 00 00 	l.addi r8,r4,0x0
    3e6c:	9c a3 00 00 	l.addi r5,r3,0x0
    3e70:	e4 28 58 00 	l.sfne r8,r11
    3e74:	0c 00 00 36 	l.bnf 3f4c <__udivsi3+0xf0>
    3e78:	9c e0 00 00 	l.addi r7,r0,0x0
    3e7c:	e4 48 28 00 	l.sfgtu r8,r5
    3e80:	10 00 00 32 	l.bf 3f48 <__udivsi3+0xec>
    3e84:	e4 08 28 00 	l.sfeq r8,r5
    3e88:	10 00 00 2e 	l.bf 3f40 <__udivsi3+0xe4>
    3e8c:	e4 8b 40 00 	l.sfltu r11,r8
    3e90:	0c 00 00 0d 	l.bnf 3ec4 <__udivsi3+0x68>
    3e94:	9d a0 00 20 	l.addi r13,r0,0x20
    3e98:	19 20 80 00 	l.movhi r9,0x8000
    3e9c:	9c c0 ff ff 	l.addi r6,r0,0xffffffff
    3ea0:	e0 65 48 03 	l.and r3,r5,r9
    3ea4:	b8 87 00 01 	l.slli r4,r7,0x1
    3ea8:	9d e5 00 00 	l.addi r15,r5,0x0
    3eac:	b8 63 00 5f 	l.srli r3,r3,0x1f
    3eb0:	e1 ad 30 00 	l.add r13,r13,r6
    3eb4:	e0 e4 18 04 	l.or r7,r4,r3
    3eb8:	e4 87 40 00 	l.sfltu r7,r8
    3ebc:	13 ff ff f9 	l.bf 3ea0 <__udivsi3+0x44>
    3ec0:	b8 a5 00 01 	l.slli r5,r5,0x1
    3ec4:	b8 e7 00 41 	l.srli r7,r7,0x1
    3ec8:	9d ad 00 01 	l.addi r13,r13,0x1
    3ecc:	9d 20 00 00 	l.addi r9,r0,0x0
    3ed0:	e4 89 68 00 	l.sfltu r9,r13
    3ed4:	0c 00 00 1e 	l.bnf 3f4c <__udivsi3+0xf0>
    3ed8:	9c af 00 00 	l.addi r5,r15,0x0
    3edc:	19 e0 80 00 	l.movhi r15,0x8000
    3ee0:	9e 20 00 00 	l.addi r17,r0,0x0
    3ee4:	e0 65 78 03 	l.and r3,r5,r15
    3ee8:	b8 87 00 01 	l.slli r4,r7,0x1
    3eec:	b8 63 00 5f 	l.srli r3,r3,0x1f
    3ef0:	e0 e4 18 04 	l.or r7,r4,r3
    3ef4:	e0 c7 40 02 	l.sub r6,r7,r8
    3ef8:	e0 66 78 03 	l.and r3,r6,r15
    3efc:	b8 63 00 5f 	l.srli r3,r3,0x1f
    3f00:	9c 80 00 00 	l.addi r4,r0,0x0
    3f04:	e4 23 20 00 	l.sfne r3,r4
    3f08:	10 00 00 03 	l.bf 3f14 <__udivsi3+0xb8>
    3f0c:	b8 6b 00 01 	l.slli r3,r11,0x1
    3f10:	9c 80 00 01 	l.addi r4,r0,0x1
    3f14:	b8 a5 00 01 	l.slli r5,r5,0x1
    3f18:	e4 24 88 00 	l.sfne r4,r17
    3f1c:	0c 00 00 03 	l.bnf 3f28 <__udivsi3+0xcc>
    3f20:	e1 63 20 04 	l.or r11,r3,r4
    3f24:	9c e6 00 00 	l.addi r7,r6,0x0
    3f28:	9d 29 00 01 	l.addi r9,r9,0x1
    3f2c:	e4 89 68 00 	l.sfltu r9,r13
    3f30:	13 ff ff ed 	l.bf 3ee4 <__udivsi3+0x88>
    3f34:	15 00 00 00 	l.nop 0x0
    3f38:	00 00 00 05 	l.j 3f4c <__udivsi3+0xf0>
    3f3c:	15 00 00 00 	l.nop 0x0
    3f40:	00 00 00 03 	l.j 3f4c <__udivsi3+0xf0>
    3f44:	9d 60 00 01 	l.addi r11,r0,0x1
    3f48:	9c e5 00 00 	l.addi r7,r5,0x0
    3f4c:	85 21 00 00 	l.lwz r9,0x0(r1)
    3f50:	44 00 48 00 	l.jr r9
    3f54:	9c 21 00 04 	l.addi r1,r1,0x4

00003f58 <__do_global_ctors_aux>:
    3f58:	d7 e1 17 f8 	l.sw 0xfffffff8(r1),r2
    3f5c:	18 40 00 00 	l.movhi r2,0x0
    3f60:	d7 e1 4f fc 	l.sw 0xfffffffc(r1),r9
    3f64:	a8 42 5f e8 	l.ori r2,r2,0x5fe8
    3f68:	84 62 ff fc 	l.lwz r3,0xfffffffc(r2)
    3f6c:	bc 03 ff ff 	l.sfeqi r3,0xffffffff
    3f70:	10 00 00 09 	l.bf 3f94 <__do_global_ctors_aux+0x3c>
    3f74:	9c 21 ff f8 	l.addi r1,r1,0xfffffff8
    3f78:	9c 42 ff fc 	l.addi r2,r2,0xfffffffc
    3f7c:	48 00 18 00 	l.jalr r3
    3f80:	9c 42 ff fc 	l.addi r2,r2,0xfffffffc
    3f84:	84 62 00 00 	l.lwz r3,0x0(r2)
    3f88:	bc 23 ff ff 	l.sfnei r3,0xffffffff
    3f8c:	13 ff ff fc 	l.bf 3f7c <__do_global_ctors_aux+0x24>
    3f90:	15 00 00 00 	l.nop 0x0
    3f94:	9c 21 00 08 	l.addi r1,r1,0x8
    3f98:	85 21 ff fc 	l.lwz r9,0xfffffffc(r1)
    3f9c:	44 00 48 00 	l.jr r9
    3fa0:	84 41 ff f8 	l.lwz r2,0xfffffff8(r1)

00003fa4 <call___do_global_ctors_aux>:
    3fa4:	d7 e1 4f fc 	l.sw 0xfffffffc(r1),r9
    3fa8:	9c 21 ff fc 	l.addi r1,r1,0xfffffffc
    3fac:	9c 21 00 04 	l.addi r1,r1,0x4
    3fb0:	85 21 ff fc 	l.lwz r9,0xfffffffc(r1)
    3fb4:	44 00 48 00 	l.jr r9
    3fb8:	15 00 00 00 	l.nop 0x0

Disassembly of section .fini:

00003fbc <__fini>:
    3fbc:	9c 21 ff fc 	l.addi r1,r1,0xfffffffc
    3fc0:	d4 01 48 00 	l.sw 0x0(r1),r9
    3fc4:	07 ff f8 43 	l.jal 20d0 <__do_global_dtors_aux>
    3fc8:	15 00 00 00 	l.nop 0x0
    3fcc:	85 21 00 00 	l.lwz r9,0x0(r1)
    3fd0:	44 00 48 00 	l.jr r9
    3fd4:	9c 21 00 04 	l.addi r1,r1,0x4
