  5210.00 ns: Write to SPR : [00000011] <- 00000001
  5310.00 ns: Write to SPR : [00005000] <- 00000000
  7470.00 ns: Read from SPR: [00000001] -> 00000e7f
  7970.00 ns: Read from SPR: [00000011] -> 00008001
  8370.00 ns: Write to SPR : [00000011] <- 00008001
  8470.00 ns: Read from SPR: [00000006] -> 00002640
  9570.00 ns: Write to SPR : [00002002] <- 00000000
 10070.00 ns: Write to SPR : [00002002] <- 00000010
 10570.00 ns: Write to SPR : [00002002] <- 00000020
 11070.00 ns: Write to SPR : [00002002] <- 00000030
 11570.00 ns: Write to SPR : [00002002] <- 00000040
 12070.00 ns: Write to SPR : [00002002] <- 00000050
 12570.00 ns: Write to SPR : [00002002] <- 00000060
 13070.00 ns: Write to SPR : [00002002] <- 00000070
 13570.00 ns: Write to SPR : [00002002] <- 00000080
 14070.00 ns: Write to SPR : [00002002] <- 00000090
 14570.00 ns: Write to SPR : [00002002] <- 000000a0
 15070.00 ns: Write to SPR : [00002002] <- 000000b0
 15570.00 ns: Write to SPR : [00002002] <- 000000c0
 16070.00 ns: Write to SPR : [00002002] <- 000000d0
 16570.00 ns: Write to SPR : [00002002] <- 000000e0
 17070.00 ns: Write to SPR : [00002002] <- 000000f0
 17570.00 ns: Write to SPR : [00002002] <- 00000100
 18070.00 ns: Write to SPR : [00002002] <- 00000110
 18570.00 ns: Write to SPR : [00002002] <- 00000120
 19070.00 ns: Write to SPR : [00002002] <- 00000130
 19570.00 ns: Write to SPR : [00002002] <- 00000140
 20070.00 ns: Write to SPR : [00002002] <- 00000150
 20570.00 ns: Write to SPR : [00002002] <- 00000160
 21070.00 ns: Write to SPR : [00002002] <- 00000170
 21570.00 ns: Write to SPR : [00002002] <- 00000180
 22070.00 ns: Write to SPR : [00002002] <- 00000190
 22570.00 ns: Write to SPR : [00002002] <- 000001a0
 23070.00 ns: Write to SPR : [00002002] <- 000001b0
 23570.00 ns: Write to SPR : [00002002] <- 000001c0
 24070.00 ns: Write to SPR : [00002002] <- 000001d0
 24570.00 ns: Write to SPR : [00002002] <- 000001e0
 25070.00 ns: Write to SPR : [00002002] <- 000001f0
 25570.00 ns: Write to SPR : [00002002] <- 00000200
 26070.00 ns: Write to SPR : [00002002] <- 00000210
 26570.00 ns: Write to SPR : [00002002] <- 00000220
 27070.00 ns: Write to SPR : [00002002] <- 00000230
 27570.00 ns: Write to SPR : [00002002] <- 00000240
 28070.00 ns: Write to SPR : [00002002] <- 00000250
 28570.00 ns: Write to SPR : [00002002] <- 00000260
 29070.00 ns: Write to SPR : [00002002] <- 00000270
 29570.00 ns: Write to SPR : [00002002] <- 00000280
 30070.00 ns: Write to SPR : [00002002] <- 00000290
 30570.00 ns: Write to SPR : [00002002] <- 000002a0
 31070.00 ns: Write to SPR : [00002002] <- 000002b0
 31570.00 ns: Write to SPR : [00002002] <- 000002c0
 32070.00 ns: Write to SPR : [00002002] <- 000002d0
 32570.00 ns: Write to SPR : [00002002] <- 000002e0
 33070.00 ns: Write to SPR : [00002002] <- 000002f0
 33570.00 ns: Write to SPR : [00002002] <- 00000300
 34070.00 ns: Write to SPR : [00002002] <- 00000310
 34570.00 ns: Write to SPR : [00002002] <- 00000320
 35070.00 ns: Write to SPR : [00002002] <- 00000330
 35570.00 ns: Write to SPR : [00002002] <- 00000340
 36070.00 ns: Write to SPR : [00002002] <- 00000350
 36570.00 ns: Write to SPR : [00002002] <- 00000360
 37070.00 ns: Write to SPR : [00002002] <- 00000370
 37570.00 ns: Write to SPR : [00002002] <- 00000380
 38070.00 ns: Write to SPR : [00002002] <- 00000390
 38570.00 ns: Write to SPR : [00002002] <- 000003a0
 39070.00 ns: Write to SPR : [00002002] <- 000003b0
 39570.00 ns: Write to SPR : [00002002] <- 000003c0
 40070.00 ns: Write to SPR : [00002002] <- 000003d0
 40570.00 ns: Write to SPR : [00002002] <- 000003e0
 41070.00 ns: Write to SPR : [00002002] <- 000003f0
 41570.00 ns: Write to SPR : [00002002] <- 00000400
 42070.00 ns: Write to SPR : [00002002] <- 00000410
 42570.00 ns: Write to SPR : [00002002] <- 00000420
 43070.00 ns: Write to SPR : [00002002] <- 00000430
 43570.00 ns: Write to SPR : [00002002] <- 00000440
 44070.00 ns: Write to SPR : [00002002] <- 00000450
 44570.00 ns: Write to SPR : [00002002] <- 00000460
 45070.00 ns: Write to SPR : [00002002] <- 00000470
 45570.00 ns: Write to SPR : [00002002] <- 00000480
 46070.00 ns: Write to SPR : [00002002] <- 00000490
 46570.00 ns: Write to SPR : [00002002] <- 000004a0
 47070.00 ns: Write to SPR : [00002002] <- 000004b0
 47570.00 ns: Write to SPR : [00002002] <- 000004c0
 48070.00 ns: Write to SPR : [00002002] <- 000004d0
 48570.00 ns: Write to SPR : [00002002] <- 000004e0
 49070.00 ns: Write to SPR : [00002002] <- 000004f0
 49570.00 ns: Write to SPR : [00002002] <- 00000500
 50070.00 ns: Write to SPR : [00002002] <- 00000510
 50570.00 ns: Write to SPR : [00002002] <- 00000520
 51070.00 ns: Write to SPR : [00002002] <- 00000530
 51570.00 ns: Write to SPR : [00002002] <- 00000540
 52070.00 ns: Write to SPR : [00002002] <- 00000550
 52570.00 ns: Write to SPR : [00002002] <- 00000560
 53070.00 ns: Write to SPR : [00002002] <- 00000570
 53570.00 ns: Write to SPR : [00002002] <- 00000580
 54070.00 ns: Write to SPR : [00002002] <- 00000590
 54570.00 ns: Write to SPR : [00002002] <- 000005a0
 55070.00 ns: Write to SPR : [00002002] <- 000005b0
 55570.00 ns: Write to SPR : [00002002] <- 000005c0
 56070.00 ns: Write to SPR : [00002002] <- 000005d0
 56570.00 ns: Write to SPR : [00002002] <- 000005e0
 57070.00 ns: Write to SPR : [00002002] <- 000005f0
 57570.00 ns: Write to SPR : [00002002] <- 00000600
 58070.00 ns: Write to SPR : [00002002] <- 00000610
 58570.00 ns: Write to SPR : [00002002] <- 00000620
 59070.00 ns: Write to SPR : [00002002] <- 00000630
 59570.00 ns: Write to SPR : [00002002] <- 00000640
 60070.00 ns: Write to SPR : [00002002] <- 00000650
 60570.00 ns: Write to SPR : [00002002] <- 00000660
 61070.00 ns: Write to SPR : [00002002] <- 00000670
 61570.00 ns: Write to SPR : [00002002] <- 00000680
 62070.00 ns: Write to SPR : [00002002] <- 00000690
 62570.00 ns: Write to SPR : [00002002] <- 000006a0
 63070.00 ns: Write to SPR : [00002002] <- 000006b0
 63570.00 ns: Write to SPR : [00002002] <- 000006c0
 64070.00 ns: Write to SPR : [00002002] <- 000006d0
 64570.00 ns: Write to SPR : [00002002] <- 000006e0
 65070.00 ns: Write to SPR : [00002002] <- 000006f0
 65570.00 ns: Write to SPR : [00002002] <- 00000700
 66070.00 ns: Write to SPR : [00002002] <- 00000710
 66570.00 ns: Write to SPR : [00002002] <- 00000720
 67070.00 ns: Write to SPR : [00002002] <- 00000730
 67570.00 ns: Write to SPR : [00002002] <- 00000740
 68070.00 ns: Write to SPR : [00002002] <- 00000750
 68570.00 ns: Write to SPR : [00002002] <- 00000760
 69070.00 ns: Write to SPR : [00002002] <- 00000770
 69570.00 ns: Write to SPR : [00002002] <- 00000780
 70070.00 ns: Write to SPR : [00002002] <- 00000790
 70570.00 ns: Write to SPR : [00002002] <- 000007a0
 71070.00 ns: Write to SPR : [00002002] <- 000007b0
 71570.00 ns: Write to SPR : [00002002] <- 000007c0
 72070.00 ns: Write to SPR : [00002002] <- 000007d0
 72570.00 ns: Write to SPR : [00002002] <- 000007e0
 73070.00 ns: Write to SPR : [00002002] <- 000007f0
 73570.00 ns: Write to SPR : [00002002] <- 00000800
 74070.00 ns: Write to SPR : [00002002] <- 00000810
 74570.00 ns: Write to SPR : [00002002] <- 00000820
 75070.00 ns: Write to SPR : [00002002] <- 00000830
 75570.00 ns: Write to SPR : [00002002] <- 00000840
 76070.00 ns: Write to SPR : [00002002] <- 00000850
 76570.00 ns: Write to SPR : [00002002] <- 00000860
 77070.00 ns: Write to SPR : [00002002] <- 00000870
 77570.00 ns: Write to SPR : [00002002] <- 00000880
 78070.00 ns: Write to SPR : [00002002] <- 00000890
 78570.00 ns: Write to SPR : [00002002] <- 000008a0
 79070.00 ns: Write to SPR : [00002002] <- 000008b0
 79570.00 ns: Write to SPR : [00002002] <- 000008c0
 80070.00 ns: Write to SPR : [00002002] <- 000008d0
 80570.00 ns: Write to SPR : [00002002] <- 000008e0
 81070.00 ns: Write to SPR : [00002002] <- 000008f0
 81570.00 ns: Write to SPR : [00002002] <- 00000900
 82070.00 ns: Write to SPR : [00002002] <- 00000910
 82570.00 ns: Write to SPR : [00002002] <- 00000920
 83070.00 ns: Write to SPR : [00002002] <- 00000930
 83570.00 ns: Write to SPR : [00002002] <- 00000940
 84070.00 ns: Write to SPR : [00002002] <- 00000950
 84570.00 ns: Write to SPR : [00002002] <- 00000960
 85070.00 ns: Write to SPR : [00002002] <- 00000970
 85570.00 ns: Write to SPR : [00002002] <- 00000980
 86070.00 ns: Write to SPR : [00002002] <- 00000990
 86570.00 ns: Write to SPR : [00002002] <- 000009a0
 87070.00 ns: Write to SPR : [00002002] <- 000009b0
 87570.00 ns: Write to SPR : [00002002] <- 000009c0
 88070.00 ns: Write to SPR : [00002002] <- 000009d0
 88570.00 ns: Write to SPR : [00002002] <- 000009e0
 89070.00 ns: Write to SPR : [00002002] <- 000009f0
 89570.00 ns: Write to SPR : [00002002] <- 00000a00
 90070.00 ns: Write to SPR : [00002002] <- 00000a10
 90570.00 ns: Write to SPR : [00002002] <- 00000a20
 91070.00 ns: Write to SPR : [00002002] <- 00000a30
 91570.00 ns: Write to SPR : [00002002] <- 00000a40
 92070.00 ns: Write to SPR : [00002002] <- 00000a50
 92570.00 ns: Write to SPR : [00002002] <- 00000a60
 93070.00 ns: Write to SPR : [00002002] <- 00000a70
 93570.00 ns: Write to SPR : [00002002] <- 00000a80
 94070.00 ns: Write to SPR : [00002002] <- 00000a90
 94570.00 ns: Write to SPR : [00002002] <- 00000aa0
 95070.00 ns: Write to SPR : [00002002] <- 00000ab0
 95570.00 ns: Write to SPR : [00002002] <- 00000ac0
 96070.00 ns: Write to SPR : [00002002] <- 00000ad0
 96570.00 ns: Write to SPR : [00002002] <- 00000ae0
 97070.00 ns: Write to SPR : [00002002] <- 00000af0
 97570.00 ns: Write to SPR : [00002002] <- 00000b00
 98070.00 ns: Write to SPR : [00002002] <- 00000b10
 98570.00 ns: Write to SPR : [00002002] <- 00000b20
 99070.00 ns: Write to SPR : [00002002] <- 00000b30
 99570.00 ns: Write to SPR : [00002002] <- 00000b40
100070.00 ns: Write to SPR : [00002002] <- 00000b50
100570.00 ns: Write to SPR : [00002002] <- 00000b60
101070.00 ns: Write to SPR : [00002002] <- 00000b70
101570.00 ns: Write to SPR : [00002002] <- 00000b80
102070.00 ns: Write to SPR : [00002002] <- 00000b90
102570.00 ns: Write to SPR : [00002002] <- 00000ba0
103070.00 ns: Write to SPR : [00002002] <- 00000bb0
103570.00 ns: Write to SPR : [00002002] <- 00000bc0
104070.00 ns: Write to SPR : [00002002] <- 00000bd0
104570.00 ns: Write to SPR : [00002002] <- 00000be0
105070.00 ns: Write to SPR : [00002002] <- 00000bf0
105570.00 ns: Write to SPR : [00002002] <- 00000c00
106070.00 ns: Write to SPR : [00002002] <- 00000c10
106570.00 ns: Write to SPR : [00002002] <- 00000c20
107070.00 ns: Write to SPR : [00002002] <- 00000c30
107570.00 ns: Write to SPR : [00002002] <- 00000c40
108070.00 ns: Write to SPR : [00002002] <- 00000c50
108570.00 ns: Write to SPR : [00002002] <- 00000c60
109070.00 ns: Write to SPR : [00002002] <- 00000c70
109570.00 ns: Write to SPR : [00002002] <- 00000c80
110070.00 ns: Write to SPR : [00002002] <- 00000c90
110570.00 ns: Write to SPR : [00002002] <- 00000ca0
111070.00 ns: Write to SPR : [00002002] <- 00000cb0
111570.00 ns: Write to SPR : [00002002] <- 00000cc0
112070.00 ns: Write to SPR : [00002002] <- 00000cd0
112570.00 ns: Write to SPR : [00002002] <- 00000ce0
113070.00 ns: Write to SPR : [00002002] <- 00000cf0
113570.00 ns: Write to SPR : [00002002] <- 00000d00
114070.00 ns: Write to SPR : [00002002] <- 00000d10
114570.00 ns: Write to SPR : [00002002] <- 00000d20
115070.00 ns: Write to SPR : [00002002] <- 00000d30
115570.00 ns: Write to SPR : [00002002] <- 00000d40
116070.00 ns: Write to SPR : [00002002] <- 00000d50
116570.00 ns: Write to SPR : [00002002] <- 00000d60
117070.00 ns: Write to SPR : [00002002] <- 00000d70
117570.00 ns: Write to SPR : [00002002] <- 00000d80
118070.00 ns: Write to SPR : [00002002] <- 00000d90
118570.00 ns: Write to SPR : [00002002] <- 00000da0
119070.00 ns: Write to SPR : [00002002] <- 00000db0
119570.00 ns: Write to SPR : [00002002] <- 00000dc0
120070.00 ns: Write to SPR : [00002002] <- 00000dd0
120570.00 ns: Write to SPR : [00002002] <- 00000de0
121070.00 ns: Write to SPR : [00002002] <- 00000df0
121570.00 ns: Write to SPR : [00002002] <- 00000e00
122070.00 ns: Write to SPR : [00002002] <- 00000e10
122570.00 ns: Write to SPR : [00002002] <- 00000e20
123070.00 ns: Write to SPR : [00002002] <- 00000e30
123570.00 ns: Write to SPR : [00002002] <- 00000e40
124070.00 ns: Write to SPR : [00002002] <- 00000e50
124570.00 ns: Write to SPR : [00002002] <- 00000e60
125070.00 ns: Write to SPR : [00002002] <- 00000e70
125570.00 ns: Write to SPR : [00002002] <- 00000e80
126070.00 ns: Write to SPR : [00002002] <- 00000e90
126570.00 ns: Write to SPR : [00002002] <- 00000ea0
127070.00 ns: Write to SPR : [00002002] <- 00000eb0
127570.00 ns: Write to SPR : [00002002] <- 00000ec0
128070.00 ns: Write to SPR : [00002002] <- 00000ed0
128570.00 ns: Write to SPR : [00002002] <- 00000ee0
129070.00 ns: Write to SPR : [00002002] <- 00000ef0
129570.00 ns: Write to SPR : [00002002] <- 00000f00
130070.00 ns: Write to SPR : [00002002] <- 00000f10
130570.00 ns: Write to SPR : [00002002] <- 00000f20
131070.00 ns: Write to SPR : [00002002] <- 00000f30
131570.00 ns: Write to SPR : [00002002] <- 00000f40
132070.00 ns: Write to SPR : [00002002] <- 00000f50
132570.00 ns: Write to SPR : [00002002] <- 00000f60
133070.00 ns: Write to SPR : [00002002] <- 00000f70
133570.00 ns: Write to SPR : [00002002] <- 00000f80
134070.00 ns: Write to SPR : [00002002] <- 00000f90
134570.00 ns: Write to SPR : [00002002] <- 00000fa0
135070.00 ns: Write to SPR : [00002002] <- 00000fb0
135570.00 ns: Write to SPR : [00002002] <- 00000fc0
136070.00 ns: Write to SPR : [00002002] <- 00000fd0
136570.00 ns: Write to SPR : [00002002] <- 00000fe0
137070.00 ns: Write to SPR : [00002002] <- 00000ff0
137570.00 ns: Write to SPR : [00002002] <- 00001000
137970.00 ns: Read from SPR: [00000011] -> 00008001
138210.00 ns: Write to SPR : [00000011] <- 00008011
138810.00 ns: Read from SPR: [00000001] -> 00000e7f
139150.00 ns: Read from SPR: [00000011] -> 00008011
139390.00 ns: Write to SPR : [00000011] <- 00008011
139490.00 ns: Read from SPR: [00000005] -> 00002640
140110.00 ns: Write to SPR : [00001803] <- 00000000
140330.00 ns: Write to SPR : [00001803] <- 00000010
140470.00 ns: Write to SPR : [00001803] <- 00000020
140610.00 ns: Write to SPR : [00001803] <- 00000030
140750.00 ns: Write to SPR : [00001803] <- 00000040
140890.00 ns: Write to SPR : [00001803] <- 00000050
141030.00 ns: Write to SPR : [00001803] <- 00000060
141170.00 ns: Write to SPR : [00001803] <- 00000070
141310.00 ns: Write to SPR : [00001803] <- 00000080
141450.00 ns: Write to SPR : [00001803] <- 00000090
141590.00 ns: Write to SPR : [00001803] <- 000000a0
141730.00 ns: Write to SPR : [00001803] <- 000000b0
141870.00 ns: Write to SPR : [00001803] <- 000000c0
142010.00 ns: Write to SPR : [00001803] <- 000000d0
142150.00 ns: Write to SPR : [00001803] <- 000000e0
142290.00 ns: Write to SPR : [00001803] <- 000000f0
142430.00 ns: Write to SPR : [00001803] <- 00000100
142570.00 ns: Write to SPR : [00001803] <- 00000110
142710.00 ns: Write to SPR : [00001803] <- 00000120
142850.00 ns: Write to SPR : [00001803] <- 00000130
142990.00 ns: Write to SPR : [00001803] <- 00000140
143130.00 ns: Write to SPR : [00001803] <- 00000150
143270.00 ns: Write to SPR : [00001803] <- 00000160
143410.00 ns: Write to SPR : [00001803] <- 00000170
143550.00 ns: Write to SPR : [00001803] <- 00000180
143690.00 ns: Write to SPR : [00001803] <- 00000190
143830.00 ns: Write to SPR : [00001803] <- 000001a0
143970.00 ns: Write to SPR : [00001803] <- 000001b0
144110.00 ns: Write to SPR : [00001803] <- 000001c0
144250.00 ns: Write to SPR : [00001803] <- 000001d0
144390.00 ns: Write to SPR : [00001803] <- 000001e0
144530.00 ns: Write to SPR : [00001803] <- 000001f0
144670.00 ns: Write to SPR : [00001803] <- 00000200
144810.00 ns: Write to SPR : [00001803] <- 00000210
144950.00 ns: Write to SPR : [00001803] <- 00000220
145090.00 ns: Write to SPR : [00001803] <- 00000230
145230.00 ns: Write to SPR : [00001803] <- 00000240
145370.00 ns: Write to SPR : [00001803] <- 00000250
145510.00 ns: Write to SPR : [00001803] <- 00000260
145650.00 ns: Write to SPR : [00001803] <- 00000270
145790.00 ns: Write to SPR : [00001803] <- 00000280
145930.00 ns: Write to SPR : [00001803] <- 00000290
146070.00 ns: Write to SPR : [00001803] <- 000002a0
146210.00 ns: Write to SPR : [00001803] <- 000002b0
146350.00 ns: Write to SPR : [00001803] <- 000002c0
146490.00 ns: Write to SPR : [00001803] <- 000002d0
146630.00 ns: Write to SPR : [00001803] <- 000002e0
146770.00 ns: Write to SPR : [00001803] <- 000002f0
146910.00 ns: Write to SPR : [00001803] <- 00000300
147050.00 ns: Write to SPR : [00001803] <- 00000310
147190.00 ns: Write to SPR : [00001803] <- 00000320
147330.00 ns: Write to SPR : [00001803] <- 00000330
147470.00 ns: Write to SPR : [00001803] <- 00000340
147610.00 ns: Write to SPR : [00001803] <- 00000350
147750.00 ns: Write to SPR : [00001803] <- 00000360
147890.00 ns: Write to SPR : [00001803] <- 00000370
148030.00 ns: Write to SPR : [00001803] <- 00000380
148170.00 ns: Write to SPR : [00001803] <- 00000390
148310.00 ns: Write to SPR : [00001803] <- 000003a0
148450.00 ns: Write to SPR : [00001803] <- 000003b0
148590.00 ns: Write to SPR : [00001803] <- 000003c0
148730.00 ns: Write to SPR : [00001803] <- 000003d0
148870.00 ns: Write to SPR : [00001803] <- 000003e0
149010.00 ns: Write to SPR : [00001803] <- 000003f0
149150.00 ns: Write to SPR : [00001803] <- 00000400
149290.00 ns: Write to SPR : [00001803] <- 00000410
149430.00 ns: Write to SPR : [00001803] <- 00000420
149570.00 ns: Write to SPR : [00001803] <- 00000430
149710.00 ns: Write to SPR : [00001803] <- 00000440
149850.00 ns: Write to SPR : [00001803] <- 00000450
149990.00 ns: Write to SPR : [00001803] <- 00000460
150130.00 ns: Write to SPR : [00001803] <- 00000470
150270.00 ns: Write to SPR : [00001803] <- 00000480
150410.00 ns: Write to SPR : [00001803] <- 00000490
150550.00 ns: Write to SPR : [00001803] <- 000004a0
150690.00 ns: Write to SPR : [00001803] <- 000004b0
150830.00 ns: Write to SPR : [00001803] <- 000004c0
150970.00 ns: Write to SPR : [00001803] <- 000004d0
151110.00 ns: Write to SPR : [00001803] <- 000004e0
151250.00 ns: Write to SPR : [00001803] <- 000004f0
151390.00 ns: Write to SPR : [00001803] <- 00000500
151530.00 ns: Write to SPR : [00001803] <- 00000510
151670.00 ns: Write to SPR : [00001803] <- 00000520
151810.00 ns: Write to SPR : [00001803] <- 00000530
151950.00 ns: Write to SPR : [00001803] <- 00000540
152090.00 ns: Write to SPR : [00001803] <- 00000550
152230.00 ns: Write to SPR : [00001803] <- 00000560
152370.00 ns: Write to SPR : [00001803] <- 00000570
152510.00 ns: Write to SPR : [00001803] <- 00000580
152650.00 ns: Write to SPR : [00001803] <- 00000590
152790.00 ns: Write to SPR : [00001803] <- 000005a0
152930.00 ns: Write to SPR : [00001803] <- 000005b0
153070.00 ns: Write to SPR : [00001803] <- 000005c0
153210.00 ns: Write to SPR : [00001803] <- 000005d0
153350.00 ns: Write to SPR : [00001803] <- 000005e0
153490.00 ns: Write to SPR : [00001803] <- 000005f0
153630.00 ns: Write to SPR : [00001803] <- 00000600
153770.00 ns: Write to SPR : [00001803] <- 00000610
153910.00 ns: Write to SPR : [00001803] <- 00000620
154050.00 ns: Write to SPR : [00001803] <- 00000630
154190.00 ns: Write to SPR : [00001803] <- 00000640
154330.00 ns: Write to SPR : [00001803] <- 00000650
154470.00 ns: Write to SPR : [00001803] <- 00000660
154610.00 ns: Write to SPR : [00001803] <- 00000670
154750.00 ns: Write to SPR : [00001803] <- 00000680
154890.00 ns: Write to SPR : [00001803] <- 00000690
155030.00 ns: Write to SPR : [00001803] <- 000006a0
155170.00 ns: Write to SPR : [00001803] <- 000006b0
155310.00 ns: Write to SPR : [00001803] <- 000006c0
155450.00 ns: Write to SPR : [00001803] <- 000006d0
155590.00 ns: Write to SPR : [00001803] <- 000006e0
155730.00 ns: Write to SPR : [00001803] <- 000006f0
155870.00 ns: Write to SPR : [00001803] <- 00000700
156010.00 ns: Write to SPR : [00001803] <- 00000710
156150.00 ns: Write to SPR : [00001803] <- 00000720
156290.00 ns: Write to SPR : [00001803] <- 00000730
156430.00 ns: Write to SPR : [00001803] <- 00000740
156570.00 ns: Write to SPR : [00001803] <- 00000750
156710.00 ns: Write to SPR : [00001803] <- 00000760
156850.00 ns: Write to SPR : [00001803] <- 00000770
156990.00 ns: Write to SPR : [00001803] <- 00000780
157130.00 ns: Write to SPR : [00001803] <- 00000790
157270.00 ns: Write to SPR : [00001803] <- 000007a0
157410.00 ns: Write to SPR : [00001803] <- 000007b0
157550.00 ns: Write to SPR : [00001803] <- 000007c0
157690.00 ns: Write to SPR : [00001803] <- 000007d0
157830.00 ns: Write to SPR : [00001803] <- 000007e0
157970.00 ns: Write to SPR : [00001803] <- 000007f0
158110.00 ns: Write to SPR : [00001803] <- 00000800
158250.00 ns: Write to SPR : [00001803] <- 00000810
158390.00 ns: Write to SPR : [00001803] <- 00000820
158530.00 ns: Write to SPR : [00001803] <- 00000830
158670.00 ns: Write to SPR : [00001803] <- 00000840
158810.00 ns: Write to SPR : [00001803] <- 00000850
158950.00 ns: Write to SPR : [00001803] <- 00000860
159090.00 ns: Write to SPR : [00001803] <- 00000870
159230.00 ns: Write to SPR : [00001803] <- 00000880
159370.00 ns: Write to SPR : [00001803] <- 00000890
159510.00 ns: Write to SPR : [00001803] <- 000008a0
159650.00 ns: Write to SPR : [00001803] <- 000008b0
159790.00 ns: Write to SPR : [00001803] <- 000008c0
159930.00 ns: Write to SPR : [00001803] <- 000008d0
160070.00 ns: Write to SPR : [00001803] <- 000008e0
160210.00 ns: Write to SPR : [00001803] <- 000008f0
160350.00 ns: Write to SPR : [00001803] <- 00000900
160490.00 ns: Write to SPR : [00001803] <- 00000910
160630.00 ns: Write to SPR : [00001803] <- 00000920
160770.00 ns: Write to SPR : [00001803] <- 00000930
160910.00 ns: Write to SPR : [00001803] <- 00000940
161050.00 ns: Write to SPR : [00001803] <- 00000950
161190.00 ns: Write to SPR : [00001803] <- 00000960
161330.00 ns: Write to SPR : [00001803] <- 00000970
161470.00 ns: Write to SPR : [00001803] <- 00000980
161610.00 ns: Write to SPR : [00001803] <- 00000990
161750.00 ns: Write to SPR : [00001803] <- 000009a0
161890.00 ns: Write to SPR : [00001803] <- 000009b0
162030.00 ns: Write to SPR : [00001803] <- 000009c0
162170.00 ns: Write to SPR : [00001803] <- 000009d0
162310.00 ns: Write to SPR : [00001803] <- 000009e0
162450.00 ns: Write to SPR : [00001803] <- 000009f0
162590.00 ns: Write to SPR : [00001803] <- 00000a00
162730.00 ns: Write to SPR : [00001803] <- 00000a10
162870.00 ns: Write to SPR : [00001803] <- 00000a20
163010.00 ns: Write to SPR : [00001803] <- 00000a30
163150.00 ns: Write to SPR : [00001803] <- 00000a40
163290.00 ns: Write to SPR : [00001803] <- 00000a50
163430.00 ns: Write to SPR : [00001803] <- 00000a60
163570.00 ns: Write to SPR : [00001803] <- 00000a70
163710.00 ns: Write to SPR : [00001803] <- 00000a80
163850.00 ns: Write to SPR : [00001803] <- 00000a90
163990.00 ns: Write to SPR : [00001803] <- 00000aa0
164130.00 ns: Write to SPR : [00001803] <- 00000ab0
164270.00 ns: Write to SPR : [00001803] <- 00000ac0
164410.00 ns: Write to SPR : [00001803] <- 00000ad0
164550.00 ns: Write to SPR : [00001803] <- 00000ae0
164690.00 ns: Write to SPR : [00001803] <- 00000af0
164830.00 ns: Write to SPR : [00001803] <- 00000b00
164970.00 ns: Write to SPR : [00001803] <- 00000b10
165110.00 ns: Write to SPR : [00001803] <- 00000b20
165250.00 ns: Write to SPR : [00001803] <- 00000b30
165390.00 ns: Write to SPR : [00001803] <- 00000b40
165530.00 ns: Write to SPR : [00001803] <- 00000b50
165670.00 ns: Write to SPR : [00001803] <- 00000b60
165810.00 ns: Write to SPR : [00001803] <- 00000b70
165950.00 ns: Write to SPR : [00001803] <- 00000b80
166090.00 ns: Write to SPR : [00001803] <- 00000b90
166230.00 ns: Write to SPR : [00001803] <- 00000ba0
166370.00 ns: Write to SPR : [00001803] <- 00000bb0
166510.00 ns: Write to SPR : [00001803] <- 00000bc0
166650.00 ns: Write to SPR : [00001803] <- 00000bd0
166790.00 ns: Write to SPR : [00001803] <- 00000be0
166930.00 ns: Write to SPR : [00001803] <- 00000bf0
167070.00 ns: Write to SPR : [00001803] <- 00000c00
167210.00 ns: Write to SPR : [00001803] <- 00000c10
167350.00 ns: Write to SPR : [00001803] <- 00000c20
167490.00 ns: Write to SPR : [00001803] <- 00000c30
167630.00 ns: Write to SPR : [00001803] <- 00000c40
167770.00 ns: Write to SPR : [00001803] <- 00000c50
167910.00 ns: Write to SPR : [00001803] <- 00000c60
168050.00 ns: Write to SPR : [00001803] <- 00000c70
168190.00 ns: Write to SPR : [00001803] <- 00000c80
168330.00 ns: Write to SPR : [00001803] <- 00000c90
168470.00 ns: Write to SPR : [00001803] <- 00000ca0
168610.00 ns: Write to SPR : [00001803] <- 00000cb0
168750.00 ns: Write to SPR : [00001803] <- 00000cc0
168890.00 ns: Write to SPR : [00001803] <- 00000cd0
169030.00 ns: Write to SPR : [00001803] <- 00000ce0
169170.00 ns: Write to SPR : [00001803] <- 00000cf0
169310.00 ns: Write to SPR : [00001803] <- 00000d00
169450.00 ns: Write to SPR : [00001803] <- 00000d10
169590.00 ns: Write to SPR : [00001803] <- 00000d20
169730.00 ns: Write to SPR : [00001803] <- 00000d30
169870.00 ns: Write to SPR : [00001803] <- 00000d40
170010.00 ns: Write to SPR : [00001803] <- 00000d50
170150.00 ns: Write to SPR : [00001803] <- 00000d60
170290.00 ns: Write to SPR : [00001803] <- 00000d70
170430.00 ns: Write to SPR : [00001803] <- 00000d80
170570.00 ns: Write to SPR : [00001803] <- 00000d90
170710.00 ns: Write to SPR : [00001803] <- 00000da0
170850.00 ns: Write to SPR : [00001803] <- 00000db0
170990.00 ns: Write to SPR : [00001803] <- 00000dc0
171130.00 ns: Write to SPR : [00001803] <- 00000dd0
171270.00 ns: Write to SPR : [00001803] <- 00000de0
171410.00 ns: Write to SPR : [00001803] <- 00000df0
171550.00 ns: Write to SPR : [00001803] <- 00000e00
171690.00 ns: Write to SPR : [00001803] <- 00000e10
171830.00 ns: Write to SPR : [00001803] <- 00000e20
171970.00 ns: Write to SPR : [00001803] <- 00000e30
172110.00 ns: Write to SPR : [00001803] <- 00000e40
172250.00 ns: Write to SPR : [00001803] <- 00000e50
172390.00 ns: Write to SPR : [00001803] <- 00000e60
172530.00 ns: Write to SPR : [00001803] <- 00000e70
172670.00 ns: Write to SPR : [00001803] <- 00000e80
172810.00 ns: Write to SPR : [00001803] <- 00000e90
172950.00 ns: Write to SPR : [00001803] <- 00000ea0
173090.00 ns: Write to SPR : [00001803] <- 00000eb0
173230.00 ns: Write to SPR : [00001803] <- 00000ec0
173370.00 ns: Write to SPR : [00001803] <- 00000ed0
173510.00 ns: Write to SPR : [00001803] <- 00000ee0
173650.00 ns: Write to SPR : [00001803] <- 00000ef0
173790.00 ns: Write to SPR : [00001803] <- 00000f00
173930.00 ns: Write to SPR : [00001803] <- 00000f10
174070.00 ns: Write to SPR : [00001803] <- 00000f20
174210.00 ns: Write to SPR : [00001803] <- 00000f30
174350.00 ns: Write to SPR : [00001803] <- 00000f40
174490.00 ns: Write to SPR : [00001803] <- 00000f50
174630.00 ns: Write to SPR : [00001803] <- 00000f60
174770.00 ns: Write to SPR : [00001803] <- 00000f70
174910.00 ns: Write to SPR : [00001803] <- 00000f80
175050.00 ns: Write to SPR : [00001803] <- 00000f90
175190.00 ns: Write to SPR : [00001803] <- 00000fa0
175330.00 ns: Write to SPR : [00001803] <- 00000fb0
175470.00 ns: Write to SPR : [00001803] <- 00000fc0
175610.00 ns: Write to SPR : [00001803] <- 00000fd0
175750.00 ns: Write to SPR : [00001803] <- 00000fe0
175890.00 ns: Write to SPR : [00001803] <- 00000ff0
176030.00 ns: Write to SPR : [00001803] <- 00001000
176210.00 ns: Read from SPR: [00000011] -> 00008011
176350.00 ns: Write to SPR : [00000011] <- 00008019
