Instruction           0:   2010.00 ns
Instruction           1:   2110.00 ns
Instruction           2:   2210.00 ns
Instruction           3:   2310.00 ns
Instruction           4:   2410.00 ns
Instruction           5:   2510.00 ns
Instruction           6:   2610.00 ns
Instruction           7:   2710.00 ns
Instruction           8:   2810.00 ns
Instruction           9:   2910.00 ns
Instruction          10:   3010.00 ns
Instruction          11:   3110.00 ns
Instruction          12:   3210.00 ns
Instruction          13:   3310.00 ns
Instruction          14:   3410.00 ns
Instruction          15:   3510.00 ns
Instruction          16:   3610.00 ns
Instruction          17:   3710.00 ns
Instruction          18:   3810.00 ns
Instruction          19:   3910.00 ns
Instruction          20:   4010.00 ns
Instruction          21:   4110.00 ns
Instruction          22:   4210.00 ns
Instruction          23:   4310.00 ns
Instruction          24:   4410.00 ns
Instruction          25:   4510.00 ns
Instruction          26:   4610.00 ns
Instruction          27:   4710.00 ns
Instruction          28:   4810.00 ns
Instruction          29:   4910.00 ns
Instruction          30:   5010.00 ns
Instruction          31:   5110.00 ns
Instruction          32:   5210.00 ns
Instruction          33:   5310.00 ns
Instruction          34:   5410.00 ns
Instruction          35:   5510.00 ns
Instruction          36:   5630.00 ns
Instruction          37:   5730.00 ns
Instruction          38:   5830.00 ns
Instruction          39:   6030.00 ns
Instruction          40:   6210.00 ns
Instruction          41:   6290.00 ns
Instruction          42:   6390.00 ns
Instruction          43:   6570.00 ns
Instruction          44:   6650.00 ns
Instruction          45:   6750.00 ns
Instruction          46:   6850.00 ns
Instruction          47:   6950.00 ns
Instruction          48:   7050.00 ns
Instruction          49:   7170.00 ns
Instruction          50:   7270.00 ns
Instruction          51:   7470.00 ns
Instruction          52:   7570.00 ns
Instruction          53:   7670.00 ns
Instruction          54:   7770.00 ns
Instruction          55:   7870.00 ns
Instruction          56:   7970.00 ns
Instruction          57:   8070.00 ns
Instruction          58:   8170.00 ns
Instruction          59:   8270.00 ns
Instruction          60:   8370.00 ns
Instruction          61:   8470.00 ns
Instruction          62:   8570.00 ns
Instruction          63:   8670.00 ns
Instruction          64:   8770.00 ns
Instruction          65:   8870.00 ns
Instruction          66:   8970.00 ns
Instruction          67:   9070.00 ns
Instruction          68:   9170.00 ns
Instruction          69:   9270.00 ns
Instruction          70:   9370.00 ns
Instruction          71:   9470.00 ns
Instruction          72:   9570.00 ns
Instruction          73:   9670.00 ns
Instruction          74:   9770.00 ns
Instruction          75:   9870.00 ns
Instruction          76:   9970.00 ns
Instruction          77:  10170.00 ns
Instruction          78:  10270.00 ns
Instruction          79:  10370.00 ns
Instruction          80:  10470.00 ns
Instruction          81:  10670.00 ns
Instruction          82:  10770.00 ns
Instruction          83:  10870.00 ns
Instruction          84:  10970.00 ns
Instruction          85:  11170.00 ns
Instruction          86:  11270.00 ns
Instruction          87:  11370.00 ns
Instruction          88:  11470.00 ns
Instruction          89:  11670.00 ns
Instruction          90:  11770.00 ns
Instruction          91:  11870.00 ns
Instruction          92:  11970.00 ns
Instruction          93:  12170.00 ns
Instruction          94:  12270.00 ns
Instruction          95:  12370.00 ns
Instruction          96:  12470.00 ns
Instruction          97:  12670.00 ns
Instruction          98:  12770.00 ns
Instruction          99:  12870.00 ns
Instruction         100:  12970.00 ns
Instruction         101:  13170.00 ns
Instruction         102:  13270.00 ns
Instruction         103:  13370.00 ns
Instruction         104:  13470.00 ns
Instruction         105:  13670.00 ns
Instruction         106:  13770.00 ns
Instruction         107:  13870.00 ns
Instruction         108:  13970.00 ns
Instruction         109:  14170.00 ns
Instruction         110:  14270.00 ns
Instruction         111:  14370.00 ns
Instruction         112:  14470.00 ns
Instruction         113:  14670.00 ns
Instruction         114:  14770.00 ns
Instruction         115:  14870.00 ns
Instruction         116:  14970.00 ns
Instruction         117:  15170.00 ns
Instruction         118:  15270.00 ns
Instruction         119:  15370.00 ns
Instruction         120:  15470.00 ns
Instruction         121:  15670.00 ns
Instruction         122:  15770.00 ns
Instruction         123:  15870.00 ns
Instruction         124:  15970.00 ns
Instruction         125:  16170.00 ns
Instruction         126:  16270.00 ns
Instruction         127:  16370.00 ns
Instruction         128:  16470.00 ns
Instruction         129:  16670.00 ns
Instruction         130:  16770.00 ns
Instruction         131:  16870.00 ns
Instruction         132:  16970.00 ns
Instruction         133:  17170.00 ns
Instruction         134:  17270.00 ns
Instruction         135:  17370.00 ns
Instruction         136:  17470.00 ns
Instruction         137:  17670.00 ns
Instruction         138:  17770.00 ns
Instruction         139:  17870.00 ns
Instruction         140:  17970.00 ns
Instruction         141:  18170.00 ns
Instruction         142:  18270.00 ns
Instruction         143:  18370.00 ns
Instruction         144:  18470.00 ns
Instruction         145:  18670.00 ns
Instruction         146:  18770.00 ns
Instruction         147:  18870.00 ns
Instruction         148:  18970.00 ns
Instruction         149:  19170.00 ns
Instruction         150:  19270.00 ns
Instruction         151:  19370.00 ns
Instruction         152:  19470.00 ns
Instruction         153:  19670.00 ns
Instruction         154:  19770.00 ns
Instruction         155:  19870.00 ns
Instruction         156:  19970.00 ns
Instruction         157:  20170.00 ns
Instruction         158:  20270.00 ns
Instruction         159:  20370.00 ns
Instruction         160:  20470.00 ns
Instruction         161:  20670.00 ns
Instruction         162:  20770.00 ns
Instruction         163:  20870.00 ns
Instruction         164:  20970.00 ns
Instruction         165:  21170.00 ns
Instruction         166:  21270.00 ns
Instruction         167:  21370.00 ns
Instruction         168:  21470.00 ns
Instruction         169:  21670.00 ns
Instruction         170:  21770.00 ns
Instruction         171:  21870.00 ns
Instruction         172:  21970.00 ns
Instruction         173:  22170.00 ns
Instruction         174:  22270.00 ns
Instruction         175:  22370.00 ns
Instruction         176:  22470.00 ns
Instruction         177:  22670.00 ns
Instruction         178:  22770.00 ns
Instruction         179:  22870.00 ns
Instruction         180:  22970.00 ns
Instruction         181:  23170.00 ns
Instruction         182:  23270.00 ns
Instruction         183:  23370.00 ns
Instruction         184:  23470.00 ns
Instruction         185:  23670.00 ns
Instruction         186:  23770.00 ns
Instruction         187:  23870.00 ns
Instruction         188:  23970.00 ns
Instruction         189:  24170.00 ns
Instruction         190:  24270.00 ns
Instruction         191:  24370.00 ns
Instruction         192:  24470.00 ns
Instruction         193:  24670.00 ns
Instruction         194:  24770.00 ns
Instruction         195:  24870.00 ns
Instruction         196:  24970.00 ns
Instruction         197:  25170.00 ns
Instruction         198:  25270.00 ns
Instruction         199:  25370.00 ns
Instruction         200:  25470.00 ns
Instruction         201:  25670.00 ns
Instruction         202:  25770.00 ns
Instruction         203:  25870.00 ns
Instruction         204:  25970.00 ns
Instruction         205:  26170.00 ns
Instruction         206:  26270.00 ns
Instruction         207:  26370.00 ns
Instruction         208:  26470.00 ns
Instruction         209:  26670.00 ns
Instruction         210:  26770.00 ns
Instruction         211:  26870.00 ns
Instruction         212:  26970.00 ns
Instruction         213:  27170.00 ns
Instruction         214:  27270.00 ns
Instruction         215:  27370.00 ns
Instruction         216:  27470.00 ns
Instruction         217:  27670.00 ns
Instruction         218:  27770.00 ns
Instruction         219:  27870.00 ns
Instruction         220:  27970.00 ns
Instruction         221:  28170.00 ns
Instruction         222:  28270.00 ns
Instruction         223:  28370.00 ns
Instruction         224:  28470.00 ns
Instruction         225:  28670.00 ns
Instruction         226:  28770.00 ns
Instruction         227:  28870.00 ns
Instruction         228:  28970.00 ns
Instruction         229:  29170.00 ns
Instruction         230:  29270.00 ns
Instruction         231:  29370.00 ns
Instruction         232:  29470.00 ns
Instruction         233:  29670.00 ns
Instruction         234:  29770.00 ns
Instruction         235:  29870.00 ns
Instruction         236:  29970.00 ns
Instruction         237:  30170.00 ns
Instruction         238:  30270.00 ns
Instruction         239:  30370.00 ns
Instruction         240:  30470.00 ns
Instruction         241:  30670.00 ns
Instruction         242:  30770.00 ns
Instruction         243:  30870.00 ns
Instruction         244:  30970.00 ns
Instruction         245:  31170.00 ns
Instruction         246:  31270.00 ns
Instruction         247:  31370.00 ns
Instruction         248:  31470.00 ns
Instruction         249:  31670.00 ns
Instruction         250:  31770.00 ns
Instruction         251:  31870.00 ns
Instruction         252:  31970.00 ns
Instruction         253:  32170.00 ns
Instruction         254:  32270.00 ns
Instruction         255:  32370.00 ns
Instruction         256:  32470.00 ns
Instruction         257:  32670.00 ns
Instruction         258:  32770.00 ns
Instruction         259:  32870.00 ns
Instruction         260:  32970.00 ns
Instruction         261:  33170.00 ns
Instruction         262:  33270.00 ns
Instruction         263:  33370.00 ns
Instruction         264:  33470.00 ns
Instruction         265:  33670.00 ns
Instruction         266:  33770.00 ns
Instruction         267:  33870.00 ns
Instruction         268:  33970.00 ns
Instruction         269:  34170.00 ns
Instruction         270:  34270.00 ns
Instruction         271:  34370.00 ns
Instruction         272:  34470.00 ns
Instruction         273:  34670.00 ns
Instruction         274:  34770.00 ns
Instruction         275:  34870.00 ns
Instruction         276:  34970.00 ns
Instruction         277:  35170.00 ns
Instruction         278:  35270.00 ns
Instruction         279:  35370.00 ns
Instruction         280:  35470.00 ns
Instruction         281:  35670.00 ns
Instruction         282:  35770.00 ns
Instruction         283:  35870.00 ns
Instruction         284:  35970.00 ns
Instruction         285:  36170.00 ns
Instruction         286:  36270.00 ns
Instruction         287:  36370.00 ns
Instruction         288:  36470.00 ns
Instruction         289:  36670.00 ns
Instruction         290:  36770.00 ns
Instruction         291:  36870.00 ns
Instruction         292:  36970.00 ns
Instruction         293:  37170.00 ns
Instruction         294:  37270.00 ns
Instruction         295:  37370.00 ns
Instruction         296:  37470.00 ns
Instruction         297:  37670.00 ns
Instruction         298:  37770.00 ns
Instruction         299:  37870.00 ns
Instruction         300:  37970.00 ns
Instruction         301:  38170.00 ns
Instruction         302:  38270.00 ns
Instruction         303:  38370.00 ns
Instruction         304:  38470.00 ns
Instruction         305:  38670.00 ns
Instruction         306:  38770.00 ns
Instruction         307:  38870.00 ns
Instruction         308:  38970.00 ns
Instruction         309:  39170.00 ns
Instruction         310:  39270.00 ns
Instruction         311:  39370.00 ns
Instruction         312:  39470.00 ns
Instruction         313:  39670.00 ns
Instruction         314:  39770.00 ns
Instruction         315:  39870.00 ns
Instruction         316:  39970.00 ns
Instruction         317:  40170.00 ns
Instruction         318:  40270.00 ns
Instruction         319:  40370.00 ns
Instruction         320:  40470.00 ns
Instruction         321:  40670.00 ns
Instruction         322:  40770.00 ns
Instruction         323:  40870.00 ns
Instruction         324:  40970.00 ns
Instruction         325:  41170.00 ns
Instruction         326:  41270.00 ns
Instruction         327:  41370.00 ns
Instruction         328:  41470.00 ns
Instruction         329:  41670.00 ns
Instruction         330:  41770.00 ns
Instruction         331:  41870.00 ns
Instruction         332:  41970.00 ns
Instruction         333:  42170.00 ns
Instruction         334:  42270.00 ns
Instruction         335:  42370.00 ns
Instruction         336:  42470.00 ns
Instruction         337:  42670.00 ns
Instruction         338:  42770.00 ns
Instruction         339:  42870.00 ns
Instruction         340:  42970.00 ns
Instruction         341:  43170.00 ns
Instruction         342:  43270.00 ns
Instruction         343:  43370.00 ns
Instruction         344:  43470.00 ns
Instruction         345:  43670.00 ns
Instruction         346:  43770.00 ns
Instruction         347:  43870.00 ns
Instruction         348:  43970.00 ns
Instruction         349:  44170.00 ns
Instruction         350:  44270.00 ns
Instruction         351:  44370.00 ns
Instruction         352:  44470.00 ns
Instruction         353:  44670.00 ns
Instruction         354:  44770.00 ns
Instruction         355:  44870.00 ns
Instruction         356:  44970.00 ns
Instruction         357:  45170.00 ns
Instruction         358:  45270.00 ns
Instruction         359:  45370.00 ns
Instruction         360:  45470.00 ns
Instruction         361:  45670.00 ns
Instruction         362:  45770.00 ns
Instruction         363:  45870.00 ns
Instruction         364:  45970.00 ns
Instruction         365:  46170.00 ns
Instruction         366:  46270.00 ns
Instruction         367:  46370.00 ns
Instruction         368:  46470.00 ns
Instruction         369:  46670.00 ns
Instruction         370:  46770.00 ns
Instruction         371:  46870.00 ns
Instruction         372:  46970.00 ns
Instruction         373:  47170.00 ns
Instruction         374:  47270.00 ns
Instruction         375:  47370.00 ns
Instruction         376:  47470.00 ns
Instruction         377:  47670.00 ns
Instruction         378:  47770.00 ns
Instruction         379:  47870.00 ns
Instruction         380:  47970.00 ns
Instruction         381:  48170.00 ns
Instruction         382:  48270.00 ns
Instruction         383:  48370.00 ns
Instruction         384:  48470.00 ns
Instruction         385:  48670.00 ns
Instruction         386:  48770.00 ns
Instruction         387:  48870.00 ns
Instruction         388:  48970.00 ns
Instruction         389:  49170.00 ns
Instruction         390:  49270.00 ns
Instruction         391:  49370.00 ns
Instruction         392:  49470.00 ns
Instruction         393:  49670.00 ns
Instruction         394:  49770.00 ns
Instruction         395:  49870.00 ns
Instruction         396:  49970.00 ns
Instruction         397:  50170.00 ns
Instruction         398:  50270.00 ns
Instruction         399:  50370.00 ns
Instruction         400:  50470.00 ns
Instruction         401:  50670.00 ns
Instruction         402:  50770.00 ns
Instruction         403:  50870.00 ns
Instruction         404:  50970.00 ns
Instruction         405:  51170.00 ns
Instruction         406:  51270.00 ns
Instruction         407:  51370.00 ns
Instruction         408:  51470.00 ns
Instruction         409:  51670.00 ns
Instruction         410:  51770.00 ns
Instruction         411:  51870.00 ns
Instruction         412:  51970.00 ns
Instruction         413:  52170.00 ns
Instruction         414:  52270.00 ns
Instruction         415:  52370.00 ns
Instruction         416:  52470.00 ns
Instruction         417:  52670.00 ns
Instruction         418:  52770.00 ns
Instruction         419:  52870.00 ns
Instruction         420:  52970.00 ns
Instruction         421:  53170.00 ns
Instruction         422:  53270.00 ns
Instruction         423:  53370.00 ns
Instruction         424:  53470.00 ns
Instruction         425:  53670.00 ns
Instruction         426:  53770.00 ns
Instruction         427:  53870.00 ns
Instruction         428:  53970.00 ns
Instruction         429:  54170.00 ns
Instruction         430:  54270.00 ns
Instruction         431:  54370.00 ns
Instruction         432:  54470.00 ns
Instruction         433:  54670.00 ns
Instruction         434:  54770.00 ns
Instruction         435:  54870.00 ns
Instruction         436:  54970.00 ns
Instruction         437:  55170.00 ns
Instruction         438:  55270.00 ns
Instruction         439:  55370.00 ns
Instruction         440:  55470.00 ns
Instruction         441:  55670.00 ns
Instruction         442:  55770.00 ns
Instruction         443:  55870.00 ns
Instruction         444:  55970.00 ns
Instruction         445:  56170.00 ns
Instruction         446:  56270.00 ns
Instruction         447:  56370.00 ns
Instruction         448:  56470.00 ns
Instruction         449:  56670.00 ns
Instruction         450:  56770.00 ns
Instruction         451:  56870.00 ns
Instruction         452:  56970.00 ns
Instruction         453:  57170.00 ns
Instruction         454:  57270.00 ns
Instruction         455:  57370.00 ns
Instruction         456:  57470.00 ns
Instruction         457:  57670.00 ns
Instruction         458:  57770.00 ns
Instruction         459:  57870.00 ns
Instruction         460:  57970.00 ns
Instruction         461:  58170.00 ns
Instruction         462:  58270.00 ns
Instruction         463:  58370.00 ns
Instruction         464:  58470.00 ns
Instruction         465:  58670.00 ns
Instruction         466:  58770.00 ns
Instruction         467:  58870.00 ns
Instruction         468:  58970.00 ns
Instruction         469:  59170.00 ns
Instruction         470:  59270.00 ns
Instruction         471:  59370.00 ns
Instruction         472:  59470.00 ns
Instruction         473:  59670.00 ns
Instruction         474:  59770.00 ns
Instruction         475:  59870.00 ns
Instruction         476:  59970.00 ns
Instruction         477:  60170.00 ns
Instruction         478:  60270.00 ns
Instruction         479:  60370.00 ns
Instruction         480:  60470.00 ns
Instruction         481:  60670.00 ns
Instruction         482:  60770.00 ns
Instruction         483:  60870.00 ns
Instruction         484:  60970.00 ns
Instruction         485:  61170.00 ns
Instruction         486:  61270.00 ns
Instruction         487:  61370.00 ns
Instruction         488:  61470.00 ns
Instruction         489:  61670.00 ns
Instruction         490:  61770.00 ns
Instruction         491:  61870.00 ns
Instruction         492:  61970.00 ns
Instruction         493:  62170.00 ns
Instruction         494:  62270.00 ns
Instruction         495:  62370.00 ns
Instruction         496:  62470.00 ns
Instruction         497:  62670.00 ns
Instruction         498:  62770.00 ns
Instruction         499:  62870.00 ns
Instruction         500:  62970.00 ns
Instruction         501:  63170.00 ns
Instruction         502:  63270.00 ns
Instruction         503:  63370.00 ns
Instruction         504:  63470.00 ns
Instruction         505:  63670.00 ns
Instruction         506:  63770.00 ns
Instruction         507:  63870.00 ns
Instruction         508:  63970.00 ns
Instruction         509:  64170.00 ns
Instruction         510:  64270.00 ns
Instruction         511:  64370.00 ns
Instruction         512:  64470.00 ns
Instruction         513:  64670.00 ns
Instruction         514:  64770.00 ns
Instruction         515:  64870.00 ns
Instruction         516:  64970.00 ns
Instruction         517:  65170.00 ns
Instruction         518:  65270.00 ns
Instruction         519:  65370.00 ns
Instruction         520:  65470.00 ns
Instruction         521:  65670.00 ns
Instruction         522:  65770.00 ns
Instruction         523:  65870.00 ns
Instruction         524:  65970.00 ns
Instruction         525:  66170.00 ns
Instruction         526:  66270.00 ns
Instruction         527:  66370.00 ns
Instruction         528:  66470.00 ns
Instruction         529:  66670.00 ns
Instruction         530:  66770.00 ns
Instruction         531:  66870.00 ns
Instruction         532:  66970.00 ns
Instruction         533:  67170.00 ns
Instruction         534:  67270.00 ns
Instruction         535:  67370.00 ns
Instruction         536:  67470.00 ns
Instruction         537:  67670.00 ns
Instruction         538:  67770.00 ns
Instruction         539:  67870.00 ns
Instruction         540:  67970.00 ns
Instruction         541:  68170.00 ns
Instruction         542:  68270.00 ns
Instruction         543:  68370.00 ns
Instruction         544:  68470.00 ns
Instruction         545:  68670.00 ns
Instruction         546:  68770.00 ns
Instruction         547:  68870.00 ns
Instruction         548:  68970.00 ns
Instruction         549:  69170.00 ns
Instruction         550:  69270.00 ns
Instruction         551:  69370.00 ns
Instruction         552:  69470.00 ns
Instruction         553:  69670.00 ns
Instruction         554:  69770.00 ns
Instruction         555:  69870.00 ns
Instruction         556:  69970.00 ns
Instruction         557:  70170.00 ns
Instruction         558:  70270.00 ns
Instruction         559:  70370.00 ns
Instruction         560:  70470.00 ns
Instruction         561:  70670.00 ns
Instruction         562:  70770.00 ns
Instruction         563:  70870.00 ns
Instruction         564:  70970.00 ns
Instruction         565:  71170.00 ns
Instruction         566:  71270.00 ns
Instruction         567:  71370.00 ns
Instruction         568:  71470.00 ns
Instruction         569:  71670.00 ns
Instruction         570:  71770.00 ns
Instruction         571:  71870.00 ns
Instruction         572:  71970.00 ns
Instruction         573:  72170.00 ns
Instruction         574:  72270.00 ns
Instruction         575:  72370.00 ns
Instruction         576:  72470.00 ns
Instruction         577:  72670.00 ns
Instruction         578:  72770.00 ns
Instruction         579:  72870.00 ns
Instruction         580:  72970.00 ns
Instruction         581:  73170.00 ns
Instruction         582:  73270.00 ns
Instruction         583:  73370.00 ns
Instruction         584:  73470.00 ns
Instruction         585:  73670.00 ns
Instruction         586:  73770.00 ns
Instruction         587:  73870.00 ns
Instruction         588:  73970.00 ns
Instruction         589:  74170.00 ns
Instruction         590:  74270.00 ns
Instruction         591:  74370.00 ns
Instruction         592:  74470.00 ns
Instruction         593:  74670.00 ns
Instruction         594:  74770.00 ns
Instruction         595:  74870.00 ns
Instruction         596:  74970.00 ns
Instruction         597:  75170.00 ns
Instruction         598:  75270.00 ns
Instruction         599:  75370.00 ns
Instruction         600:  75470.00 ns
Instruction         601:  75670.00 ns
Instruction         602:  75770.00 ns
Instruction         603:  75870.00 ns
Instruction         604:  75970.00 ns
Instruction         605:  76170.00 ns
Instruction         606:  76270.00 ns
Instruction         607:  76370.00 ns
Instruction         608:  76470.00 ns
Instruction         609:  76670.00 ns
Instruction         610:  76770.00 ns
Instruction         611:  76870.00 ns
Instruction         612:  76970.00 ns
Instruction         613:  77170.00 ns
Instruction         614:  77270.00 ns
Instruction         615:  77370.00 ns
Instruction         616:  77470.00 ns
Instruction         617:  77670.00 ns
Instruction         618:  77770.00 ns
Instruction         619:  77870.00 ns
Instruction         620:  77970.00 ns
Instruction         621:  78170.00 ns
Instruction         622:  78270.00 ns
Instruction         623:  78370.00 ns
Instruction         624:  78470.00 ns
Instruction         625:  78670.00 ns
Instruction         626:  78770.00 ns
Instruction         627:  78870.00 ns
Instruction         628:  78970.00 ns
Instruction         629:  79170.00 ns
Instruction         630:  79270.00 ns
Instruction         631:  79370.00 ns
Instruction         632:  79470.00 ns
Instruction         633:  79670.00 ns
Instruction         634:  79770.00 ns
Instruction         635:  79870.00 ns
Instruction         636:  79970.00 ns
Instruction         637:  80170.00 ns
Instruction         638:  80270.00 ns
Instruction         639:  80370.00 ns
Instruction         640:  80470.00 ns
Instruction         641:  80670.00 ns
Instruction         642:  80770.00 ns
Instruction         643:  80870.00 ns
Instruction         644:  80970.00 ns
Instruction         645:  81170.00 ns
Instruction         646:  81270.00 ns
Instruction         647:  81370.00 ns
Instruction         648:  81470.00 ns
Instruction         649:  81670.00 ns
Instruction         650:  81770.00 ns
Instruction         651:  81870.00 ns
Instruction         652:  81970.00 ns
Instruction         653:  82170.00 ns
Instruction         654:  82270.00 ns
Instruction         655:  82370.00 ns
Instruction         656:  82470.00 ns
Instruction         657:  82670.00 ns
Instruction         658:  82770.00 ns
Instruction         659:  82870.00 ns
Instruction         660:  82970.00 ns
Instruction         661:  83170.00 ns
Instruction         662:  83270.00 ns
Instruction         663:  83370.00 ns
Instruction         664:  83470.00 ns
Instruction         665:  83670.00 ns
Instruction         666:  83770.00 ns
Instruction         667:  83870.00 ns
Instruction         668:  83970.00 ns
Instruction         669:  84170.00 ns
Instruction         670:  84270.00 ns
Instruction         671:  84370.00 ns
Instruction         672:  84470.00 ns
Instruction         673:  84670.00 ns
Instruction         674:  84770.00 ns
Instruction         675:  84870.00 ns
Instruction         676:  84970.00 ns
Instruction         677:  85170.00 ns
Instruction         678:  85270.00 ns
Instruction         679:  85370.00 ns
Instruction         680:  85470.00 ns
Instruction         681:  85670.00 ns
Instruction         682:  85770.00 ns
Instruction         683:  85870.00 ns
Instruction         684:  85970.00 ns
Instruction         685:  86170.00 ns
Instruction         686:  86270.00 ns
Instruction         687:  86370.00 ns
Instruction         688:  86470.00 ns
Instruction         689:  86670.00 ns
Instruction         690:  86770.00 ns
Instruction         691:  86870.00 ns
Instruction         692:  86970.00 ns
Instruction         693:  87170.00 ns
Instruction         694:  87270.00 ns
Instruction         695:  87370.00 ns
Instruction         696:  87470.00 ns
Instruction         697:  87670.00 ns
Instruction         698:  87770.00 ns
Instruction         699:  87870.00 ns
Instruction         700:  87970.00 ns
Instruction         701:  88170.00 ns
Instruction         702:  88270.00 ns
Instruction         703:  88370.00 ns
Instruction         704:  88470.00 ns
Instruction         705:  88670.00 ns
Instruction         706:  88770.00 ns
Instruction         707:  88870.00 ns
Instruction         708:  88970.00 ns
Instruction         709:  89170.00 ns
Instruction         710:  89270.00 ns
Instruction         711:  89370.00 ns
Instruction         712:  89470.00 ns
Instruction         713:  89670.00 ns
Instruction         714:  89770.00 ns
Instruction         715:  89870.00 ns
Instruction         716:  89970.00 ns
Instruction         717:  90170.00 ns
Instruction         718:  90270.00 ns
Instruction         719:  90370.00 ns
Instruction         720:  90470.00 ns
Instruction         721:  90670.00 ns
Instruction         722:  90770.00 ns
Instruction         723:  90870.00 ns
Instruction         724:  90970.00 ns
Instruction         725:  91170.00 ns
Instruction         726:  91270.00 ns
Instruction         727:  91370.00 ns
Instruction         728:  91470.00 ns
Instruction         729:  91670.00 ns
Instruction         730:  91770.00 ns
Instruction         731:  91870.00 ns
Instruction         732:  91970.00 ns
Instruction         733:  92170.00 ns
Instruction         734:  92270.00 ns
Instruction         735:  92370.00 ns
Instruction         736:  92470.00 ns
Instruction         737:  92670.00 ns
Instruction         738:  92770.00 ns
Instruction         739:  92870.00 ns
Instruction         740:  92970.00 ns
Instruction         741:  93170.00 ns
Instruction         742:  93270.00 ns
Instruction         743:  93370.00 ns
Instruction         744:  93470.00 ns
Instruction         745:  93670.00 ns
Instruction         746:  93770.00 ns
Instruction         747:  93870.00 ns
Instruction         748:  93970.00 ns
Instruction         749:  94170.00 ns
Instruction         750:  94270.00 ns
Instruction         751:  94370.00 ns
Instruction         752:  94470.00 ns
Instruction         753:  94670.00 ns
Instruction         754:  94770.00 ns
Instruction         755:  94870.00 ns
Instruction         756:  94970.00 ns
Instruction         757:  95170.00 ns
Instruction         758:  95270.00 ns
Instruction         759:  95370.00 ns
Instruction         760:  95470.00 ns
Instruction         761:  95670.00 ns
Instruction         762:  95770.00 ns
Instruction         763:  95870.00 ns
Instruction         764:  95970.00 ns
Instruction         765:  96170.00 ns
Instruction         766:  96270.00 ns
Instruction         767:  96370.00 ns
Instruction         768:  96470.00 ns
Instruction         769:  96670.00 ns
Instruction         770:  96770.00 ns
Instruction         771:  96870.00 ns
Instruction         772:  96970.00 ns
Instruction         773:  97170.00 ns
Instruction         774:  97270.00 ns
Instruction         775:  97370.00 ns
Instruction         776:  97470.00 ns
Instruction         777:  97670.00 ns
Instruction         778:  97770.00 ns
Instruction         779:  97870.00 ns
Instruction         780:  97970.00 ns
Instruction         781:  98170.00 ns
Instruction         782:  98270.00 ns
Instruction         783:  98370.00 ns
Instruction         784:  98470.00 ns
Instruction         785:  98670.00 ns
Instruction         786:  98770.00 ns
Instruction         787:  98870.00 ns
Instruction         788:  98970.00 ns
Instruction         789:  99170.00 ns
Instruction         790:  99270.00 ns
Instruction         791:  99370.00 ns
Instruction         792:  99470.00 ns
Instruction         793:  99670.00 ns
Instruction         794:  99770.00 ns
Instruction         795:  99870.00 ns
Instruction         796:  99970.00 ns
Instruction         797: 100170.00 ns
Instruction         798: 100270.00 ns
Instruction         799: 100370.00 ns
Instruction         800: 100470.00 ns
Instruction         801: 100670.00 ns
Instruction         802: 100770.00 ns
Instruction         803: 100870.00 ns
Instruction         804: 100970.00 ns
Instruction         805: 101170.00 ns
Instruction         806: 101270.00 ns
Instruction         807: 101370.00 ns
Instruction         808: 101470.00 ns
Instruction         809: 101670.00 ns
Instruction         810: 101770.00 ns
Instruction         811: 101870.00 ns
Instruction         812: 101970.00 ns
Instruction         813: 102170.00 ns
Instruction         814: 102270.00 ns
Instruction         815: 102370.00 ns
Instruction         816: 102470.00 ns
Instruction         817: 102670.00 ns
Instruction         818: 102770.00 ns
Instruction         819: 102870.00 ns
Instruction         820: 102970.00 ns
Instruction         821: 103170.00 ns
Instruction         822: 103270.00 ns
Instruction         823: 103370.00 ns
Instruction         824: 103470.00 ns
Instruction         825: 103670.00 ns
Instruction         826: 103770.00 ns
Instruction         827: 103870.00 ns
Instruction         828: 103970.00 ns
Instruction         829: 104170.00 ns
Instruction         830: 104270.00 ns
Instruction         831: 104370.00 ns
Instruction         832: 104470.00 ns
Instruction         833: 104670.00 ns
Instruction         834: 104770.00 ns
Instruction         835: 104870.00 ns
Instruction         836: 104970.00 ns
Instruction         837: 105170.00 ns
Instruction         838: 105270.00 ns
Instruction         839: 105370.00 ns
Instruction         840: 105470.00 ns
Instruction         841: 105670.00 ns
Instruction         842: 105770.00 ns
Instruction         843: 105870.00 ns
Instruction         844: 105970.00 ns
Instruction         845: 106170.00 ns
Instruction         846: 106270.00 ns
Instruction         847: 106370.00 ns
Instruction         848: 106470.00 ns
Instruction         849: 106670.00 ns
Instruction         850: 106770.00 ns
Instruction         851: 106870.00 ns
Instruction         852: 106970.00 ns
Instruction         853: 107170.00 ns
Instruction         854: 107270.00 ns
Instruction         855: 107370.00 ns
Instruction         856: 107470.00 ns
Instruction         857: 107670.00 ns
Instruction         858: 107770.00 ns
Instruction         859: 107870.00 ns
Instruction         860: 107970.00 ns
Instruction         861: 108170.00 ns
Instruction         862: 108270.00 ns
Instruction         863: 108370.00 ns
Instruction         864: 108470.00 ns
Instruction         865: 108670.00 ns
Instruction         866: 108770.00 ns
Instruction         867: 108870.00 ns
Instruction         868: 108970.00 ns
Instruction         869: 109170.00 ns
Instruction         870: 109270.00 ns
Instruction         871: 109370.00 ns
Instruction         872: 109470.00 ns
Instruction         873: 109670.00 ns
Instruction         874: 109770.00 ns
Instruction         875: 109870.00 ns
Instruction         876: 109970.00 ns
Instruction         877: 110170.00 ns
Instruction         878: 110270.00 ns
Instruction         879: 110370.00 ns
Instruction         880: 110470.00 ns
Instruction         881: 110670.00 ns
Instruction         882: 110770.00 ns
Instruction         883: 110870.00 ns
Instruction         884: 110970.00 ns
Instruction         885: 111170.00 ns
Instruction         886: 111270.00 ns
Instruction         887: 111370.00 ns
Instruction         888: 111470.00 ns
Instruction         889: 111670.00 ns
Instruction         890: 111770.00 ns
Instruction         891: 111870.00 ns
Instruction         892: 111970.00 ns
Instruction         893: 112170.00 ns
Instruction         894: 112270.00 ns
Instruction         895: 112370.00 ns
Instruction         896: 112470.00 ns
Instruction         897: 112670.00 ns
Instruction         898: 112770.00 ns
Instruction         899: 112870.00 ns
Instruction         900: 112970.00 ns
Instruction         901: 113170.00 ns
Instruction         902: 113270.00 ns
Instruction         903: 113370.00 ns
Instruction         904: 113470.00 ns
Instruction         905: 113670.00 ns
Instruction         906: 113770.00 ns
Instruction         907: 113870.00 ns
Instruction         908: 113970.00 ns
Instruction         909: 114170.00 ns
Instruction         910: 114270.00 ns
Instruction         911: 114370.00 ns
Instruction         912: 114470.00 ns
Instruction         913: 114670.00 ns
Instruction         914: 114770.00 ns
Instruction         915: 114870.00 ns
Instruction         916: 114970.00 ns
Instruction         917: 115170.00 ns
Instruction         918: 115270.00 ns
Instruction         919: 115370.00 ns
Instruction         920: 115470.00 ns
Instruction         921: 115670.00 ns
Instruction         922: 115770.00 ns
Instruction         923: 115870.00 ns
Instruction         924: 115970.00 ns
Instruction         925: 116170.00 ns
Instruction         926: 116270.00 ns
Instruction         927: 116370.00 ns
Instruction         928: 116470.00 ns
Instruction         929: 116670.00 ns
Instruction         930: 116770.00 ns
Instruction         931: 116870.00 ns
Instruction         932: 116970.00 ns
Instruction         933: 117170.00 ns
Instruction         934: 117270.00 ns
Instruction         935: 117370.00 ns
Instruction         936: 117470.00 ns
Instruction         937: 117670.00 ns
Instruction         938: 117770.00 ns
Instruction         939: 117870.00 ns
Instruction         940: 117970.00 ns
Instruction         941: 118170.00 ns
Instruction         942: 118270.00 ns
Instruction         943: 118370.00 ns
Instruction         944: 118470.00 ns
Instruction         945: 118670.00 ns
Instruction         946: 118770.00 ns
Instruction         947: 118870.00 ns
Instruction         948: 118970.00 ns
Instruction         949: 119170.00 ns
Instruction         950: 119270.00 ns
Instruction         951: 119370.00 ns
Instruction         952: 119470.00 ns
Instruction         953: 119670.00 ns
Instruction         954: 119770.00 ns
Instruction         955: 119870.00 ns
Instruction         956: 119970.00 ns
Instruction         957: 120170.00 ns
Instruction         958: 120270.00 ns
Instruction         959: 120370.00 ns
Instruction         960: 120470.00 ns
Instruction         961: 120670.00 ns
Instruction         962: 120770.00 ns
Instruction         963: 120870.00 ns
Instruction         964: 120970.00 ns
Instruction         965: 121170.00 ns
Instruction         966: 121270.00 ns
Instruction         967: 121370.00 ns
Instruction         968: 121470.00 ns
Instruction         969: 121670.00 ns
Instruction         970: 121770.00 ns
Instruction         971: 121870.00 ns
Instruction         972: 121970.00 ns
Instruction         973: 122170.00 ns
Instruction         974: 122270.00 ns
Instruction         975: 122370.00 ns
Instruction         976: 122470.00 ns
Instruction         977: 122670.00 ns
Instruction         978: 122770.00 ns
Instruction         979: 122870.00 ns
Instruction         980: 122970.00 ns
Instruction         981: 123170.00 ns
Instruction         982: 123270.00 ns
Instruction         983: 123370.00 ns
Instruction         984: 123470.00 ns
Instruction         985: 123670.00 ns
Instruction         986: 123770.00 ns
Instruction         987: 123870.00 ns
Instruction         988: 123970.00 ns
Instruction         989: 124170.00 ns
Instruction         990: 124270.00 ns
Instruction         991: 124370.00 ns
Instruction         992: 124470.00 ns
Instruction         993: 124670.00 ns
Instruction         994: 124770.00 ns
Instruction         995: 124870.00 ns
Instruction         996: 124970.00 ns
Instruction         997: 125170.00 ns
Instruction         998: 125270.00 ns
Instruction         999: 125370.00 ns
Instruction        1000: 125470.00 ns
Instruction        1001: 125670.00 ns
Instruction        1002: 125770.00 ns
Instruction        1003: 125870.00 ns
Instruction        1004: 125970.00 ns
Instruction        1005: 126170.00 ns
Instruction        1006: 126270.00 ns
Instruction        1007: 126370.00 ns
Instruction        1008: 126470.00 ns
Instruction        1009: 126670.00 ns
Instruction        1010: 126770.00 ns
Instruction        1011: 126870.00 ns
Instruction        1012: 126970.00 ns
Instruction        1013: 127170.00 ns
Instruction        1014: 127270.00 ns
Instruction        1015: 127370.00 ns
Instruction        1016: 127470.00 ns
Instruction        1017: 127670.00 ns
Instruction        1018: 127770.00 ns
Instruction        1019: 127870.00 ns
Instruction        1020: 127970.00 ns
Instruction        1021: 128170.00 ns
Instruction        1022: 128270.00 ns
Instruction        1023: 128370.00 ns
Instruction        1024: 128470.00 ns
Instruction        1025: 128670.00 ns
Instruction        1026: 128770.00 ns
Instruction        1027: 128870.00 ns
Instruction        1028: 128970.00 ns
Instruction        1029: 129170.00 ns
Instruction        1030: 129270.00 ns
Instruction        1031: 129370.00 ns
Instruction        1032: 129470.00 ns
Instruction        1033: 129670.00 ns
Instruction        1034: 129770.00 ns
Instruction        1035: 129870.00 ns
Instruction        1036: 129970.00 ns
Instruction        1037: 130170.00 ns
Instruction        1038: 130270.00 ns
Instruction        1039: 130370.00 ns
Instruction        1040: 130470.00 ns
Instruction        1041: 130670.00 ns
Instruction        1042: 130770.00 ns
Instruction        1043: 130870.00 ns
Instruction        1044: 130970.00 ns
Instruction        1045: 131170.00 ns
Instruction        1046: 131270.00 ns
Instruction        1047: 131370.00 ns
Instruction        1048: 131470.00 ns
Instruction        1049: 131670.00 ns
Instruction        1050: 131770.00 ns
Instruction        1051: 131870.00 ns
Instruction        1052: 131970.00 ns
Instruction        1053: 132170.00 ns
Instruction        1054: 132270.00 ns
Instruction        1055: 132370.00 ns
Instruction        1056: 132470.00 ns
Instruction        1057: 132670.00 ns
Instruction        1058: 132770.00 ns
Instruction        1059: 132870.00 ns
Instruction        1060: 132970.00 ns
Instruction        1061: 133170.00 ns
Instruction        1062: 133270.00 ns
Instruction        1063: 133370.00 ns
Instruction        1064: 133470.00 ns
Instruction        1065: 133670.00 ns
Instruction        1066: 133770.00 ns
Instruction        1067: 133870.00 ns
Instruction        1068: 133970.00 ns
Instruction        1069: 134170.00 ns
Instruction        1070: 134270.00 ns
Instruction        1071: 134370.00 ns
Instruction        1072: 134470.00 ns
Instruction        1073: 134670.00 ns
Instruction        1074: 134770.00 ns
Instruction        1075: 134870.00 ns
Instruction        1076: 134970.00 ns
Instruction        1077: 135170.00 ns
Instruction        1078: 135270.00 ns
Instruction        1079: 135370.00 ns
Instruction        1080: 135470.00 ns
Instruction        1081: 135670.00 ns
Instruction        1082: 135770.00 ns
Instruction        1083: 135870.00 ns
Instruction        1084: 135970.00 ns
Instruction        1085: 136170.00 ns
Instruction        1086: 136270.00 ns
Instruction        1087: 136370.00 ns
Instruction        1088: 136470.00 ns
Instruction        1089: 136670.00 ns
Instruction        1090: 136770.00 ns
Instruction        1091: 136870.00 ns
Instruction        1092: 136970.00 ns
Instruction        1093: 137170.00 ns
Instruction        1094: 137270.00 ns
Instruction        1095: 137370.00 ns
Instruction        1096: 137470.00 ns
Instruction        1097: 137670.00 ns
Instruction        1098: 137770.00 ns
Instruction        1099: 137870.00 ns
Instruction        1100: 137970.00 ns
Instruction        1101: 138070.00 ns
Instruction        1102: 138210.00 ns
Instruction        1103: 138310.00 ns
Instruction        1104: 138410.00 ns
Instruction        1105: 138510.00 ns
Instruction        1106: 138530.00 ns
Instruction        1107: 138550.00 ns
Instruction        1108: 138650.00 ns
Instruction        1109: 138750.00 ns
Instruction        1110: 138770.00 ns
Instruction        1111: 138810.00 ns
Instruction        1112: 138890.00 ns
Instruction        1113: 138990.00 ns
Instruction        1114: 139030.00 ns
Instruction        1115: 139050.00 ns
Instruction        1116: 139150.00 ns
Instruction        1117: 139250.00 ns
Instruction        1118: 139270.00 ns
Instruction        1119: 139290.00 ns
Instruction        1120: 139390.00 ns
Instruction        1121: 139490.00 ns
Instruction        1122: 139510.00 ns
Instruction        1123: 139530.00 ns
Instruction        1124: 139630.00 ns
Instruction        1125: 139730.00 ns
Instruction        1126: 139750.00 ns
Instruction        1127: 139770.00 ns
Instruction        1128: 139870.00 ns
Instruction        1129: 139970.00 ns
Instruction        1130: 139990.00 ns
Instruction        1131: 140010.00 ns
Instruction        1132: 140110.00 ns
Instruction        1133: 140210.00 ns
Instruction        1134: 140250.00 ns
Instruction        1135: 140270.00 ns
Instruction        1136: 140290.00 ns
Instruction        1137: 140350.00 ns
Instruction        1138: 140390.00 ns
Instruction        1139: 140410.00 ns
Instruction        1140: 140430.00 ns
Instruction        1141: 140490.00 ns
Instruction        1142: 140530.00 ns
Instruction        1143: 140550.00 ns
Instruction        1144: 140570.00 ns
Instruction        1145: 140630.00 ns
Instruction        1146: 140670.00 ns
Instruction        1147: 140690.00 ns
Instruction        1148: 140710.00 ns
Instruction        1149: 140770.00 ns
Instruction        1150: 140810.00 ns
Instruction        1151: 140830.00 ns
Instruction        1152: 140850.00 ns
Instruction        1153: 140910.00 ns
Instruction        1154: 140950.00 ns
Instruction        1155: 140970.00 ns
Instruction        1156: 140990.00 ns
Instruction        1157: 141050.00 ns
Instruction        1158: 141090.00 ns
Instruction        1159: 141110.00 ns
Instruction        1160: 141130.00 ns
Instruction        1161: 141190.00 ns
Instruction        1162: 141230.00 ns
Instruction        1163: 141250.00 ns
Instruction        1164: 141270.00 ns
Instruction        1165: 141330.00 ns
Instruction        1166: 141370.00 ns
Instruction        1167: 141390.00 ns
Instruction        1168: 141410.00 ns
Instruction        1169: 141470.00 ns
Instruction        1170: 141510.00 ns
Instruction        1171: 141530.00 ns
Instruction        1172: 141550.00 ns
Instruction        1173: 141610.00 ns
Instruction        1174: 141650.00 ns
Instruction        1175: 141670.00 ns
Instruction        1176: 141690.00 ns
Instruction        1177: 141750.00 ns
Instruction        1178: 141790.00 ns
Instruction        1179: 141810.00 ns
Instruction        1180: 141830.00 ns
Instruction        1181: 141890.00 ns
Instruction        1182: 141930.00 ns
Instruction        1183: 141950.00 ns
Instruction        1184: 141970.00 ns
Instruction        1185: 142030.00 ns
Instruction        1186: 142070.00 ns
Instruction        1187: 142090.00 ns
Instruction        1188: 142110.00 ns
Instruction        1189: 142170.00 ns
Instruction        1190: 142210.00 ns
Instruction        1191: 142230.00 ns
Instruction        1192: 142250.00 ns
Instruction        1193: 142310.00 ns
Instruction        1194: 142350.00 ns
Instruction        1195: 142370.00 ns
Instruction        1196: 142390.00 ns
Instruction        1197: 142450.00 ns
Instruction        1198: 142490.00 ns
Instruction        1199: 142510.00 ns
Instruction        1200: 142530.00 ns
Instruction        1201: 142590.00 ns
Instruction        1202: 142630.00 ns
Instruction        1203: 142650.00 ns
Instruction        1204: 142670.00 ns
Instruction        1205: 142730.00 ns
Instruction        1206: 142770.00 ns
Instruction        1207: 142790.00 ns
Instruction        1208: 142810.00 ns
Instruction        1209: 142870.00 ns
Instruction        1210: 142910.00 ns
Instruction        1211: 142930.00 ns
Instruction        1212: 142950.00 ns
Instruction        1213: 143010.00 ns
Instruction        1214: 143050.00 ns
Instruction        1215: 143070.00 ns
Instruction        1216: 143090.00 ns
Instruction        1217: 143150.00 ns
Instruction        1218: 143190.00 ns
Instruction        1219: 143210.00 ns
Instruction        1220: 143230.00 ns
Instruction        1221: 143290.00 ns
Instruction        1222: 143330.00 ns
Instruction        1223: 143350.00 ns
Instruction        1224: 143370.00 ns
Instruction        1225: 143430.00 ns
Instruction        1226: 143470.00 ns
Instruction        1227: 143490.00 ns
Instruction        1228: 143510.00 ns
Instruction        1229: 143570.00 ns
Instruction        1230: 143610.00 ns
Instruction        1231: 143630.00 ns
Instruction        1232: 143650.00 ns
Instruction        1233: 143710.00 ns
Instruction        1234: 143750.00 ns
Instruction        1235: 143770.00 ns
Instruction        1236: 143790.00 ns
Instruction        1237: 143850.00 ns
Instruction        1238: 143890.00 ns
Instruction        1239: 143910.00 ns
Instruction        1240: 143930.00 ns
Instruction        1241: 143990.00 ns
Instruction        1242: 144030.00 ns
Instruction        1243: 144050.00 ns
Instruction        1244: 144070.00 ns
Instruction        1245: 144130.00 ns
Instruction        1246: 144170.00 ns
Instruction        1247: 144190.00 ns
Instruction        1248: 144210.00 ns
Instruction        1249: 144270.00 ns
Instruction        1250: 144310.00 ns
Instruction        1251: 144330.00 ns
Instruction        1252: 144350.00 ns
Instruction        1253: 144410.00 ns
Instruction        1254: 144450.00 ns
Instruction        1255: 144470.00 ns
Instruction        1256: 144490.00 ns
Instruction        1257: 144550.00 ns
Instruction        1258: 144590.00 ns
Instruction        1259: 144610.00 ns
Instruction        1260: 144630.00 ns
Instruction        1261: 144690.00 ns
Instruction        1262: 144730.00 ns
Instruction        1263: 144750.00 ns
Instruction        1264: 144770.00 ns
Instruction        1265: 144830.00 ns
Instruction        1266: 144870.00 ns
Instruction        1267: 144890.00 ns
Instruction        1268: 144910.00 ns
Instruction        1269: 144970.00 ns
Instruction        1270: 145010.00 ns
Instruction        1271: 145030.00 ns
Instruction        1272: 145050.00 ns
Instruction        1273: 145110.00 ns
Instruction        1274: 145150.00 ns
Instruction        1275: 145170.00 ns
Instruction        1276: 145190.00 ns
Instruction        1277: 145250.00 ns
Instruction        1278: 145290.00 ns
Instruction        1279: 145310.00 ns
Instruction        1280: 145330.00 ns
Instruction        1281: 145390.00 ns
Instruction        1282: 145430.00 ns
Instruction        1283: 145450.00 ns
Instruction        1284: 145470.00 ns
Instruction        1285: 145530.00 ns
Instruction        1286: 145570.00 ns
Instruction        1287: 145590.00 ns
Instruction        1288: 145610.00 ns
Instruction        1289: 145670.00 ns
Instruction        1290: 145710.00 ns
Instruction        1291: 145730.00 ns
Instruction        1292: 145750.00 ns
Instruction        1293: 145810.00 ns
Instruction        1294: 145850.00 ns
Instruction        1295: 145870.00 ns
Instruction        1296: 145890.00 ns
Instruction        1297: 145950.00 ns
Instruction        1298: 145990.00 ns
Instruction        1299: 146010.00 ns
Instruction        1300: 146030.00 ns
Instruction        1301: 146090.00 ns
Instruction        1302: 146130.00 ns
Instruction        1303: 146150.00 ns
Instruction        1304: 146170.00 ns
Instruction        1305: 146230.00 ns
Instruction        1306: 146270.00 ns
Instruction        1307: 146290.00 ns
Instruction        1308: 146310.00 ns
Instruction        1309: 146370.00 ns
Instruction        1310: 146410.00 ns
Instruction        1311: 146430.00 ns
Instruction        1312: 146450.00 ns
Instruction        1313: 146510.00 ns
Instruction        1314: 146550.00 ns
Instruction        1315: 146570.00 ns
Instruction        1316: 146590.00 ns
Instruction        1317: 146650.00 ns
Instruction        1318: 146690.00 ns
Instruction        1319: 146710.00 ns
Instruction        1320: 146730.00 ns
Instruction        1321: 146790.00 ns
Instruction        1322: 146830.00 ns
Instruction        1323: 146850.00 ns
Instruction        1324: 146870.00 ns
Instruction        1325: 146930.00 ns
Instruction        1326: 146970.00 ns
Instruction        1327: 146990.00 ns
Instruction        1328: 147010.00 ns
Instruction        1329: 147070.00 ns
Instruction        1330: 147110.00 ns
Instruction        1331: 147130.00 ns
Instruction        1332: 147150.00 ns
Instruction        1333: 147210.00 ns
Instruction        1334: 147250.00 ns
Instruction        1335: 147270.00 ns
Instruction        1336: 147290.00 ns
Instruction        1337: 147350.00 ns
Instruction        1338: 147390.00 ns
Instruction        1339: 147410.00 ns
Instruction        1340: 147430.00 ns
Instruction        1341: 147490.00 ns
Instruction        1342: 147530.00 ns
Instruction        1343: 147550.00 ns
Instruction        1344: 147570.00 ns
Instruction        1345: 147630.00 ns
Instruction        1346: 147670.00 ns
Instruction        1347: 147690.00 ns
Instruction        1348: 147710.00 ns
Instruction        1349: 147770.00 ns
Instruction        1350: 147810.00 ns
Instruction        1351: 147830.00 ns
Instruction        1352: 147850.00 ns
Instruction        1353: 147910.00 ns
Instruction        1354: 147950.00 ns
Instruction        1355: 147970.00 ns
Instruction        1356: 147990.00 ns
Instruction        1357: 148050.00 ns
Instruction        1358: 148090.00 ns
Instruction        1359: 148110.00 ns
Instruction        1360: 148130.00 ns
Instruction        1361: 148190.00 ns
Instruction        1362: 148230.00 ns
Instruction        1363: 148250.00 ns
Instruction        1364: 148270.00 ns
Instruction        1365: 148330.00 ns
Instruction        1366: 148370.00 ns
Instruction        1367: 148390.00 ns
Instruction        1368: 148410.00 ns
Instruction        1369: 148470.00 ns
Instruction        1370: 148510.00 ns
Instruction        1371: 148530.00 ns
Instruction        1372: 148550.00 ns
Instruction        1373: 148610.00 ns
Instruction        1374: 148650.00 ns
Instruction        1375: 148670.00 ns
Instruction        1376: 148690.00 ns
Instruction        1377: 148750.00 ns
Instruction        1378: 148790.00 ns
Instruction        1379: 148810.00 ns
Instruction        1380: 148830.00 ns
Instruction        1381: 148890.00 ns
Instruction        1382: 148930.00 ns
Instruction        1383: 148950.00 ns
Instruction        1384: 148970.00 ns
Instruction        1385: 149030.00 ns
Instruction        1386: 149070.00 ns
Instruction        1387: 149090.00 ns
Instruction        1388: 149110.00 ns
Instruction        1389: 149170.00 ns
Instruction        1390: 149210.00 ns
Instruction        1391: 149230.00 ns
Instruction        1392: 149250.00 ns
Instruction        1393: 149310.00 ns
Instruction        1394: 149350.00 ns
Instruction        1395: 149370.00 ns
Instruction        1396: 149390.00 ns
Instruction        1397: 149450.00 ns
Instruction        1398: 149490.00 ns
Instruction        1399: 149510.00 ns
Instruction        1400: 149530.00 ns
Instruction        1401: 149590.00 ns
Instruction        1402: 149630.00 ns
Instruction        1403: 149650.00 ns
Instruction        1404: 149670.00 ns
Instruction        1405: 149730.00 ns
Instruction        1406: 149770.00 ns
Instruction        1407: 149790.00 ns
Instruction        1408: 149810.00 ns
Instruction        1409: 149870.00 ns
Instruction        1410: 149910.00 ns
Instruction        1411: 149930.00 ns
Instruction        1412: 149950.00 ns
Instruction        1413: 150010.00 ns
Instruction        1414: 150050.00 ns
Instruction        1415: 150070.00 ns
Instruction        1416: 150090.00 ns
Instruction        1417: 150150.00 ns
Instruction        1418: 150190.00 ns
Instruction        1419: 150210.00 ns
Instruction        1420: 150230.00 ns
Instruction        1421: 150290.00 ns
Instruction        1422: 150330.00 ns
Instruction        1423: 150350.00 ns
Instruction        1424: 150370.00 ns
Instruction        1425: 150430.00 ns
Instruction        1426: 150470.00 ns
Instruction        1427: 150490.00 ns
Instruction        1428: 150510.00 ns
Instruction        1429: 150570.00 ns
Instruction        1430: 150610.00 ns
Instruction        1431: 150630.00 ns
Instruction        1432: 150650.00 ns
Instruction        1433: 150710.00 ns
Instruction        1434: 150750.00 ns
Instruction        1435: 150770.00 ns
Instruction        1436: 150790.00 ns
Instruction        1437: 150850.00 ns
Instruction        1438: 150890.00 ns
Instruction        1439: 150910.00 ns
Instruction        1440: 150930.00 ns
Instruction        1441: 150990.00 ns
Instruction        1442: 151030.00 ns
Instruction        1443: 151050.00 ns
Instruction        1444: 151070.00 ns
Instruction        1445: 151130.00 ns
Instruction        1446: 151170.00 ns
Instruction        1447: 151190.00 ns
Instruction        1448: 151210.00 ns
Instruction        1449: 151270.00 ns
Instruction        1450: 151310.00 ns
Instruction        1451: 151330.00 ns
Instruction        1452: 151350.00 ns
Instruction        1453: 151410.00 ns
Instruction        1454: 151450.00 ns
Instruction        1455: 151470.00 ns
Instruction        1456: 151490.00 ns
Instruction        1457: 151550.00 ns
Instruction        1458: 151590.00 ns
Instruction        1459: 151610.00 ns
Instruction        1460: 151630.00 ns
Instruction        1461: 151690.00 ns
Instruction        1462: 151730.00 ns
Instruction        1463: 151750.00 ns
Instruction        1464: 151770.00 ns
Instruction        1465: 151830.00 ns
Instruction        1466: 151870.00 ns
Instruction        1467: 151890.00 ns
Instruction        1468: 151910.00 ns
Instruction        1469: 151970.00 ns
Instruction        1470: 152010.00 ns
Instruction        1471: 152030.00 ns
Instruction        1472: 152050.00 ns
Instruction        1473: 152110.00 ns
Instruction        1474: 152150.00 ns
Instruction        1475: 152170.00 ns
Instruction        1476: 152190.00 ns
Instruction        1477: 152250.00 ns
Instruction        1478: 152290.00 ns
Instruction        1479: 152310.00 ns
Instruction        1480: 152330.00 ns
Instruction        1481: 152390.00 ns
Instruction        1482: 152430.00 ns
Instruction        1483: 152450.00 ns
Instruction        1484: 152470.00 ns
Instruction        1485: 152530.00 ns
Instruction        1486: 152570.00 ns
Instruction        1487: 152590.00 ns
Instruction        1488: 152610.00 ns
Instruction        1489: 152670.00 ns
Instruction        1490: 152710.00 ns
Instruction        1491: 152730.00 ns
Instruction        1492: 152750.00 ns
Instruction        1493: 152810.00 ns
Instruction        1494: 152850.00 ns
Instruction        1495: 152870.00 ns
Instruction        1496: 152890.00 ns
Instruction        1497: 152950.00 ns
Instruction        1498: 152990.00 ns
Instruction        1499: 153010.00 ns
Instruction        1500: 153030.00 ns
Instruction        1501: 153090.00 ns
Instruction        1502: 153130.00 ns
Instruction        1503: 153150.00 ns
Instruction        1504: 153170.00 ns
Instruction        1505: 153230.00 ns
Instruction        1506: 153270.00 ns
Instruction        1507: 153290.00 ns
Instruction        1508: 153310.00 ns
Instruction        1509: 153370.00 ns
Instruction        1510: 153410.00 ns
Instruction        1511: 153430.00 ns
Instruction        1512: 153450.00 ns
Instruction        1513: 153510.00 ns
Instruction        1514: 153550.00 ns
Instruction        1515: 153570.00 ns
Instruction        1516: 153590.00 ns
Instruction        1517: 153650.00 ns
Instruction        1518: 153690.00 ns
Instruction        1519: 153710.00 ns
Instruction        1520: 153730.00 ns
Instruction        1521: 153790.00 ns
Instruction        1522: 153830.00 ns
Instruction        1523: 153850.00 ns
Instruction        1524: 153870.00 ns
Instruction        1525: 153930.00 ns
Instruction        1526: 153970.00 ns
Instruction        1527: 153990.00 ns
Instruction        1528: 154010.00 ns
Instruction        1529: 154070.00 ns
Instruction        1530: 154110.00 ns
Instruction        1531: 154130.00 ns
Instruction        1532: 154150.00 ns
Instruction        1533: 154210.00 ns
Instruction        1534: 154250.00 ns
Instruction        1535: 154270.00 ns
Instruction        1536: 154290.00 ns
Instruction        1537: 154350.00 ns
Instruction        1538: 154390.00 ns
Instruction        1539: 154410.00 ns
Instruction        1540: 154430.00 ns
Instruction        1541: 154490.00 ns
Instruction        1542: 154530.00 ns
Instruction        1543: 154550.00 ns
Instruction        1544: 154570.00 ns
Instruction        1545: 154630.00 ns
Instruction        1546: 154670.00 ns
Instruction        1547: 154690.00 ns
Instruction        1548: 154710.00 ns
Instruction        1549: 154770.00 ns
Instruction        1550: 154810.00 ns
Instruction        1551: 154830.00 ns
Instruction        1552: 154850.00 ns
Instruction        1553: 154910.00 ns
Instruction        1554: 154950.00 ns
Instruction        1555: 154970.00 ns
Instruction        1556: 154990.00 ns
Instruction        1557: 155050.00 ns
Instruction        1558: 155090.00 ns
Instruction        1559: 155110.00 ns
Instruction        1560: 155130.00 ns
Instruction        1561: 155190.00 ns
Instruction        1562: 155230.00 ns
Instruction        1563: 155250.00 ns
Instruction        1564: 155270.00 ns
Instruction        1565: 155330.00 ns
Instruction        1566: 155370.00 ns
Instruction        1567: 155390.00 ns
Instruction        1568: 155410.00 ns
Instruction        1569: 155470.00 ns
Instruction        1570: 155510.00 ns
Instruction        1571: 155530.00 ns
Instruction        1572: 155550.00 ns
Instruction        1573: 155610.00 ns
Instruction        1574: 155650.00 ns
Instruction        1575: 155670.00 ns
Instruction        1576: 155690.00 ns
Instruction        1577: 155750.00 ns
Instruction        1578: 155790.00 ns
Instruction        1579: 155810.00 ns
Instruction        1580: 155830.00 ns
Instruction        1581: 155890.00 ns
Instruction        1582: 155930.00 ns
Instruction        1583: 155950.00 ns
Instruction        1584: 155970.00 ns
Instruction        1585: 156030.00 ns
Instruction        1586: 156070.00 ns
Instruction        1587: 156090.00 ns
Instruction        1588: 156110.00 ns
Instruction        1589: 156170.00 ns
Instruction        1590: 156210.00 ns
Instruction        1591: 156230.00 ns
Instruction        1592: 156250.00 ns
Instruction        1593: 156310.00 ns
Instruction        1594: 156350.00 ns
Instruction        1595: 156370.00 ns
Instruction        1596: 156390.00 ns
Instruction        1597: 156450.00 ns
Instruction        1598: 156490.00 ns
Instruction        1599: 156510.00 ns
Instruction        1600: 156530.00 ns
Instruction        1601: 156590.00 ns
Instruction        1602: 156630.00 ns
Instruction        1603: 156650.00 ns
Instruction        1604: 156670.00 ns
Instruction        1605: 156730.00 ns
Instruction        1606: 156770.00 ns
Instruction        1607: 156790.00 ns
Instruction        1608: 156810.00 ns
Instruction        1609: 156870.00 ns
Instruction        1610: 156910.00 ns
Instruction        1611: 156930.00 ns
Instruction        1612: 156950.00 ns
Instruction        1613: 157010.00 ns
Instruction        1614: 157050.00 ns
Instruction        1615: 157070.00 ns
Instruction        1616: 157090.00 ns
Instruction        1617: 157150.00 ns
Instruction        1618: 157190.00 ns
Instruction        1619: 157210.00 ns
Instruction        1620: 157230.00 ns
Instruction        1621: 157290.00 ns
Instruction        1622: 157330.00 ns
Instruction        1623: 157350.00 ns
Instruction        1624: 157370.00 ns
Instruction        1625: 157430.00 ns
Instruction        1626: 157470.00 ns
Instruction        1627: 157490.00 ns
Instruction        1628: 157510.00 ns
Instruction        1629: 157570.00 ns
Instruction        1630: 157610.00 ns
Instruction        1631: 157630.00 ns
Instruction        1632: 157650.00 ns
Instruction        1633: 157710.00 ns
Instruction        1634: 157750.00 ns
Instruction        1635: 157770.00 ns
Instruction        1636: 157790.00 ns
Instruction        1637: 157850.00 ns
Instruction        1638: 157890.00 ns
Instruction        1639: 157910.00 ns
Instruction        1640: 157930.00 ns
Instruction        1641: 157990.00 ns
Instruction        1642: 158030.00 ns
Instruction        1643: 158050.00 ns
Instruction        1644: 158070.00 ns
Instruction        1645: 158130.00 ns
Instruction        1646: 158170.00 ns
Instruction        1647: 158190.00 ns
Instruction        1648: 158210.00 ns
Instruction        1649: 158270.00 ns
Instruction        1650: 158310.00 ns
Instruction        1651: 158330.00 ns
Instruction        1652: 158350.00 ns
Instruction        1653: 158410.00 ns
Instruction        1654: 158450.00 ns
Instruction        1655: 158470.00 ns
Instruction        1656: 158490.00 ns
Instruction        1657: 158550.00 ns
Instruction        1658: 158590.00 ns
Instruction        1659: 158610.00 ns
Instruction        1660: 158630.00 ns
Instruction        1661: 158690.00 ns
Instruction        1662: 158730.00 ns
Instruction        1663: 158750.00 ns
Instruction        1664: 158770.00 ns
Instruction        1665: 158830.00 ns
Instruction        1666: 158870.00 ns
Instruction        1667: 158890.00 ns
Instruction        1668: 158910.00 ns
Instruction        1669: 158970.00 ns
Instruction        1670: 159010.00 ns
Instruction        1671: 159030.00 ns
Instruction        1672: 159050.00 ns
Instruction        1673: 159110.00 ns
Instruction        1674: 159150.00 ns
Instruction        1675: 159170.00 ns
Instruction        1676: 159190.00 ns
Instruction        1677: 159250.00 ns
Instruction        1678: 159290.00 ns
Instruction        1679: 159310.00 ns
Instruction        1680: 159330.00 ns
Instruction        1681: 159390.00 ns
Instruction        1682: 159430.00 ns
Instruction        1683: 159450.00 ns
Instruction        1684: 159470.00 ns
Instruction        1685: 159530.00 ns
Instruction        1686: 159570.00 ns
Instruction        1687: 159590.00 ns
Instruction        1688: 159610.00 ns
Instruction        1689: 159670.00 ns
Instruction        1690: 159710.00 ns
Instruction        1691: 159730.00 ns
Instruction        1692: 159750.00 ns
Instruction        1693: 159810.00 ns
Instruction        1694: 159850.00 ns
Instruction        1695: 159870.00 ns
Instruction        1696: 159890.00 ns
Instruction        1697: 159950.00 ns
Instruction        1698: 159990.00 ns
Instruction        1699: 160010.00 ns
Instruction        1700: 160030.00 ns
Instruction        1701: 160090.00 ns
Instruction        1702: 160130.00 ns
Instruction        1703: 160150.00 ns
Instruction        1704: 160170.00 ns
Instruction        1705: 160230.00 ns
Instruction        1706: 160270.00 ns
Instruction        1707: 160290.00 ns
Instruction        1708: 160310.00 ns
Instruction        1709: 160370.00 ns
Instruction        1710: 160410.00 ns
Instruction        1711: 160430.00 ns
Instruction        1712: 160450.00 ns
Instruction        1713: 160510.00 ns
Instruction        1714: 160550.00 ns
Instruction        1715: 160570.00 ns
Instruction        1716: 160590.00 ns
Instruction        1717: 160650.00 ns
Instruction        1718: 160690.00 ns
Instruction        1719: 160710.00 ns
Instruction        1720: 160730.00 ns
Instruction        1721: 160790.00 ns
Instruction        1722: 160830.00 ns
Instruction        1723: 160850.00 ns
Instruction        1724: 160870.00 ns
Instruction        1725: 160930.00 ns
Instruction        1726: 160970.00 ns
Instruction        1727: 160990.00 ns
Instruction        1728: 161010.00 ns
Instruction        1729: 161070.00 ns
Instruction        1730: 161110.00 ns
Instruction        1731: 161130.00 ns
Instruction        1732: 161150.00 ns
Instruction        1733: 161210.00 ns
Instruction        1734: 161250.00 ns
Instruction        1735: 161270.00 ns
Instruction        1736: 161290.00 ns
Instruction        1737: 161350.00 ns
Instruction        1738: 161390.00 ns
Instruction        1739: 161410.00 ns
Instruction        1740: 161430.00 ns
Instruction        1741: 161490.00 ns
Instruction        1742: 161530.00 ns
Instruction        1743: 161550.00 ns
Instruction        1744: 161570.00 ns
Instruction        1745: 161630.00 ns
Instruction        1746: 161670.00 ns
Instruction        1747: 161690.00 ns
Instruction        1748: 161710.00 ns
Instruction        1749: 161770.00 ns
Instruction        1750: 161810.00 ns
Instruction        1751: 161830.00 ns
Instruction        1752: 161850.00 ns
Instruction        1753: 161910.00 ns
Instruction        1754: 161950.00 ns
Instruction        1755: 161970.00 ns
Instruction        1756: 161990.00 ns
Instruction        1757: 162050.00 ns
Instruction        1758: 162090.00 ns
Instruction        1759: 162110.00 ns
Instruction        1760: 162130.00 ns
Instruction        1761: 162190.00 ns
Instruction        1762: 162230.00 ns
Instruction        1763: 162250.00 ns
Instruction        1764: 162270.00 ns
Instruction        1765: 162330.00 ns
Instruction        1766: 162370.00 ns
Instruction        1767: 162390.00 ns
Instruction        1768: 162410.00 ns
Instruction        1769: 162470.00 ns
Instruction        1770: 162510.00 ns
Instruction        1771: 162530.00 ns
Instruction        1772: 162550.00 ns
Instruction        1773: 162610.00 ns
Instruction        1774: 162650.00 ns
Instruction        1775: 162670.00 ns
Instruction        1776: 162690.00 ns
Instruction        1777: 162750.00 ns
Instruction        1778: 162790.00 ns
Instruction        1779: 162810.00 ns
Instruction        1780: 162830.00 ns
Instruction        1781: 162890.00 ns
Instruction        1782: 162930.00 ns
Instruction        1783: 162950.00 ns
Instruction        1784: 162970.00 ns
Instruction        1785: 163030.00 ns
Instruction        1786: 163070.00 ns
Instruction        1787: 163090.00 ns
Instruction        1788: 163110.00 ns
Instruction        1789: 163170.00 ns
Instruction        1790: 163210.00 ns
Instruction        1791: 163230.00 ns
Instruction        1792: 163250.00 ns
Instruction        1793: 163310.00 ns
Instruction        1794: 163350.00 ns
Instruction        1795: 163370.00 ns
Instruction        1796: 163390.00 ns
Instruction        1797: 163450.00 ns
Instruction        1798: 163490.00 ns
Instruction        1799: 163510.00 ns
Instruction        1800: 163530.00 ns
Instruction        1801: 163590.00 ns
Instruction        1802: 163630.00 ns
Instruction        1803: 163650.00 ns
Instruction        1804: 163670.00 ns
Instruction        1805: 163730.00 ns
Instruction        1806: 163770.00 ns
Instruction        1807: 163790.00 ns
Instruction        1808: 163810.00 ns
Instruction        1809: 163870.00 ns
Instruction        1810: 163910.00 ns
Instruction        1811: 163930.00 ns
Instruction        1812: 163950.00 ns
Instruction        1813: 164010.00 ns
Instruction        1814: 164050.00 ns
Instruction        1815: 164070.00 ns
Instruction        1816: 164090.00 ns
Instruction        1817: 164150.00 ns
Instruction        1818: 164190.00 ns
Instruction        1819: 164210.00 ns
Instruction        1820: 164230.00 ns
Instruction        1821: 164290.00 ns
Instruction        1822: 164330.00 ns
Instruction        1823: 164350.00 ns
Instruction        1824: 164370.00 ns
Instruction        1825: 164430.00 ns
Instruction        1826: 164470.00 ns
Instruction        1827: 164490.00 ns
Instruction        1828: 164510.00 ns
Instruction        1829: 164570.00 ns
Instruction        1830: 164610.00 ns
Instruction        1831: 164630.00 ns
Instruction        1832: 164650.00 ns
Instruction        1833: 164710.00 ns
Instruction        1834: 164750.00 ns
Instruction        1835: 164770.00 ns
Instruction        1836: 164790.00 ns
Instruction        1837: 164850.00 ns
Instruction        1838: 164890.00 ns
Instruction        1839: 164910.00 ns
Instruction        1840: 164930.00 ns
Instruction        1841: 164990.00 ns
Instruction        1842: 165030.00 ns
Instruction        1843: 165050.00 ns
Instruction        1844: 165070.00 ns
Instruction        1845: 165130.00 ns
Instruction        1846: 165170.00 ns
Instruction        1847: 165190.00 ns
Instruction        1848: 165210.00 ns
Instruction        1849: 165270.00 ns
Instruction        1850: 165310.00 ns
Instruction        1851: 165330.00 ns
Instruction        1852: 165350.00 ns
Instruction        1853: 165410.00 ns
Instruction        1854: 165450.00 ns
Instruction        1855: 165470.00 ns
Instruction        1856: 165490.00 ns
Instruction        1857: 165550.00 ns
Instruction        1858: 165590.00 ns
Instruction        1859: 165610.00 ns
Instruction        1860: 165630.00 ns
Instruction        1861: 165690.00 ns
Instruction        1862: 165730.00 ns
Instruction        1863: 165750.00 ns
Instruction        1864: 165770.00 ns
Instruction        1865: 165830.00 ns
Instruction        1866: 165870.00 ns
Instruction        1867: 165890.00 ns
Instruction        1868: 165910.00 ns
Instruction        1869: 165970.00 ns
Instruction        1870: 166010.00 ns
Instruction        1871: 166030.00 ns
Instruction        1872: 166050.00 ns
Instruction        1873: 166110.00 ns
Instruction        1874: 166150.00 ns
Instruction        1875: 166170.00 ns
Instruction        1876: 166190.00 ns
Instruction        1877: 166250.00 ns
Instruction        1878: 166290.00 ns
Instruction        1879: 166310.00 ns
Instruction        1880: 166330.00 ns
Instruction        1881: 166390.00 ns
Instruction        1882: 166430.00 ns
Instruction        1883: 166450.00 ns
Instruction        1884: 166470.00 ns
Instruction        1885: 166530.00 ns
Instruction        1886: 166570.00 ns
Instruction        1887: 166590.00 ns
Instruction        1888: 166610.00 ns
Instruction        1889: 166670.00 ns
Instruction        1890: 166710.00 ns
Instruction        1891: 166730.00 ns
Instruction        1892: 166750.00 ns
Instruction        1893: 166810.00 ns
Instruction        1894: 166850.00 ns
Instruction        1895: 166870.00 ns
Instruction        1896: 166890.00 ns
Instruction        1897: 166950.00 ns
Instruction        1898: 166990.00 ns
Instruction        1899: 167010.00 ns
Instruction        1900: 167030.00 ns
Instruction        1901: 167090.00 ns
Instruction        1902: 167130.00 ns
Instruction        1903: 167150.00 ns
Instruction        1904: 167170.00 ns
Instruction        1905: 167230.00 ns
Instruction        1906: 167270.00 ns
Instruction        1907: 167290.00 ns
Instruction        1908: 167310.00 ns
Instruction        1909: 167370.00 ns
Instruction        1910: 167410.00 ns
Instruction        1911: 167430.00 ns
Instruction        1912: 167450.00 ns
Instruction        1913: 167510.00 ns
Instruction        1914: 167550.00 ns
Instruction        1915: 167570.00 ns
Instruction        1916: 167590.00 ns
Instruction        1917: 167650.00 ns
Instruction        1918: 167690.00 ns
Instruction        1919: 167710.00 ns
Instruction        1920: 167730.00 ns
Instruction        1921: 167790.00 ns
Instruction        1922: 167830.00 ns
Instruction        1923: 167850.00 ns
Instruction        1924: 167870.00 ns
Instruction        1925: 167930.00 ns
Instruction        1926: 167970.00 ns
Instruction        1927: 167990.00 ns
Instruction        1928: 168010.00 ns
Instruction        1929: 168070.00 ns
Instruction        1930: 168110.00 ns
Instruction        1931: 168130.00 ns
Instruction        1932: 168150.00 ns
Instruction        1933: 168210.00 ns
Instruction        1934: 168250.00 ns
Instruction        1935: 168270.00 ns
Instruction        1936: 168290.00 ns
Instruction        1937: 168350.00 ns
Instruction        1938: 168390.00 ns
Instruction        1939: 168410.00 ns
Instruction        1940: 168430.00 ns
Instruction        1941: 168490.00 ns
Instruction        1942: 168530.00 ns
Instruction        1943: 168550.00 ns
Instruction        1944: 168570.00 ns
Instruction        1945: 168630.00 ns
Instruction        1946: 168670.00 ns
Instruction        1947: 168690.00 ns
Instruction        1948: 168710.00 ns
Instruction        1949: 168770.00 ns
Instruction        1950: 168810.00 ns
Instruction        1951: 168830.00 ns
Instruction        1952: 168850.00 ns
Instruction        1953: 168910.00 ns
Instruction        1954: 168950.00 ns
Instruction        1955: 168970.00 ns
Instruction        1956: 168990.00 ns
Instruction        1957: 169050.00 ns
Instruction        1958: 169090.00 ns
Instruction        1959: 169110.00 ns
Instruction        1960: 169130.00 ns
Instruction        1961: 169190.00 ns
Instruction        1962: 169230.00 ns
Instruction        1963: 169250.00 ns
Instruction        1964: 169270.00 ns
Instruction        1965: 169330.00 ns
Instruction        1966: 169370.00 ns
Instruction        1967: 169390.00 ns
Instruction        1968: 169410.00 ns
Instruction        1969: 169470.00 ns
Instruction        1970: 169510.00 ns
Instruction        1971: 169530.00 ns
Instruction        1972: 169550.00 ns
Instruction        1973: 169610.00 ns
Instruction        1974: 169650.00 ns
Instruction        1975: 169670.00 ns
Instruction        1976: 169690.00 ns
Instruction        1977: 169750.00 ns
Instruction        1978: 169790.00 ns
Instruction        1979: 169810.00 ns
Instruction        1980: 169830.00 ns
Instruction        1981: 169890.00 ns
Instruction        1982: 169930.00 ns
Instruction        1983: 169950.00 ns
Instruction        1984: 169970.00 ns
Instruction        1985: 170030.00 ns
Instruction        1986: 170070.00 ns
Instruction        1987: 170090.00 ns
Instruction        1988: 170110.00 ns
Instruction        1989: 170170.00 ns
Instruction        1990: 170210.00 ns
Instruction        1991: 170230.00 ns
Instruction        1992: 170250.00 ns
Instruction        1993: 170310.00 ns
Instruction        1994: 170350.00 ns
Instruction        1995: 170370.00 ns
Instruction        1996: 170390.00 ns
Instruction        1997: 170450.00 ns
Instruction        1998: 170490.00 ns
Instruction        1999: 170510.00 ns
Instruction        2000: 170530.00 ns
Instruction        2001: 170590.00 ns
Instruction        2002: 170630.00 ns
Instruction        2003: 170650.00 ns
Instruction        2004: 170670.00 ns
Instruction        2005: 170730.00 ns
Instruction        2006: 170770.00 ns
Instruction        2007: 170790.00 ns
Instruction        2008: 170810.00 ns
Instruction        2009: 170870.00 ns
Instruction        2010: 170910.00 ns
Instruction        2011: 170930.00 ns
Instruction        2012: 170950.00 ns
Instruction        2013: 171010.00 ns
Instruction        2014: 171050.00 ns
Instruction        2015: 171070.00 ns
Instruction        2016: 171090.00 ns
Instruction        2017: 171150.00 ns
Instruction        2018: 171190.00 ns
Instruction        2019: 171210.00 ns
Instruction        2020: 171230.00 ns
Instruction        2021: 171290.00 ns
Instruction        2022: 171330.00 ns
Instruction        2023: 171350.00 ns
Instruction        2024: 171370.00 ns
Instruction        2025: 171430.00 ns
Instruction        2026: 171470.00 ns
Instruction        2027: 171490.00 ns
Instruction        2028: 171510.00 ns
Instruction        2029: 171570.00 ns
Instruction        2030: 171610.00 ns
Instruction        2031: 171630.00 ns
Instruction        2032: 171650.00 ns
Instruction        2033: 171710.00 ns
Instruction        2034: 171750.00 ns
Instruction        2035: 171770.00 ns
Instruction        2036: 171790.00 ns
Instruction        2037: 171850.00 ns
Instruction        2038: 171890.00 ns
Instruction        2039: 171910.00 ns
Instruction        2040: 171930.00 ns
Instruction        2041: 171990.00 ns
Instruction        2042: 172030.00 ns
Instruction        2043: 172050.00 ns
Instruction        2044: 172070.00 ns
Instruction        2045: 172130.00 ns
Instruction        2046: 172170.00 ns
Instruction        2047: 172190.00 ns
Instruction        2048: 172210.00 ns
Instruction        2049: 172270.00 ns
Instruction        2050: 172310.00 ns
Instruction        2051: 172330.00 ns
Instruction        2052: 172350.00 ns
Instruction        2053: 172410.00 ns
Instruction        2054: 172450.00 ns
Instruction        2055: 172470.00 ns
Instruction        2056: 172490.00 ns
Instruction        2057: 172550.00 ns
Instruction        2058: 172590.00 ns
Instruction        2059: 172610.00 ns
Instruction        2060: 172630.00 ns
Instruction        2061: 172690.00 ns
Instruction        2062: 172730.00 ns
Instruction        2063: 172750.00 ns
Instruction        2064: 172770.00 ns
Instruction        2065: 172830.00 ns
Instruction        2066: 172870.00 ns
Instruction        2067: 172890.00 ns
Instruction        2068: 172910.00 ns
Instruction        2069: 172970.00 ns
Instruction        2070: 173010.00 ns
Instruction        2071: 173030.00 ns
Instruction        2072: 173050.00 ns
Instruction        2073: 173110.00 ns
Instruction        2074: 173150.00 ns
Instruction        2075: 173170.00 ns
Instruction        2076: 173190.00 ns
Instruction        2077: 173250.00 ns
Instruction        2078: 173290.00 ns
Instruction        2079: 173310.00 ns
Instruction        2080: 173330.00 ns
Instruction        2081: 173390.00 ns
Instruction        2082: 173430.00 ns
Instruction        2083: 173450.00 ns
Instruction        2084: 173470.00 ns
Instruction        2085: 173530.00 ns
Instruction        2086: 173570.00 ns
Instruction        2087: 173590.00 ns
Instruction        2088: 173610.00 ns
Instruction        2089: 173670.00 ns
Instruction        2090: 173710.00 ns
Instruction        2091: 173730.00 ns
Instruction        2092: 173750.00 ns
Instruction        2093: 173810.00 ns
Instruction        2094: 173850.00 ns
Instruction        2095: 173870.00 ns
Instruction        2096: 173890.00 ns
Instruction        2097: 173950.00 ns
Instruction        2098: 173990.00 ns
Instruction        2099: 174010.00 ns
Instruction        2100: 174030.00 ns
Instruction        2101: 174090.00 ns
Instruction        2102: 174130.00 ns
Instruction        2103: 174150.00 ns
Instruction        2104: 174170.00 ns
Instruction        2105: 174230.00 ns
Instruction        2106: 174270.00 ns
Instruction        2107: 174290.00 ns
Instruction        2108: 174310.00 ns
Instruction        2109: 174370.00 ns
Instruction        2110: 174410.00 ns
Instruction        2111: 174430.00 ns
Instruction        2112: 174450.00 ns
Instruction        2113: 174510.00 ns
Instruction        2114: 174550.00 ns
Instruction        2115: 174570.00 ns
Instruction        2116: 174590.00 ns
Instruction        2117: 174650.00 ns
Instruction        2118: 174690.00 ns
Instruction        2119: 174710.00 ns
Instruction        2120: 174730.00 ns
Instruction        2121: 174790.00 ns
Instruction        2122: 174830.00 ns
Instruction        2123: 174850.00 ns
Instruction        2124: 174870.00 ns
Instruction        2125: 174930.00 ns
Instruction        2126: 174970.00 ns
Instruction        2127: 174990.00 ns
Instruction        2128: 175010.00 ns
Instruction        2129: 175070.00 ns
Instruction        2130: 175110.00 ns
Instruction        2131: 175130.00 ns
Instruction        2132: 175150.00 ns
Instruction        2133: 175210.00 ns
Instruction        2134: 175250.00 ns
Instruction        2135: 175270.00 ns
Instruction        2136: 175290.00 ns
Instruction        2137: 175350.00 ns
Instruction        2138: 175390.00 ns
Instruction        2139: 175410.00 ns
Instruction        2140: 175430.00 ns
Instruction        2141: 175490.00 ns
Instruction        2142: 175530.00 ns
Instruction        2143: 175550.00 ns
Instruction        2144: 175570.00 ns
Instruction        2145: 175630.00 ns
Instruction        2146: 175670.00 ns
Instruction        2147: 175690.00 ns
Instruction        2148: 175710.00 ns
Instruction        2149: 175770.00 ns
Instruction        2150: 175810.00 ns
Instruction        2151: 175830.00 ns
Instruction        2152: 175850.00 ns
Instruction        2153: 175910.00 ns
Instruction        2154: 175950.00 ns
Instruction        2155: 175970.00 ns
Instruction        2156: 175990.00 ns
Instruction        2157: 176050.00 ns
Instruction        2158: 176090.00 ns
Instruction        2159: 176110.00 ns
Instruction        2160: 176210.00 ns
Instruction        2161: 176310.00 ns
Instruction        2162: 176350.00 ns
Instruction        2163: 176370.00 ns
Instruction        2164: 176470.00 ns
Instruction        2165: 176650.00 ns
Instruction        2166: 176770.00 ns
Instruction        2167: 176790.00 ns
Instruction        2168: 176890.00 ns
Instruction        2169: 177030.00 ns
Instruction        2170: 177050.00 ns
Instruction        2171: 177090.00 ns
Instruction        2172: 177110.00 ns
Instruction        2173: 177130.00 ns
Instruction        2174: 177270.00 ns
Instruction        2175: 177310.00 ns
Instruction        2176: 177330.00 ns
Instruction        2177: 177350.00 ns
Instruction        2178: 177490.00 ns
Instruction        2179: 177530.00 ns
Instruction        2180: 177550.00 ns
Instruction        2181: 177570.00 ns
Instruction        2182: 177710.00 ns
Instruction        2183: 177750.00 ns
Instruction        2184: 177770.00 ns
Instruction        2185: 177790.00 ns
Instruction        2186: 177930.00 ns
Instruction        2187: 177970.00 ns
Instruction        2188: 177990.00 ns
Instruction        2189: 178010.00 ns
Instruction        2190: 178150.00 ns
Instruction        2191: 178190.00 ns
Instruction        2192: 178210.00 ns
Instruction        2193: 178230.00 ns
Instruction        2194: 178370.00 ns
Instruction        2195: 178410.00 ns
Instruction        2196: 178430.00 ns
Instruction        2197: 178450.00 ns
Instruction        2198: 178590.00 ns
Instruction        2199: 178630.00 ns
Instruction        2200: 178650.00 ns
Instruction        2201: 178670.00 ns
Instruction        2202: 178810.00 ns
Instruction        2203: 178850.00 ns
Instruction        2204: 178870.00 ns
Instruction        2205: 178890.00 ns
Instruction        2206: 179030.00 ns
Instruction        2207: 179070.00 ns
Instruction        2208: 179090.00 ns
Instruction        2209: 179110.00 ns
Instruction        2210: 179250.00 ns
Instruction        2211: 179290.00 ns
Instruction        2212: 179310.00 ns
Instruction        2213: 179330.00 ns
Instruction        2214: 179470.00 ns
Instruction        2215: 179510.00 ns
Instruction        2216: 179530.00 ns
Instruction        2217: 179550.00 ns
Instruction        2218: 179690.00 ns
Instruction        2219: 179730.00 ns
Instruction        2220: 179750.00 ns
Instruction        2221: 179770.00 ns
Instruction        2222: 179910.00 ns
Instruction        2223: 179950.00 ns
Instruction        2224: 179970.00 ns
Instruction        2225: 179990.00 ns
Instruction        2226: 180130.00 ns
Instruction        2227: 180170.00 ns
Instruction        2228: 180190.00 ns
Instruction        2229: 180210.00 ns
Instruction        2230: 180350.00 ns
Instruction        2231: 180390.00 ns
Instruction        2232: 180410.00 ns
Instruction        2233: 180430.00 ns
Instruction        2234: 180570.00 ns
Instruction        2235: 180610.00 ns
Instruction        2236: 180630.00 ns
Instruction        2237: 180650.00 ns
Instruction        2238: 180790.00 ns
Instruction        2239: 180830.00 ns
Instruction        2240: 180850.00 ns
Instruction        2241: 180870.00 ns
Instruction        2242: 181010.00 ns
Instruction        2243: 181050.00 ns
Instruction        2244: 181070.00 ns
Instruction        2245: 181090.00 ns
Instruction        2246: 181230.00 ns
Instruction        2247: 181270.00 ns
Instruction        2248: 181290.00 ns
Instruction        2249: 181310.00 ns
Instruction        2250: 181450.00 ns
Instruction        2251: 181490.00 ns
Instruction        2252: 181510.00 ns
Instruction        2253: 181530.00 ns
Instruction        2254: 181670.00 ns
Instruction        2255: 181710.00 ns
Instruction        2256: 181730.00 ns
Instruction        2257: 181750.00 ns
Instruction        2258: 181890.00 ns
Instruction        2259: 181930.00 ns
Instruction        2260: 182030.00 ns
Instruction        2261: 182210.00 ns
Instruction        2262: 182310.00 ns
Instruction        2263: 182330.00 ns
Instruction        2264: 182590.00 ns
Instruction        2265: 182730.00 ns
Instruction        2266: 182830.00 ns
Instruction        2267: 182930.00 ns
Instruction        2268: 183150.00 ns
Instruction        2269: 183170.00 ns
Instruction        2270: 183270.00 ns
Instruction        2271: 183450.00 ns
Instruction        2272: 183550.00 ns
Instruction        2273: 183570.00 ns
Instruction        2274: 183770.00 ns
Instruction        2275: 183890.00 ns
Instruction        2276: 183910.00 ns
Instruction        2277: 184030.00 ns
Instruction        2278: 184130.00 ns
Instruction        2279: 184150.00 ns
Instruction        2280: 184290.00 ns
Instruction        2281: 184350.00 ns
Instruction        2282: 184370.00 ns
Instruction        2283: 184390.00 ns
Instruction        2284: 184610.00 ns
Instruction        2285: 184630.00 ns
Instruction        2286: 184890.00 ns
Instruction        2287: 185010.00 ns
Instruction        2288: 185030.00 ns
Instruction        2289: 185270.00 ns
Instruction        2290: 185290.00 ns
Instruction        2291: 185410.00 ns
Instruction        2292: 185510.00 ns
Instruction        2293: 185530.00 ns
Instruction        2294: 185590.00 ns
Instruction        2295: 185650.00 ns
Instruction        2296: 185750.00 ns
Instruction        2297: 185830.00 ns
Instruction        2298: 185850.00 ns
Instruction        2299: 186010.00 ns
Instruction        2300: 186030.00 ns
Instruction        2301: 186170.00 ns
Instruction        2302: 186270.00 ns
Instruction        2303: 186370.00 ns
Instruction        2304: 186530.00 ns
Instruction        2305: 186550.00 ns
Instruction        2306: 186650.00 ns
Instruction        2307: 186750.00 ns
Instruction        2308: 186790.00 ns
Instruction        2309: 186810.00 ns
Instruction        2310: 186930.00 ns
Instruction        2311: 187030.00 ns
Instruction        2312: 187050.00 ns
Instruction        2313: 187330.00 ns
Instruction        2314: 187350.00 ns
Instruction        2315: 187470.00 ns
Instruction        2316: 187490.00 ns
Instruction        2317: 187730.00 ns
Instruction        2318: 187850.00 ns
Instruction        2319: 188070.00 ns
Instruction        2320: 188330.00 ns
Instruction        2321: 188450.00 ns
Instruction        2322: 188570.00 ns
Instruction        2323: 188690.00 ns
Instruction        2324: 188710.00 ns
Instruction        2325: 188830.00 ns
Instruction        2326: 188930.00 ns
Instruction        2327: 188950.00 ns
Instruction        2328: 189070.00 ns
Instruction        2329: 189170.00 ns
Instruction        2330: 189190.00 ns
Instruction        2331: 189250.00 ns
Instruction        2332: 189510.00 ns
Instruction        2333: 189530.00 ns
Instruction        2334: 189670.00 ns
Instruction        2335: 189710.00 ns
Instruction        2336: 189810.00 ns
Instruction        2337: 189910.00 ns
Instruction        2338: 189950.00 ns
Instruction        2339: 189970.00 ns
Instruction        2340: 190070.00 ns
Instruction        2341: 190170.00 ns
Instruction        2342: 190190.00 ns
Instruction        2343: 190450.00 ns
Instruction        2344: 190470.00 ns
Instruction        2345: 190490.00 ns
Instruction        2346: 190610.00 ns
Instruction        2347: 190630.00 ns
Instruction        2348: 190730.00 ns
Instruction        2349: 190770.00 ns
Instruction        2350: 190890.00 ns
Instruction        2351: 190910.00 ns
Instruction        2352: 191070.00 ns
Instruction        2353: 191110.00 ns
Instruction        2354: 191130.00 ns
Instruction        2355: 191330.00 ns
Instruction        2356: 191370.00 ns
Instruction        2357: 191430.00 ns
Instruction        2358: 191490.00 ns
Instruction        2359: 191730.00 ns
Instruction        2360: 191750.00 ns
Instruction        2361: 191870.00 ns
Instruction        2362: 191970.00 ns
Instruction        2363: 191990.00 ns
Instruction        2364: 192030.00 ns
Instruction        2365: 192150.00 ns
Instruction        2366: 192250.00 ns
Instruction        2367: 192270.00 ns
Instruction        2368: 192530.00 ns
Instruction        2369: 192650.00 ns
Instruction        2370: 192670.00 ns
Instruction        2371: 192910.00 ns
Instruction        2372: 193030.00 ns
Instruction        2373: 193050.00 ns
Instruction        2374: 193310.00 ns
Instruction        2375: 193330.00 ns
Instruction        2376: 193350.00 ns
Instruction        2377: 193370.00 ns
Instruction        2378: 193390.00 ns
Instruction        2379: 193490.00 ns
Instruction        2380: 193590.00 ns
Instruction        2381: 193710.00 ns
Instruction        2382: 193810.00 ns
Instruction        2383: 193830.00 ns
Instruction        2384: 194110.00 ns
Instruction        2385: 194130.00 ns
Instruction        2386: 194250.00 ns
Instruction        2387: 194510.00 ns
Instruction        2388: 194630.00 ns
Instruction        2389: 194750.00 ns
Instruction        2390: 194870.00 ns
Instruction        2391: 195130.00 ns
Instruction        2392: 195170.00 ns
Instruction        2393: 195190.00 ns
Instruction        2394: 195230.00 ns
Instruction        2395: 195250.00 ns
Instruction        2396: 195290.00 ns
Instruction        2397: 195330.00 ns
Instruction        2398: 195350.00 ns
Instruction        2399: 195730.00 ns
Instruction        2400: 195750.00 ns
Instruction        2401: 195870.00 ns
Instruction        2402: 195890.00 ns
Instruction        2403: 195930.00 ns
Instruction        2404: 195970.00 ns
Instruction        2405: 196010.00 ns
Instruction        2406: 196110.00 ns
Instruction        2407: 196250.00 ns
Instruction        2408: 196350.00 ns
Instruction        2409: 196370.00 ns
Instruction        2410: 196570.00 ns
Instruction        2411: 196610.00 ns
Instruction        2412: 196670.00 ns
Instruction        2413: 196690.00 ns
Instruction        2414: 196710.00 ns
Instruction        2415: 196910.00 ns
Instruction        2416: 196930.00 ns
Instruction        2417: 196970.00 ns
Instruction        2418: 197010.00 ns
Instruction        2419: 197150.00 ns
Instruction        2420: 197250.00 ns
Instruction        2421: 197270.00 ns
Instruction        2422: 197490.00 ns
Instruction        2423: 197510.00 ns
Instruction        2424: 197890.00 ns
Instruction        2425: 197910.00 ns
Instruction        2426: 197930.00 ns
Instruction        2427: 198050.00 ns
Instruction        2428: 198150.00 ns
Instruction        2429: 198170.00 ns
Instruction        2430: 198430.00 ns
Instruction        2431: 198550.00 ns
Instruction        2432: 198570.00 ns
Instruction        2433: 198810.00 ns
Instruction        2434: 198930.00 ns
Instruction        2435: 199150.00 ns
Instruction        2436: 199410.00 ns
Instruction        2437: 199530.00 ns
Instruction        2438: 199650.00 ns
Instruction        2439: 199770.00 ns
Instruction        2440: 200030.00 ns
Instruction        2441: 200150.00 ns
Instruction        2442: 200270.00 ns
Instruction        2443: 200290.00 ns
Instruction        2444: 200310.00 ns
Instruction        2445: 200410.00 ns
Instruction        2446: 200510.00 ns
Instruction        2447: 200630.00 ns
Instruction        2448: 200650.00 ns
Instruction        2449: 200690.00 ns
Instruction        2450: 200750.00 ns
Instruction        2451: 200850.00 ns
Instruction        2452: 201150.00 ns
Instruction        2453: 201290.00 ns
Instruction        2454: 201310.00 ns
Instruction        2455: 201330.00 ns
Instruction        2456: 201370.00 ns
Instruction        2457: 201470.00 ns
Instruction        2458: 201570.00 ns
Instruction        2459: 201590.00 ns
Instruction        2460: 201610.00 ns
Instruction        2461: 201710.00 ns
Instruction        2462: 201810.00 ns
Instruction        2463: 201930.00 ns
Instruction        2464: 202030.00 ns
Instruction        2465: 202130.00 ns
Instruction        2466: 202270.00 ns
Instruction        2467: 202290.00 ns
Instruction        2468: 202330.00 ns
Instruction        2469: 202390.00 ns
Instruction        2470: 202490.00 ns
Instruction        2471: 202630.00 ns
Instruction        2472: 202670.00 ns
Instruction        2473: 202730.00 ns
Instruction        2474: 203010.00 ns
Instruction        2475: 203030.00 ns
Instruction        2476: 203170.00 ns
Instruction        2477: 203270.00 ns
Instruction        2478: 203390.00 ns
Instruction        2479: 203410.00 ns
Instruction        2480: 203530.00 ns
Instruction        2481: 203710.00 ns
Instruction        2482: 203750.00 ns
Instruction        2483: 203810.00 ns
Instruction        2484: 204050.00 ns
Instruction        2485: 204150.00 ns
Instruction        2486: 204370.00 ns
Instruction        2487: 204510.00 ns
Instruction        2488: 204610.00 ns
Instruction        2489: 204630.00 ns
Instruction        2490: 204770.00 ns
Instruction        2491: 205010.00 ns
Instruction        2492: 205030.00 ns
Instruction        2493: 205150.00 ns
Instruction        2494: 205410.00 ns
Instruction        2495: 205630.00 ns
Instruction        2496: 205650.00 ns
Instruction        2497: 205690.00 ns
Instruction        2498: 205710.00 ns
Instruction        2499: 205810.00 ns
Instruction        2500: 205910.00 ns
Instruction        2501: 205930.00 ns
Instruction        2502: 205950.00 ns
Instruction        2503: 206050.00 ns
Instruction        2504: 206150.00 ns
Instruction        2505: 206170.00 ns
Instruction        2506: 206190.00 ns
Instruction        2507: 206230.00 ns
Instruction        2508: 206290.00 ns
Instruction        2509: 206390.00 ns
Instruction        2510: 206530.00 ns
Instruction        2511: 206630.00 ns
Instruction        2512: 206650.00 ns
Instruction        2513: 206770.00 ns
Instruction        2514: 206870.00 ns
Instruction        2515: 206990.00 ns
Instruction        2516: 207090.00 ns
Instruction        2517: 207110.00 ns
Instruction        2518: 207370.00 ns
Instruction        2519: 207410.00 ns
Instruction        2520: 207670.00 ns
Instruction        2521: 207810.00 ns
Instruction        2522: 207870.00 ns
Instruction        2523: 207910.00 ns
Instruction        2524: 207990.00 ns
Instruction        2525: 208090.00 ns
Instruction        2526: 208110.00 ns
Instruction        2527: 208250.00 ns
Instruction        2528: 208290.00 ns
Instruction        2529: 208350.00 ns
Instruction        2530: 208510.00 ns
Instruction        2531: 208610.00 ns
Instruction        2532: 208650.00 ns
Instruction        2533: 208670.00 ns
Instruction        2534: 208790.00 ns
Instruction        2535: 208890.00 ns
Instruction        2536: 208910.00 ns
Instruction        2537: 208930.00 ns
Instruction        2538: 209050.00 ns
Instruction        2539: 209150.00 ns
Instruction        2540: 209170.00 ns
Instruction        2541: 209190.00 ns
Instruction        2542: 209290.00 ns
Instruction        2543: 209470.00 ns
Instruction        2544: 209570.00 ns
Instruction        2545: 209590.00 ns
Instruction        2546: 209650.00 ns
Instruction        2547: 209770.00 ns
Instruction        2548: 209870.00 ns
Instruction        2549: 209890.00 ns
Instruction        2550: 209950.00 ns
Instruction        2551: 210070.00 ns
Instruction        2552: 210170.00 ns
Instruction        2553: 210190.00 ns
Instruction        2554: 210310.00 ns
Instruction        2555: 210410.00 ns
Instruction        2556: 210450.00 ns
Instruction        2557: 210470.00 ns
Instruction        2558: 210510.00 ns
Instruction        2559: 210530.00 ns
Instruction        2560: 210550.00 ns
Instruction        2561: 210630.00 ns
Instruction        2562: 210650.00 ns
Instruction        2563: 211010.00 ns
Instruction        2564: 211050.00 ns
Instruction        2565: 211090.00 ns
Instruction        2566: 211110.00 ns
Instruction        2567: 211210.00 ns
Instruction        2568: 211250.00 ns
Instruction        2569: 211290.00 ns
Instruction        2570: 211350.00 ns
Instruction        2571: 211390.00 ns
Instruction        2572: 211410.00 ns
Instruction        2573: 211610.00 ns
Instruction        2574: 211730.00 ns
Instruction        2575: 212010.00 ns
Instruction        2576: 212030.00 ns
Instruction        2577: 212070.00 ns
Instruction        2578: 212090.00 ns
Instruction        2579: 212190.00 ns
Instruction        2580: 212470.00 ns
Instruction        2581: 212490.00 ns
Instruction        2582: 212550.00 ns
